[00:04:41] [DEV] [[31merror[39m]: [31m[Error]: No enough coins[39m
[00:05:02] [DEV] [[31merror[39m]: [31munhandledRejection: notNull Violation: PostImage.postId cannot be null[39m
[31mSequelizeValidationError: notNull Violation: PostImage.postId cannot be null[39m
[31m    at InstanceValidator._validate (C:\Users\fptshop\Workspace\SNS-Deepfake\server\node_modules\sequelize\lib\instance-validator.js:50:13)[39m
[31m    at process.processTicksAndRejections (node:internal/process/task_queues:95:5)[39m
[31m    at async InstanceValidator._validateAndRunHooks (C:\Users\fptshop\Workspace\SNS-Deepfake\server\node_modules\sequelize\lib\instance-validator.js:60:7)[39m
[31m    at async InstanceValidator.validate (C:\Users\fptshop\Workspace\SNS-Deepfake\server\node_modules\sequelize\lib\instance-validator.js:54:12)[39m
[31m    at async model.save (C:\Users\fptshop\Workspace\SNS-Deepfake\server\node_modules\sequelize\lib\model.js:2426:7)[39m
[31m    at async PostImage.create (C:\Users\fptshop\Workspace\SNS-Deepfake\server\node_modules\sequelize\lib\model.js:1362:12)[39m
[00:05:02] [DEV] [[31merror[39m]: [31munhandledRejection: notNull Violation: PostVideo.postId cannot be null[39m
[31mSequelizeValidationError: notNull Violation: PostVideo.postId cannot be null[39m
[31m    at InstanceValidator._validate (C:\Users\fptshop\Workspace\SNS-Deepfake\server\node_modules\sequelize\lib\instance-validator.js:50:13)[39m
[31m    at process.processTicksAndRejections (node:internal/process/task_queues:95:5)[39m
[31m    at async InstanceValidator._validateAndRunHooks (C:\Users\fptshop\Workspace\SNS-Deepfake\server\node_modules\sequelize\lib\instance-validator.js:60:7)[39m
[31m    at async InstanceValidator.validate (C:\Users\fptshop\Workspace\SNS-Deepfake\server\node_modules\sequelize\lib\instance-validator.js:54:12)[39m
[31m    at async model.save (C:\Users\fptshop\Workspace\SNS-Deepfake\server\node_modules\sequelize\lib\model.js:2426:7)[39m
[31m    at async PostVideo.create (C:\Users\fptshop\Workspace\SNS-Deepfake\server\node_modules\sequelize\lib\model.js:1362:12)[39m
[00:09:01] [DEV] [[31merror[39m]: [31munhandledRejection: notNull Violation: PostImage.postId cannot be null[39m
[31mSequelizeValidationError: notNull Violation: PostImage.postId cannot be null[39m
[31m    at InstanceValidator._validate (C:\Users\fptshop\Workspace\SNS-Deepfake\server\node_modules\sequelize\lib\instance-validator.js:50:13)[39m
[31m    at process.processTicksAndRejections (node:internal/process/task_queues:95:5)[39m
[31m    at async InstanceValidator._validateAndRunHooks (C:\Users\fptshop\Workspace\SNS-Deepfake\server\node_modules\sequelize\lib\instance-validator.js:60:7)[39m
[31m    at async InstanceValidator.validate (C:\Users\fptshop\Workspace\SNS-Deepfake\server\node_modules\sequelize\lib\instance-validator.js:54:12)[39m
[31m    at async model.save (C:\Users\fptshop\Workspace\SNS-Deepfake\server\node_modules\sequelize\lib\model.js:2426:7)[39m
[31m    at async PostImage.create (C:\Users\fptshop\Workspace\SNS-Deepfake\server\node_modules\sequelize\lib\model.js:1362:12)[39m
[00:09:01] [DEV] [[31merror[39m]: [31munhandledRejection: notNull Violation: PostVideo.postId cannot be null[39m
[31mSequelizeValidationError: notNull Violation: PostVideo.postId cannot be null[39m
[31m    at InstanceValidator._validate (C:\Users\fptshop\Workspace\SNS-Deepfake\server\node_modules\sequelize\lib\instance-validator.js:50:13)[39m
[31m    at process.processTicksAndRejections (node:internal/process/task_queues:95:5)[39m
[31m    at async InstanceValidator._validateAndRunHooks (C:\Users\fptshop\Workspace\SNS-Deepfake\server\node_modules\sequelize\lib\instance-validator.js:60:7)[39m
[31m    at async InstanceValidator.validate (C:\Users\fptshop\Workspace\SNS-Deepfake\server\node_modules\sequelize\lib\instance-validator.js:54:12)[39m
[31m    at async model.save (C:\Users\fptshop\Workspace\SNS-Deepfake\server\node_modules\sequelize\lib\model.js:2426:7)[39m
[31m    at async PostVideo.create (C:\Users\fptshop\Workspace\SNS-Deepfake\server\node_modules\sequelize\lib\model.js:1362:12)[39m
[00:12:23] [DEV] [[31merror[39m]: [31m[SequelizeValidationError]: notNull Violation: PostHistory.oldPostId cannot be null[39m
[00:12:23] [DEV] [[31merror[39m]: [31munhandledRejection: Validation error[39m
[31mError[39m
[31m    at Query.run (C:\Users\fptshop\Workspace\SNS-Deepfake\server\node_modules\sequelize\lib\dialects\postgres\query.js:50:25)[39m
[31m    at C:\Users\fptshop\Workspace\SNS-Deepfake\server\node_modules\sequelize\lib\sequelize.js:315:28[39m
[31m    at process.processTicksAndRejections (node:internal/process/task_queues:95:5)[39m
[31m    at async PostgresQueryInterface.insert (C:\Users\fptshop\Workspace\SNS-Deepfake\server\node_modules\sequelize\lib\dialects\abstract\query-interface.js:308:21)[39m
[31m    at async model.save (C:\Users\fptshop\Workspace\SNS-Deepfake\server\node_modules\sequelize\lib\model.js:2490:35)[39m
[31m    at async Post.create (C:\Users\fptshop\Workspace\SNS-Deepfake\server\node_modules\sequelize\lib\model.js:1362:12)[39m
[00:16:02] [DEV] [[31merror[39m]: [31m[SequelizeValidationError]: notNull Violation: Report.postId cannot be null,[39m
[31mnotNull Violation: Report.subject cannot be null,[39m
[31mnotNull Violation: Report.details cannot be null[39m
[00:16:57] [DEV] [[31merror[39m]: [31m[SequelizeValidationError]: notNull Violation: Report.subject cannot be null,[39m
[31mnotNull Violation: Report.details cannot be null[39m
[00:21:22] [DEV] [[31merror[39m]: [31m[Error]: No enough information![39m
[00:22:29] [DEV] [[31merror[39m]: [31m[SequelizeValidationError]: "Chơi game" is not a valid integer[39m
[00:25:49] [DEV] [[31merror[39m]: [31m[Error]: [39m
[00:27:16] [DEV] [[31merror[39m]: [31m[Error]: [39m
[00:27:23] [DEV] [[31merror[39m]: [31m[Error]: [39m
[00:28:12] [DEV] [[31merror[39m]: [31m[Error]: [39m
[00:28:18] [DEV] [[31merror[39m]: [31m[Error]: [39m
[00:29:52] [DEV] [[31merror[39m]: [31m[Error]: [39m
[00:29:58] [DEV] [[31merror[39m]: [31m[Error]: [39m
[00:31:00] [DEV] [[31merror[39m]: [31m[Error]: Unable to find a valid association for model, 'PostView'[39m
[00:32:39] [DEV] [[31merror[39m]: [31m[Error]: Unknown structure passed to order / group: { nulls: 'FIRST' }[39m
[00:33:09] [DEV] [[31merror[39m]: [31m[Error]: Invalid value { count: '4' }[39m
[00:33:27] [DEV] [[31merror[39m]: [31m[Error]: Invalid value { count: '1' }[39m
[00:39:21] [DEV] [[31merror[39m]: [31m[Error]: WHERE parameter "userId" has invalid "undefined" value[39m
[00:39:56] [DEV] [[31merror[39m]: [31m[Error]: WHERE parameter "userId" has invalid "undefined" value[39m
[00:41:10] [DEV] [[31merror[39m]: [31m[SequelizeForeignKeyConstraintError]: insert or update on table "PostViews" violates foreign key constraint "PostViews_postId_fkey"[39m
[00:43:52] [DEV] [[31merror[39m]: [31m[SequelizeUniqueConstraintError]: Validation error[39m
[00:45:32] [DEV] [[31merror[39m]: [31m[SequelizeUniqueConstraintError]: Validation error[39m
[00:45:34] [DEV] [[31merror[39m]: [31m[SequelizeUniqueConstraintError]: Validation error[39m
[00:46:13] [DEV] [[31merror[39m]: [31m[SequelizeUniqueConstraintError]: Validation error[39m
[00:46:18] [DEV] [[31merror[39m]: [31m[SequelizeUniqueConstraintError]: Validation error[39m
[00:47:48] [DEV] [[31merror[39m]: [31m[SequelizeUniqueConstraintError]: Validation error[39m
[00:47:58] [DEV] [[31merror[39m]: [31m[SequelizeUniqueConstraintError]: Validation error[39m
[00:49:10] [DEV] [[31merror[39m]: [31m[SequelizeForeignKeyConstraintError]: insert or update on table "PostViews" violates foreign key constraint "PostViews_postId_fkey"[39m
[00:49:27] [DEV] [[31merror[39m]: [31m[SequelizeForeignKeyConstraintError]: insert or update on table "PostViews" violates foreign key constraint "PostViews_postId_fkey"[39m
[00:52:30] [DEV] [[31merror[39m]: [31m[SequelizeForeignKeyConstraintError]: insert or update on table "PostViews" violates foreign key constraint "PostViews_postId_fkey"[39m
[00:53:07] [DEV] [[31merror[39m]: [31m[SequelizeForeignKeyConstraintError]: insert or update on table "PostViews" violates foreign key constraint "PostViews_postId_fkey"[39m
[00:54:05] [DEV] [[31merror[39m]: [31m[SequelizeUniqueConstraintError]: Validation error[39m
[09:29:01] [DEV] [[31merror[39m]: [31m[SequelizeDatabaseError]: column "histories.id" must appear in the GROUP BY clause or be used in an aggregate function[39m
[09:33:04] [DEV] [[31merror[39m]: [31munhandledRejection: notNull Violation: PostVideo.postId cannot be null[39m
[31mSequelizeValidationError: notNull Violation: PostVideo.postId cannot be null[39m
[31m    at InstanceValidator._validate (C:\Users\fptshop\Workspace\SNS-Deepfake\server\node_modules\sequelize\lib\instance-validator.js:50:13)[39m
[31m    at process.processTicksAndRejections (node:internal/process/task_queues:95:5)[39m
[31m    at async InstanceValidator._validateAndRunHooks (C:\Users\fptshop\Workspace\SNS-Deepfake\server\node_modules\sequelize\lib\instance-validator.js:60:7)[39m
[31m    at async InstanceValidator.validate (C:\Users\fptshop\Workspace\SNS-Deepfake\server\node_modules\sequelize\lib\instance-validator.js:54:12)[39m
[31m    at async model.save (C:\Users\fptshop\Workspace\SNS-Deepfake\server\node_modules\sequelize\lib\model.js:2426:7)[39m
[31m    at async PostVideo.create (C:\Users\fptshop\Workspace\SNS-Deepfake\server\node_modules\sequelize\lib\model.js:1362:12)[39m
[09:37:37] [DEV] [[31merror[39m]: [31m[SequelizeUniqueConstraintError]: Validation error[39m
[09:40:19] [DEV] [[31merror[39m]: [31m[SequelizeUniqueConstraintError]: Validation error[39m
[09:40:20] [DEV] [[31merror[39m]: [31m[SequelizeUniqueConstraintError]: Validation error[39m
[09:44:36] [DEV] [[31merror[39m]: [31m[TypeError]: Cannot read properties of undefined (reading 'getTableName')[39m
[13:48:49] [DEV] [[31merror[39m]: [31m[Error]: Route Not Found[39m
[13:49:21] [DEV] [[31merror[39m]: [31m[Error]: Route Not Found[39m
[13:49:27] [DEV] [[31merror[39m]: [31m[Error]: Route Not Found[39m
[13:49:45] [DEV] [[31merror[39m]: [31m[SequelizeEagerLoadingError]: User is not associated to User![39m
[13:50:56] [DEV] [[31merror[39m]: [31m[SequelizeDatabaseError]: missing FROM-clause entry for table "author->blocked"[39m
[13:51:51] [DEV] [[31merror[39m]: [31m[SequelizeDatabaseError]: missing FROM-clause entry for table "author->blocked"[39m
[13:53:07] [DEV] [[31merror[39m]: [31m[SequelizeDatabaseError]: missing FROM-clause entry for table "author->blocked"[39m
[13:53:09] [DEV] [[31merror[39m]: [31m[SequelizeDatabaseError]: missing FROM-clause entry for table "author->blocked"[39m
[13:55:14] [DEV] [[31merror[39m]: [31m[SequelizeDatabaseError]: missing FROM-clause entry for table "author->blocked"[39m
[13:55:18] [DEV] [[31merror[39m]: [31m[SequelizeDatabaseError]: missing FROM-clause entry for table "author->blocked"[39m
[13:59:28] [DEV] [[31merror[39m]: [31m[SequelizeDatabaseError]: missing FROM-clause entry for table "post"[39m
[13:59:30] [DEV] [[31merror[39m]: [31m[SequelizeDatabaseError]: missing FROM-clause entry for table "post"[39m
[14:00:04] [DEV] [[31merror[39m]: [31m[SequelizeDatabaseError]: missing FROM-clause entry for table "post"[39m
[14:01:49] [DEV] [[31merror[39m]: [31m[SequelizeDatabaseError]: missing FROM-clause entry for table "post"[39m
[14:04:53] [DEV] [[31merror[39m]: [31m[SequelizeDatabaseError]: missing FROM-clause entry for table "post"[39m
[14:04:54] [DEV] [[31merror[39m]: [31m[SequelizeDatabaseError]: missing FROM-clause entry for table "post"[39m
[14:04:55] [DEV] [[31merror[39m]: [31m[SequelizeDatabaseError]: missing FROM-clause entry for table "post"[39m
[14:05:19] [DEV] [[31merror[39m]: [31m[SequelizeDatabaseError]: missing FROM-clause entry for table "post"[39m
[14:11:41] [DEV] [[31merror[39m]: [31m[SequelizeDatabaseError]: missing FROM-clause entry for table "author->blocked"[39m
[15:44:23] [DEV] [[31merror[39m]: [31m[Error]: Route Not Found[39m
[15:44:33] [DEV] [[31merror[39m]: [31m[Error]: Route Not Found[39m
[15:47:52] [DEV] [[31merror[39m]: [31m[Error]: [39m
[15:47:58] [DEV] [[31merror[39m]: [31m[Error]: [39m
[15:48:52] [DEV] [[31merror[39m]: [31m[Error]: [39m
[15:49:51] [DEV] [[31merror[39m]: [31m[Error]: [39m
[15:49:57] [DEV] [[31merror[39m]: [31m[Error]: [39m
[15:50:09] [DEV] [[31merror[39m]: [31m[Error]: [39m
[15:50:47] [DEV] [[31merror[39m]: [31m[Error]: [39m
[15:51:04] [DEV] [[31merror[39m]: [31m[SequelizeEagerLoadingError]: User is not associated to Block![39m
[15:56:35] [DEV] [[31merror[39m]: [31m[Error]: Route Not Found[39m
[15:57:09] [DEV] [[31merror[39m]: [31m[SequelizeValidationError]: {"userId":"2"} is not a valid integer[39m
[15:58:47] [DEV] [[31merror[39m]: [31m[SequelizeValidationError]: {"userId":"2"} is not a valid integer[39m
[15:59:21] [DEV] [[31merror[39m]: [31m[Error]: WHERE parameter "id" has invalid "undefined" value[39m
[16:01:53] [DEV] [[31merror[39m]: [31m[Error]: WHERE parameter "id" has invalid "undefined" value[39m
[16:02:02] [DEV] [[31merror[39m]: [31m[Error]: WHERE parameter "id" has invalid "undefined" value[39m
[16:03:46] [DEV] [[31merror[39m]: [31m[TypeError]: User.find is not a function[39m
[16:05:08] [DEV] [[31merror[39m]: [31m[Error]: WHERE parameter "id" has invalid "undefined" value[39m
[16:05:50] [DEV] [[31merror[39m]: [31m[SequelizeUniqueConstraintError]: Validation error[39m
[16:06:01] [DEV] [[31merror[39m]: [31m[SequelizeUniqueConstraintError]: Validation error[39m
[16:06:51] [DEV] [[31merror[39m]: [31m[SequelizeUniqueConstraintError]: Validation error[39m
[16:07:56] [DEV] [[31merror[39m]: [31m[Error]: [39m
[16:09:43] [DEV] [[31merror[39m]: [31m[Error]: Can not block![39m
[16:09:52] [DEV] [[31merror[39m]: [31m[SequelizeUniqueConstraintError]: Validation error[39m
[16:13:04] [DEV] [[31merror[39m]: [31m[Error]: WHERE parameter "userId" has invalid "undefined" value[39m
