[00:00:05] [DEV] [[35mhttp[39m]: [35m::1 GET /api/v1/post/get_list_posts 200 - - 1401.566 ms[39m
[35m[39m
[00:00:30] [DEV] [[35mhttp[39m]: [35m::1 GET /api/v1/post/get_list_posts 200 - - 1308.097 ms[39m
[35m[39m
[00:04:41] [DEV] [[35mhttp[39m]: [35m::1 PUT /api/v1/post/edit_post/54 400 55 - 576.752 ms[39m
[35m[39m
[00:05:02] [DEV] [[31merror[39m]: [31munhandledRejection: notNull Violation: PostImage.postId cannot be null[39m
[31mSequelizeValidationError: notNull Violation: PostImage.postId cannot be null[39m
[31m    at InstanceValidator._validate (C:\Users\fptshop\Workspace\SNS-Deepfake\server\node_modules\sequelize\lib\instance-validator.js:50:13)[39m
[31m    at process.processTicksAndRejections (node:internal/process/task_queues:95:5)[39m
[31m    at async InstanceValidator._validateAndRunHooks (C:\Users\fptshop\Workspace\SNS-Deepfake\server\node_modules\sequelize\lib\instance-validator.js:60:7)[39m
[31m    at async InstanceValidator.validate (C:\Users\fptshop\Workspace\SNS-Deepfake\server\node_modules\sequelize\lib\instance-validator.js:54:12)[39m
[31m    at async model.save (C:\Users\fptshop\Workspace\SNS-Deepfake\server\node_modules\sequelize\lib\model.js:2426:7)[39m
[31m    at async PostImage.create (C:\Users\fptshop\Workspace\SNS-Deepfake\server\node_modules\sequelize\lib\model.js:1362:12)[39m
[00:05:02] [DEV] [[31merror[39m]: [31munhandledRejection: notNull Violation: PostVideo.postId cannot be null[39m
[31mSequelizeValidationError: notNull Violation: PostVideo.postId cannot be null[39m
[31m    at InstanceValidator._validate (C:\Users\fptshop\Workspace\SNS-Deepfake\server\node_modules\sequelize\lib\instance-validator.js:50:13)[39m
[31m    at process.processTicksAndRejections (node:internal/process/task_queues:95:5)[39m
[31m    at async InstanceValidator._validateAndRunHooks (C:\Users\fptshop\Workspace\SNS-Deepfake\server\node_modules\sequelize\lib\instance-validator.js:60:7)[39m
[31m    at async InstanceValidator.validate (C:\Users\fptshop\Workspace\SNS-Deepfake\server\node_modules\sequelize\lib\instance-validator.js:54:12)[39m
[31m    at async model.save (C:\Users\fptshop\Workspace\SNS-Deepfake\server\node_modules\sequelize\lib\model.js:2426:7)[39m
[31m    at async PostVideo.create (C:\Users\fptshop\Workspace\SNS-Deepfake\server\node_modules\sequelize\lib\model.js:1362:12)[39m
[00:05:02] [DEV] [[35mhttp[39m]: [35m::1 PUT /api/v1/post/edit_post/54 200 52 - 1058.846 ms[39m
[35m[39m
[00:09:01] [DEV] [[31merror[39m]: [31munhandledRejection: notNull Violation: PostImage.postId cannot be null[39m
[31mSequelizeValidationError: notNull Violation: PostImage.postId cannot be null[39m
[31m    at InstanceValidator._validate (C:\Users\fptshop\Workspace\SNS-Deepfake\server\node_modules\sequelize\lib\instance-validator.js:50:13)[39m
[31m    at process.processTicksAndRejections (node:internal/process/task_queues:95:5)[39m
[31m    at async InstanceValidator._validateAndRunHooks (C:\Users\fptshop\Workspace\SNS-Deepfake\server\node_modules\sequelize\lib\instance-validator.js:60:7)[39m
[31m    at async InstanceValidator.validate (C:\Users\fptshop\Workspace\SNS-Deepfake\server\node_modules\sequelize\lib\instance-validator.js:54:12)[39m
[31m    at async model.save (C:\Users\fptshop\Workspace\SNS-Deepfake\server\node_modules\sequelize\lib\model.js:2426:7)[39m
[31m    at async PostImage.create (C:\Users\fptshop\Workspace\SNS-Deepfake\server\node_modules\sequelize\lib\model.js:1362:12)[39m
[00:09:01] [DEV] [[31merror[39m]: [31munhandledRejection: notNull Violation: PostVideo.postId cannot be null[39m
[31mSequelizeValidationError: notNull Violation: PostVideo.postId cannot be null[39m
[31m    at InstanceValidator._validate (C:\Users\fptshop\Workspace\SNS-Deepfake\server\node_modules\sequelize\lib\instance-validator.js:50:13)[39m
[31m    at process.processTicksAndRejections (node:internal/process/task_queues:95:5)[39m
[31m    at async InstanceValidator._validateAndRunHooks (C:\Users\fptshop\Workspace\SNS-Deepfake\server\node_modules\sequelize\lib\instance-validator.js:60:7)[39m
[31m    at async InstanceValidator.validate (C:\Users\fptshop\Workspace\SNS-Deepfake\server\node_modules\sequelize\lib\instance-validator.js:54:12)[39m
[31m    at async model.save (C:\Users\fptshop\Workspace\SNS-Deepfake\server\node_modules\sequelize\lib\model.js:2426:7)[39m
[31m    at async PostVideo.create (C:\Users\fptshop\Workspace\SNS-Deepfake\server\node_modules\sequelize\lib\model.js:1362:12)[39m
[00:09:01] [DEV] [[35mhttp[39m]: [35m::1 PUT /api/v1/post/edit_post/54 200 52 - 1486.804 ms[39m
[35m[39m
[00:12:23] [DEV] [[35mhttp[39m]: [35m::1 PUT /api/v1/post/edit_post/55 400 76 - 1370.029 ms[39m
[35m[39m
[00:12:23] [DEV] [[31merror[39m]: [31munhandledRejection: Validation error[39m
[31mError[39m
[31m    at Query.run (C:\Users\fptshop\Workspace\SNS-Deepfake\server\node_modules\sequelize\lib\dialects\postgres\query.js:50:25)[39m
[31m    at C:\Users\fptshop\Workspace\SNS-Deepfake\server\node_modules\sequelize\lib\sequelize.js:315:28[39m
[31m    at process.processTicksAndRejections (node:internal/process/task_queues:95:5)[39m
[31m    at async PostgresQueryInterface.insert (C:\Users\fptshop\Workspace\SNS-Deepfake\server\node_modules\sequelize\lib\dialects\abstract\query-interface.js:308:21)[39m
[31m    at async model.save (C:\Users\fptshop\Workspace\SNS-Deepfake\server\node_modules\sequelize\lib\model.js:2490:35)[39m
[31m    at async Post.create (C:\Users\fptshop\Workspace\SNS-Deepfake\server\node_modules\sequelize\lib\model.js:1362:12)[39m
[00:13:26] [DEV] [[35mhttp[39m]: [35m::1 PUT /api/v1/post/edit_post/55 200 52 - 883.731 ms[39m
[35m[39m
[00:16:02] [DEV] [[35mhttp[39m]: [35m::1 POST /api/v1/post/report_post/38 400 68 - 853.799 ms[39m
[35m[39m
[00:16:57] [DEV] [[35mhttp[39m]: [35m::1 POST /api/v1/post/report_post/38 400 69 - 607.248 ms[39m
[35m[39m
[00:21:22] [DEV] [[35mhttp[39m]: [35m::1 POST /api/v1/post/report_post/38 400 62 - 607.833 ms[39m
[35m[39m
[00:22:29] [DEV] [[35mhttp[39m]: [35m::1 POST /api/v1/post/report_post/38 400 77 - 699.809 ms[39m
[35m[39m
[00:23:43] [DEV] [[35mhttp[39m]: [35m::1 POST /api/v1/post/report_post/38 200 230 - 285.437 ms[39m
[35m[39m
[00:25:49] [DEV] [[35mhttp[39m]: [35m::1 GET /api/v1/post/get_new_posts 404 41 - 35.029 ms[39m
[35m[39m
[00:27:16] [DEV] [[35mhttp[39m]: [35m::1 GET /api/v1/post/get_new_posts 404 41 - 59.216 ms[39m
[35m[39m
[00:27:23] [DEV] [[35mhttp[39m]: [35m::1 GET /api/v1/post/get_new_posts 404 41 - 27.328 ms[39m
[35m[39m
[00:28:12] [DEV] [[35mhttp[39m]: [35m::1 GET /api/v1/post/get_new_posts 404 41 - 66.866 ms[39m
[35m[39m
[00:28:18] [DEV] [[35mhttp[39m]: [35m::1 GET /api/v1/post/get_new_posts 404 41 - 19.589 ms[39m
[35m[39m
[00:29:52] [DEV] [[35mhttp[39m]: [35m::1 GET /api/v1/post/get_new_posts 404 41 - 67.071 ms[39m
[35m[39m
[00:29:58] [DEV] [[35mhttp[39m]: [35m::1 GET /api/v1/post/get_new_posts 404 41 - 26.841 ms[39m
[35m[39m
[00:31:00] [DEV] [[35mhttp[39m]: [35m::1 GET /api/v1/post/get_new_posts 500 96 - 1128.649 ms[39m
[35m[39m
[00:32:39] [DEV] [[35mhttp[39m]: [35m::1 GET /api/v1/post/get_new_posts 500 101 - 284.685 ms[39m
[35m[39m
[00:33:09] [DEV] [[35mhttp[39m]: [35m::1 GET /api/v1/post/get_new_posts 500 68 - 173.992 ms[39m
[35m[39m
[00:33:27] [DEV] [[35mhttp[39m]: [35m::1 GET /api/v1/post/get_new_posts 500 68 - 741.133 ms[39m
[35m[39m
[00:37:40] [DEV] [[35mhttp[39m]: [35m::1 POST /api/v1/post/set_viewes_post/50 404 170 - 2.982 ms[39m
[35m[39m
[00:38:28] [DEV] [[35mhttp[39m]: [35m::1 POST /api/v1/post/set_viewes_post/50 404 170 - 12.754 ms[39m
[35m[39m
[00:39:02] [DEV] [[35mhttp[39m]: [35m::1 POST /api/v1/post/set_viewes_post/50 404 170 - 18.111 ms[39m
[35m[39m
[00:39:13] [DEV] [[35mhttp[39m]: [35m::1 POST /api/v1/post/set_viewes_post/42 404 170 - 2.308 ms[39m
[35m[39m
[00:39:21] [DEV] [[35mhttp[39m]: [35m::1 POST /api/v1/post/set_viewed_post/42 500 98 - 35.227 ms[39m
[35m[39m
[00:39:56] [DEV] [[35mhttp[39m]: [35m::1 POST /api/v1/post/set_viewed_post/42 500 98 - 15.856 ms[39m
[35m[39m
[00:41:10] [DEV] [[35mhttp[39m]: [35m::1 POST /api/v1/post/set_viewed_post/42 500 137 - 355.707 ms[39m
[35m[39m
[00:43:52] [DEV] [[35mhttp[39m]: [35m::1 POST /api/v1/post/set_viewed_post/42 500 56 - 612.115 ms[39m
[35m[39m
[00:45:32] [DEV] [[35mhttp[39m]: [35m::1 POST /api/v1/post/set_viewed_post/42 500 56 - 786.455 ms[39m
[35m[39m
[00:45:34] [DEV] [[35mhttp[39m]: [35m::1 POST /api/v1/post/set_viewed_post/42 500 56 - 243.007 ms[39m
[35m[39m
[00:46:14] [DEV] [[35mhttp[39m]: [35m::1 POST /api/v1/post/set_viewed_post/42 500 56 - 1020.852 ms[39m
[35m[39m
[00:46:18] [DEV] [[35mhttp[39m]: [35m::1 POST /api/v1/post/set_viewed_post/42 500 56 - 286.911 ms[39m
[35m[39m
[00:47:48] [DEV] [[35mhttp[39m]: [35m::1 POST /api/v1/post/set_viewed_post/42 500 56 - 2767.904 ms[39m
[35m[39m
[00:47:59] [DEV] [[35mhttp[39m]: [35m::1 POST /api/v1/post/set_viewed_post/42 500 56 - 383.193 ms[39m
[35m[39m
[00:49:10] [DEV] [[35mhttp[39m]: [35m::1 POST /api/v1/post/set_viewed_post/42 500 137 - 760.581 ms[39m
[35m[39m
[00:49:27] [DEV] [[35mhttp[39m]: [35m::1 POST /api/v1/post/set_viewed_post/42 500 137 - 477.079 ms[39m
[35m[39m
[00:52:30] [DEV] [[35mhttp[39m]: [35m::1 POST /api/v1/post/set_viewed_post/42 500 137 - 1249.921 ms[39m
[35m[39m
[00:53:07] [DEV] [[35mhttp[39m]: [35m::1 POST /api/v1/post/set_viewed_post/42 500 137 - 707.176 ms[39m
[35m[39m
[00:54:05] [DEV] [[35mhttp[39m]: [35m::1 POST /api/v1/post/set_viewed_post/42 500 56 - 914.601 ms[39m
[35m[39m
[09:29:01] [DEV] [[35mhttp[39m]: [35m::1 GET /api/v1/post/get_post/52 500 134 - 665.850 ms[39m
[35m[39m
[09:29:44] [DEV] [[35mhttp[39m]: [35m::1 GET /api/v1/post/get_post/52 200 - - 193.343 ms[39m
[35m[39m
[09:31:14] [DEV] [[35mhttp[39m]: [35m::1 GET /api/v1/post/get_post/52 200 - - 202.293 ms[39m
[35m[39m
[09:31:17] [DEV] [[35mhttp[39m]: [35m::1 GET /api/v1/post/get_post/52 200 - - 166.169 ms[39m
[35m[39m
[09:32:18] [DEV] [[35mhttp[39m]: [35m::1 GET /api/v1/post/get_list_posts 200 - - 809.577 ms[39m
[35m[39m
[09:33:04] [DEV] [[31merror[39m]: [31munhandledRejection: notNull Violation: PostVideo.postId cannot be null[39m
[31mSequelizeValidationError: notNull Violation: PostVideo.postId cannot be null[39m
[31m    at InstanceValidator._validate (C:\Users\fptshop\Workspace\SNS-Deepfake\server\node_modules\sequelize\lib\instance-validator.js:50:13)[39m
[31m    at process.processTicksAndRejections (node:internal/process/task_queues:95:5)[39m
[31m    at async InstanceValidator._validateAndRunHooks (C:\Users\fptshop\Workspace\SNS-Deepfake\server\node_modules\sequelize\lib\instance-validator.js:60:7)[39m
[31m    at async InstanceValidator.validate (C:\Users\fptshop\Workspace\SNS-Deepfake\server\node_modules\sequelize\lib\instance-validator.js:54:12)[39m
[31m    at async model.save (C:\Users\fptshop\Workspace\SNS-Deepfake\server\node_modules\sequelize\lib\model.js:2426:7)[39m
[31m    at async PostVideo.create (C:\Users\fptshop\Workspace\SNS-Deepfake\server\node_modules\sequelize\lib\model.js:1362:12)[39m
[09:33:05] [DEV] [[35mhttp[39m]: [35m::1 PUT /api/v1/post/edit_post/55 200 51 - 941.814 ms[39m
[35m[39m
[09:35:17] [DEV] [[35mhttp[39m]: [35m::1 POST /api/v1/post/report_post/38 200 230 - 790.636 ms[39m
[35m[39m
[09:37:37] [DEV] [[35mhttp[39m]: [35m::1 POST /api/v1/post/set_viewed_post/42 500 56 - 998.522 ms[39m
[35m[39m
[09:40:19] [DEV] [[35mhttp[39m]: [35m::1 POST /api/v1/post/set_viewed_post/42 500 56 - 711.338 ms[39m
[35m[39m
[09:40:20] [DEV] [[35mhttp[39m]: [35m::1 POST /api/v1/post/set_viewed_post/42 500 56 - 187.652 ms[39m
[35m[39m
[09:40:58] [DEV] [[35mhttp[39m]: [35m::1 POST /api/v1/post/set_viewed_post/48 200 42 - 854.245 ms[39m
[35m[39m
[09:44:36] [DEV] [[35mhttp[39m]: [35m::1 GET /api/v1/post/get_post/52 500 100 - 51.478 ms[39m
[35m[39m
[10:48:54] [DEV] [[35mhttp[39m]: [35m::1 GET /api/v1/post/get_post/52 200 - - 949.515 ms[39m
[35m[39m
[10:49:57] [DEV] [[35mhttp[39m]: [35m::1 GET /api/v1/post/get_post/52 200 - - 244.778 ms[39m
[35m[39m
[10:50:27] [DEV] [[35mhttp[39m]: [35m::1 GET /api/v1/post/get_post/52 200 - - 772.676 ms[39m
[35m[39m
[13:48:49] [DEV] [[35mhttp[39m]: [35m::1 GET /api/v1/post/get_list_videos 404 55 - 332.675 ms[39m
[35m[39m
[13:49:21] [DEV] [[35mhttp[39m]: [35m::1 GET /api/v1/post/get_list_videos 404 55 - 304.991 ms[39m
[35m[39m
[13:49:27] [DEV] [[35mhttp[39m]: [35m::1 GET /api/v1/post/get_list_videos 404 55 - 211.891 ms[39m
[35m[39m
[13:49:45] [DEV] [[35mhttp[39m]: [35m::1 GET /api/v1/post/get_list_videos 500 71 - 701.138 ms[39m
[35m[39m
[13:50:56] [DEV] [[35mhttp[39m]: [35m::1 GET /api/v1/post/get_list_videos 500 95 - 834.771 ms[39m
[35m[39m
[13:51:51] [DEV] [[35mhttp[39m]: [35m::1 GET /api/v1/post/get_list_videos 500 95 - 599.385 ms[39m
[35m[39m
[13:53:07] [DEV] [[35mhttp[39m]: [35m::1 GET /api/v1/post/get_list_videos 500 95 - 249.703 ms[39m
[35m[39m
[13:53:09] [DEV] [[35mhttp[39m]: [35m::1 GET /api/v1/post/get_list_videos 500 95 - 198.225 ms[39m
[35m[39m
[13:55:14] [DEV] [[35mhttp[39m]: [35m::1 GET /api/v1/post/get_list_videos 500 95 - 408.694 ms[39m
[35m[39m
[13:55:18] [DEV] [[35mhttp[39m]: [35m::1 GET /api/v1/post/get_list_videos 500 95 - 192.832 ms[39m
[35m[39m
[13:59:28] [DEV] [[35mhttp[39m]: [35m::1 GET /api/v1/post/get_list_videos 500 84 - 283.530 ms[39m
[35m[39m
[13:59:30] [DEV] [[35mhttp[39m]: [35m::1 GET /api/v1/post/get_list_videos 500 84 - 167.008 ms[39m
[35m[39m
[14:00:04] [DEV] [[35mhttp[39m]: [35m::1 GET /api/v1/post/get_list_videos 500 84 - 557.275 ms[39m
[35m[39m
[14:01:49] [DEV] [[35mhttp[39m]: [35m::1 GET /api/v1/post/get_list_videos 500 84 - 839.485 ms[39m
[35m[39m
[14:04:53] [DEV] [[35mhttp[39m]: [35m::1 GET /api/v1/post/get_list_videos 500 84 - 174.595 ms[39m
[35m[39m
[14:04:54] [DEV] [[35mhttp[39m]: [35m::1 GET /api/v1/post/get_list_videos 500 84 - 131.384 ms[39m
[35m[39m
[14:04:55] [DEV] [[35mhttp[39m]: [35m::1 GET /api/v1/post/get_list_videos 500 84 - 123.428 ms[39m
[35m[39m
[14:05:19] [DEV] [[35mhttp[39m]: [35m::1 GET /api/v1/post/get_list_videos 500 84 - 713.592 ms[39m
[35m[39m
[14:06:54] [DEV] [[35mhttp[39m]: [35m::1 GET /api/v1/post/get_list_videos 200 593 - 282.602 ms[39m
[35m[39m
[14:10:43] [DEV] [[35mhttp[39m]: [35m::1 GET /api/v1/post/get_list_videos 200 593 - 248.730 ms[39m
[35m[39m
[14:11:41] [DEV] [[35mhttp[39m]: [35m::1 GET /api/v1/post/get_list_videos 500 95 - 747.275 ms[39m
[35m[39m
[14:11:59] [DEV] [[35mhttp[39m]: [35m::1 GET /api/v1/post/get_list_videos 200 593 - 335.459 ms[39m
[35m[39m
[15:44:23] [DEV] [[35mhttp[39m]: [35m::1 GET /api/v1/post/get_list_blocks 404 55 - 150.774 ms[39m
[35m[39m
[15:44:33] [DEV] [[35mhttp[39m]: [35m::1 GET /api/v1/block/get_list_blocks 404 55 - 139.280 ms[39m
[35m[39m
[15:47:52] [DEV] [[35mhttp[39m]: [35m::1 GET /api/v1/block/get_list_blocks 404 41 - 25.927 ms[39m
[35m[39m
[15:47:58] [DEV] [[35mhttp[39m]: [35m::1 GET /api/v1/block/get_list_blocks 404 41 - 20.406 ms[39m
[35m[39m
[15:48:53] [DEV] [[35mhttp[39m]: [35m::1 GET /api/v1/block/get_list_blocks 404 41 - 26.562 ms[39m
[35m[39m
[15:49:51] [DEV] [[35mhttp[39m]: [35m::1 GET /api/v1/block/get_list_blocks 404 41 - 24.175 ms[39m
[35m[39m
[15:49:57] [DEV] [[35mhttp[39m]: [35m::1 GET /api/v1/block/get_list_blocks 404 41 - 17.060 ms[39m
[35m[39m
[15:50:09] [DEV] [[35mhttp[39m]: [35m::1 GET /api/v1/block/get_list_blocks 404 41 - 13.460 ms[39m
[35m[39m
[15:50:47] [DEV] [[35mhttp[39m]: [35m::1 GET /api/v1/block/get_list_blocks 404 41 - 26.589 ms[39m
[35m[39m
[15:51:04] [DEV] [[35mhttp[39m]: [35m::1 GET /api/v1/block/get_list_blocks 500 72 - 29.260 ms[39m
[35m[39m
[15:53:45] [DEV] [[35mhttp[39m]: [35m::1 GET /api/v1/block/get_list_blocks 200 64 - 96.102 ms[39m
[35m[39m
[15:55:05] [DEV] [[35mhttp[39m]: [35m::1 POST /api/v1/block/get_list_blocks 404 168 - 37.446 ms[39m
[35m[39m
[15:56:35] [DEV] [[35mhttp[39m]: [35m::1 GET /api/v1/block/set_block/2 404 55 - 177.792 ms[39m
[35m[39m
[15:57:09] [DEV] [[35mhttp[39m]: [35m::1 POST /api/v1/block/set_block/2 400 81 - 23.865 ms[39m
[35m[39m
[15:58:47] [DEV] [[35mhttp[39m]: [35m::1 POST /api/v1/block/set_block/2 400 81 - 40.692 ms[39m
[35m[39m
[15:59:21] [DEV] [[35mhttp[39m]: [35m::1 POST /api/v1/block/set_block/2 500 94 - 27.196 ms[39m
[35m[39m
[16:01:53] [DEV] [[35mhttp[39m]: [35m::1 POST /api/v1/block/set_block/2 500 94 - 21.162 ms[39m
[35m[39m
[16:02:02] [DEV] [[35mhttp[39m]: [35m::1 POST /api/v1/block/set_block/2 500 94 - 8.304 ms[39m
[35m[39m
[16:03:46] [DEV] [[35mhttp[39m]: [35m::1 POST /api/v1/block/set_block/2 500 67 - 26.878 ms[39m
[35m[39m
[16:05:08] [DEV] [[35mhttp[39m]: [35m::1 POST /api/v1/block/set_block/2 500 94 - 25.046 ms[39m
[35m[39m
[16:05:50] [DEV] [[35mhttp[39m]: [35m::1 POST /api/v1/block/set_block/2 500 56 - 354.090 ms[39m
[35m[39m
[16:06:01] [DEV] [[35mhttp[39m]: [35m::1 POST /api/v1/block/set_block/2 500 56 - 409.454 ms[39m
[35m[39m
[16:06:51] [DEV] [[35mhttp[39m]: [35m::1 POST /api/v1/block/set_block/2 500 56 - 796.157 ms[39m
[35m[39m
[16:07:56] [DEV] [[35mhttp[39m]: [35m::1 POST /api/v1/block/set_block/1 400 40 - 651.903 ms[39m
[35m[39m
[16:09:43] [DEV] [[35mhttp[39m]: [35m::1 POST /api/v1/block/set_block/1 400 54 - 835.842 ms[39m
[35m[39m
[16:09:52] [DEV] [[35mhttp[39m]: [35m::1 POST /api/v1/block/set_block/2 500 56 - 363.133 ms[39m
[35m[39m
[16:10:12] [DEV] [[35mhttp[39m]: [35m::1 POST /api/v1/block/set_block/2 200 148 - 1376.927 ms[39m
[35m[39m
[16:11:18] [DEV] [[35mhttp[39m]: [35m::1 POST /api/v1/block/unblock/2 404 162 - 2.042 ms[39m
[35m[39m
[16:12:21] [DEV] [[35mhttp[39m]: [35m::1 POST /api/v1/block/unblock/2 404 162 - 10.239 ms[39m
[35m[39m
[16:12:23] [DEV] [[35mhttp[39m]: [35m::1 POST /api/v1/block/unblock/2 404 162 - 1.552 ms[39m
[35m[39m
[16:12:28] [DEV] [[35mhttp[39m]: [35m::1 POST /api/v1/block/unblock/2 404 162 - 1.066 ms[39m
[35m[39m
[16:13:04] [DEV] [[35mhttp[39m]: [35m::1 POST /api/v1/block/unblock/2 500 98 - 33.995 ms[39m
[35m[39m
[16:13:39] [DEV] [[35mhttp[39m]: [35m::1 POST /api/v1/block/unblock/2 200 61 - 214.815 ms[39m
[35m[39m
