[00:00:11] [DEV] [[31merror[39m]: [31m[SequelizeEagerLoadingError]: Comment is not associated to Mark![39m
[00:01:34] [DEV] [[31merror[39m]: [31m[SequelizeEagerLoadingError]: Comment is not associated to Mark![39m
[08:46:18] [DEV] [[31merror[39m]: [31m[SequelizeDatabaseError]: missing FROM-clause entry for table "post"[39m
[08:46:27] [DEV] [[31merror[39m]: [31m[SequelizeDatabaseError]: missing FROM-clause entry for table "post"[39m
[09:02:15] [DEV] [[31merror[39m]: [31m[TypeError]: Cannot read properties of undefined (reading 'map')[39m
[09:04:48] [DEV] [[31merror[39m]: [31m[TypeError]: Cannot read properties of undefined (reading 'map')[39m
[09:04:54] [DEV] [[31merror[39m]: [31m[TypeError]: Cannot read properties of undefined (reading 'map')[39m
[09:06:21] [DEV] [[31merror[39m]: [31m[TypeError]: Cannot read properties of undefined (reading 'map')[39m
[17:33:31] [DEV] [[31merror[39m]: [31m[SequelizeDatabaseError]: missing FROM-clause entry for table "post"[39m
[17:39:35] [DEV] [[31merror[39m]: [31m[SequelizeDatabaseError]: missing FROM-clause entry for table "post"[39m
[17:41:16] [DEV] [[31merror[39m]: [31m[SequelizeDatabaseError]: missing FROM-clause entry for table "post"[39m
[17:41:18] [DEV] [[31merror[39m]: [31m[SequelizeDatabaseError]: missing FROM-clause entry for table "post"[39m
[17:41:30] [DEV] [[31merror[39m]: [31m[TypeError]: Cannot read properties of undefined (reading 'map')[39m
[17:41:36] [DEV] [[31merror[39m]: [31m[TypeError]: Cannot read properties of undefined (reading 'map')[39m
[18:01:58] [DEV] [[31merror[39m]: [31m[SequelizeDatabaseError]: missing FROM-clause entry for table "post"[39m
[18:03:17] [DEV] [[31merror[39m]: [31m[SequelizeDatabaseError]: missing FROM-clause entry for table "post"[39m
[18:06:33] [DEV] [[31merror[39m]: [31m[SequelizeDatabaseError]: missing FROM-clause entry for table "post"[39m
[18:06:36] [DEV] [[31merror[39m]: [31m[SequelizeDatabaseError]: missing FROM-clause entry for table "post"[39m
[18:07:01] [DEV] [[31merror[39m]: [31m[SequelizeDatabaseError]: missing FROM-clause entry for table "post"[39m
[18:08:10] [DEV] [[31merror[39m]: [31m[SequelizeDatabaseError]: missing FROM-clause entry for table "post"[39m
[22:12:00] [DEV] [[31merror[39m]: [31m[SequelizeDatabaseError]: column "lastActive" does not exist[39m
[22:12:12] [DEV] [[31merror[39m]: [31m[SequelizeDatabaseError]: column "lastActive" does not exist[39m
[22:17:47] [DEV] [[31merror[39m]: [31munhandledRejection: insert or update on table "Posts" violates foreign key constraint "Posts_authorId_fkey"[39m
[31mError[39m
[31m    at Query.run (C:\Users\fptshop\Workspace\SNS-Deepfake\server\node_modules\sequelize\lib\dialects\postgres\query.js:50:25)[39m
[31m    at C:\Users\fptshop\Workspace\SNS-Deepfake\server\node_modules\sequelize\lib\sequelize.js:315:28[39m
[31m    at process.processTicksAndRejections (node:internal/process/task_queues:95:5)[39m
[31m    at async Post.sync (C:\Users\fptshop\Workspace\SNS-Deepfake\server\node_modules\sequelize\lib\model.js:984:11)[39m
[22:18:13] [DEV] [[31merror[39m]: [31munhandledRejection: insert or update on table "Posts" violates foreign key constraint "Posts_authorId_fkey"[39m
[31mError[39m
[31m    at Query.run (C:\Users\fptshop\Workspace\SNS-Deepfake\server\node_modules\sequelize\lib\dialects\postgres\query.js:50:25)[39m
[31m    at C:\Users\fptshop\Workspace\SNS-Deepfake\server\node_modules\sequelize\lib\sequelize.js:315:28[39m
[31m    at process.processTicksAndRejections (node:internal/process/task_queues:95:5)[39m
[31m    at async Post.sync (C:\Users\fptshop\Workspace\SNS-Deepfake\server\node_modules\sequelize\lib\model.js:984:11)[39m
[22:18:55] [DEV] [[31merror[39m]: [31munhandledRejection: insert or update on table "Posts" violates foreign key constraint "Posts_authorId_fkey"[39m
[31mError[39m
[31m    at Query.run (C:\Users\fptshop\Workspace\SNS-Deepfake\server\node_modules\sequelize\lib\dialects\postgres\query.js:50:25)[39m
[31m    at C:\Users\fptshop\Workspace\SNS-Deepfake\server\node_modules\sequelize\lib\sequelize.js:315:28[39m
[31m    at process.processTicksAndRejections (node:internal/process/task_queues:95:5)[39m
[31m    at async Post.sync (C:\Users\fptshop\Workspace\SNS-Deepfake\server\node_modules\sequelize\lib\model.js:984:11)[39m
[22:20:46] [DEV] [[31merror[39m]: [31munhandledRejection: insert or update on table "Posts" violates foreign key constraint "Posts_authorId_fkey"[39m
[31mError[39m
[31m    at Query.run (C:\Users\fptshop\Workspace\SNS-Deepfake\server\node_modules\sequelize\lib\dialects\postgres\query.js:50:25)[39m
[31m    at C:\Users\fptshop\Workspace\SNS-Deepfake\server\node_modules\sequelize\lib\sequelize.js:315:28[39m
[31m    at process.processTicksAndRejections (node:internal/process/task_queues:95:5)[39m
[31m    at async Post.sync (C:\Users\fptshop\Workspace\SNS-Deepfake\server\node_modules\sequelize\lib\model.js:984:11)[39m
[22:23:03] [DEV] [[31merror[39m]: [31munhandledRejection: insert or update on table "Posts" violates foreign key constraint "Posts_authorId_fkey"[39m
[31mError[39m
[31m    at Query.run (C:\Users\fptshop\Workspace\SNS-Deepfake\server\node_modules\sequelize\lib\dialects\postgres\query.js:50:25)[39m
[31m    at C:\Users\fptshop\Workspace\SNS-Deepfake\server\node_modules\sequelize\lib\sequelize.js:315:28[39m
[31m    at process.processTicksAndRejections (node:internal/process/task_queues:95:5)[39m
[31m    at async Post.sync (C:\Users\fptshop\Workspace\SNS-Deepfake\server\node_modules\sequelize\lib\model.js:984:11)[39m
[22:23:19] [DEV] [[31merror[39m]: [31munhandledRejection: insert or update on table "Posts" violates foreign key constraint "Posts_authorId_fkey"[39m
[31mError[39m
[31m    at Query.run (C:\Users\fptshop\Workspace\SNS-Deepfake\server\node_modules\sequelize\lib\dialects\postgres\query.js:50:25)[39m
[31m    at C:\Users\fptshop\Workspace\SNS-Deepfake\server\node_modules\sequelize\lib\sequelize.js:315:28[39m
[31m    at process.processTicksAndRejections (node:internal/process/task_queues:95:5)[39m
[31m    at async Post.sync (C:\Users\fptshop\Workspace\SNS-Deepfake\server\node_modules\sequelize\lib\model.js:984:11)[39m
[22:27:24] [DEV] [[31merror[39m]: [31munhandledRejection: insert or update on table "Posts" violates foreign key constraint "Posts_authorId_fkey"[39m
[31mError[39m
[31m    at Query.run (C:\Users\fptshop\Workspace\SNS-Deepfake\server\node_modules\sequelize\lib\dialects\postgres\query.js:50:25)[39m
[31m    at C:\Users\fptshop\Workspace\SNS-Deepfake\server\node_modules\sequelize\lib\sequelize.js:315:28[39m
[31m    at process.processTicksAndRejections (node:internal/process/task_queues:95:5)[39m
[31m    at async Post.sync (C:\Users\fptshop\Workspace\SNS-Deepfake\server\node_modules\sequelize\lib\model.js:984:11)[39m
[22:31:04] [DEV] [[31merror[39m]: [31m[SequelizeDatabaseError]: null value in column "role" of relation "Users" violates not-null constraint[39m
[22:31:13] [DEV] [[31merror[39m]: [31m[SequelizeDatabaseError]: missing FROM-clause entry for table "post"[39m
[22:32:54] [DEV] [[31merror[39m]: [31m[Error]: Post not found![39m
[22:33:04] [DEV] [[31merror[39m]: [31m[Error]: Post not found![39m
[22:33:35] [DEV] [[31merror[39m]: [31m[TypeError]: Cannot read properties of undefined (reading 'map')[39m
[22:48:32] [DEV] [[31merror[39m]: [31m[SequelizeDatabaseError]: missing FROM-clause entry for table "post"[39m
[22:55:23] [DEV] [[31merror[39m]: [31m[SequelizeDatabaseError]: missing FROM-clause entry for table "post"[39m
[22:57:16] [DEV] [[31merror[39m]: [31m[TypeError]: Cannot read properties of undefined (reading 'map')[39m
[22:59:34] [DEV] [[31merror[39m]: [31m[TypeError]: Cannot read properties of undefined (reading 'map')[39m
[23:00:01] [DEV] [[31merror[39m]: [31m[SequelizeDatabaseError]: column reference "type" is ambiguous[39m
[23:01:32] [DEV] [[31merror[39m]: [31m[SequelizeDatabaseError]: column "lastActive" does not exist[39m
[23:01:47] [DEV] [[31merror[39m]: [31m[SequelizeDatabaseError]: column "lastActive" does not exist[39m
[23:04:16] [DEV] [[31merror[39m]: [31m[TypeError]: Cannot read properties of null (reading 'id')[39m
[23:08:54] [DEV] [[31merror[39m]: [31m[SequelizeDatabaseError]: column reference "type" is ambiguous[39m
[23:12:06] [DEV] [[31merror[39m]: [31m[TokenExpiredError]: jwt expired[39m
[23:14:56] [DEV] [[31merror[39m]: [31m[TokenExpiredError]: jwt expired[39m
[23:20:47] [DEV] [[31merror[39m]: [31m[SequelizeDatabaseError]: column "lastActive" does not exist[39m
[23:23:08] [DEV] [[31merror[39m]: [31m[SequelizeDatabaseError]: null value in column "role" of relation "Users" violates not-null constraint[39m
[23:24:40] [DEV] [[31merror[39m]: [31m[SequelizeDatabaseError]: column "lastActive" does not exist[39m
[23:26:04] [DEV] [[31merror[39m]: [31m[TypeError]: Cannot read properties of undefined (reading 'ec')[39m
[23:27:28] [DEV] [[31merror[39m]: [31m[Error]: User not found![39m
[23:44:52] [DEV] [[31merror[39m]: [31m[SequelizeDatabaseError]: column author.lastActive does not exist[39m
[23:47:08] [DEV] [[31merror[39m]: [31m[TypeError]: Cannot read properties of undefined (reading 'map')[39m
[23:47:51] [DEV] [[31merror[39m]: [31m[TypeError]: Cannot read properties of undefined (reading 'map')[39m
