[17:35:40] [DEV] [[31merror[39m]: [31muncaughtException: User is not defined[39m
[31mReferenceError: User is not defined[39m
[31m    at file:///C:/Users/fptshop/Workspace/SNS-Deepfake/server/src/modules/post/models/feel.model.js:37:16[39m
[31m    at ModuleJob.run (node:internal/modules/esm/module_job:218:25)[39m
[31m    at async ModuleLoader.import (node:internal/modules/esm/loader:329:24)[39m
[31m    at async loadESM (node:internal/process/esm_loader:28:7)[39m
[31m    at async handleMainPromise (node:internal/modules/run_main:113:12)[39m
[17:35:40] [DEV] [[31merror[39m]: [31muncaughtException: User is not defined[39m
[31mReferenceError: User is not defined[39m
[31m    at file:///C:/Users/fptshop/Workspace/SNS-Deepfake/server/src/modules/post/models/feel.model.js:37:16[39m
[31m    at ModuleJob.run (node:internal/modules/esm/module_job:218:25)[39m
[31m    at async ModuleLoader.import (node:internal/modules/esm/loader:329:24)[39m
[31m    at async loadESM (node:internal/process/esm_loader:28:7)[39m
[31m    at async handleMainPromise (node:internal/modules/run_main:113:12)[39m
[17:35:40] [DEV] [[31merror[39m]: [31muncaughtException: User is not defined[39m
[31mReferenceError: User is not defined[39m
[31m    at file:///C:/Users/fptshop/Workspace/SNS-Deepfake/server/src/modules/post/models/feel.model.js:37:16[39m
[31m    at ModuleJob.run (node:internal/modules/esm/module_job:218:25)[39m
[31m    at async ModuleLoader.import (node:internal/modules/esm/loader:329:24)[39m
[31m    at async loadESM (node:internal/process/esm_loader:28:7)[39m
[31m    at async handleMainPromise (node:internal/modules/run_main:113:12)[39m
[17:35:40] [DEV] [[31merror[39m]: [31muncaughtException: User is not defined[39m
[31mReferenceError: User is not defined[39m
[31m    at file:///C:/Users/fptshop/Workspace/SNS-Deepfake/server/src/modules/post/models/feel.model.js:37:16[39m
[31m    at ModuleJob.run (node:internal/modules/esm/module_job:218:25)[39m
[31m    at async ModuleLoader.import (node:internal/modules/esm/loader:329:24)[39m
[31m    at async loadESM (node:internal/process/esm_loader:28:7)[39m
[31m    at async handleMainPromise (node:internal/modules/run_main:113:12)[39m
[17:35:40] [DEV] [[31merror[39m]: [31muncaughtException: User is not defined[39m
[31mReferenceError: User is not defined[39m
[31m    at file:///C:/Users/fptshop/Workspace/SNS-Deepfake/server/src/modules/post/models/feel.model.js:37:16[39m
[31m    at ModuleJob.run (node:internal/modules/esm/module_job:218:25)[39m
[31m    at async ModuleLoader.import (node:internal/modules/esm/loader:329:24)[39m
[31m    at async loadESM (node:internal/process/esm_loader:28:7)[39m
[31m    at async handleMainPromise (node:internal/modules/run_main:113:12)[39m
[17:36:47] [DEV] [[31merror[39m]: [31muncaughtException: User is not defined[39m
[31mReferenceError: User is not defined[39m
[31m    at file:///C:/Users/fptshop/Workspace/SNS-Deepfake/server/src/modules/post/models/feel.model.js:37:16[39m
[31m    at ModuleJob.run (node:internal/modules/esm/module_job:218:25)[39m
[31m    at async ModuleLoader.import (node:internal/modules/esm/loader:329:24)[39m
[31m    at async loadESM (node:internal/process/esm_loader:28:7)[39m
[31m    at async handleMainPromise (node:internal/modules/run_main:113:12)[39m
[17:36:47] [DEV] [[31merror[39m]: [31muncaughtException: User is not defined[39m
[31mReferenceError: User is not defined[39m
[31m    at file:///C:/Users/fptshop/Workspace/SNS-Deepfake/server/src/modules/post/models/feel.model.js:37:16[39m
[31m    at ModuleJob.run (node:internal/modules/esm/module_job:218:25)[39m
[31m    at async ModuleLoader.import (node:internal/modules/esm/loader:329:24)[39m
[31m    at async loadESM (node:internal/process/esm_loader:28:7)[39m
[31m    at async handleMainPromise (node:internal/modules/run_main:113:12)[39m
[17:36:47] [DEV] [[31merror[39m]: [31muncaughtException: User is not defined[39m
[31mReferenceError: User is not defined[39m
[31m    at file:///C:/Users/fptshop/Workspace/SNS-Deepfake/server/src/modules/post/models/feel.model.js:37:16[39m
[31m    at ModuleJob.run (node:internal/modules/esm/module_job:218:25)[39m
[31m    at async ModuleLoader.import (node:internal/modules/esm/loader:329:24)[39m
[31m    at async loadESM (node:internal/process/esm_loader:28:7)[39m
[31m    at async handleMainPromise (node:internal/modules/run_main:113:12)[39m
[17:36:47] [DEV] [[31merror[39m]: [31muncaughtException: User is not defined[39m
[31mReferenceError: User is not defined[39m
[31m    at file:///C:/Users/fptshop/Workspace/SNS-Deepfake/server/src/modules/post/models/feel.model.js:37:16[39m
[31m    at ModuleJob.run (node:internal/modules/esm/module_job:218:25)[39m
[31m    at async ModuleLoader.import (node:internal/modules/esm/loader:329:24)[39m
[31m    at async loadESM (node:internal/process/esm_loader:28:7)[39m
[31m    at async handleMainPromise (node:internal/modules/run_main:113:12)[39m
[17:36:47] [DEV] [[31merror[39m]: [31muncaughtException: User is not defined[39m
[31mReferenceError: User is not defined[39m
[31m    at file:///C:/Users/fptshop/Workspace/SNS-Deepfake/server/src/modules/post/models/feel.model.js:37:16[39m
[31m    at ModuleJob.run (node:internal/modules/esm/module_job:218:25)[39m
[31m    at async ModuleLoader.import (node:internal/modules/esm/loader:329:24)[39m
[31m    at async loadESM (node:internal/process/esm_loader:28:7)[39m
[31m    at async handleMainPromise (node:internal/modules/run_main:113:12)[39m
[17:39:23] [DEV] [[31merror[39m]: [31muncaughtException: User is not defined[39m
[31mReferenceError: User is not defined[39m
[31m    at file:///C:/Users/fptshop/Workspace/SNS-Deepfake/server/src/modules/post/models/feel.model.js:37:16[39m
[31m    at ModuleJob.run (node:internal/modules/esm/module_job:218:25)[39m
[31m    at async ModuleLoader.import (node:internal/modules/esm/loader:329:24)[39m
[31m    at async loadESM (node:internal/process/esm_loader:28:7)[39m
[31m    at async handleMainPromise (node:internal/modules/run_main:113:12)[39m
[17:39:23] [DEV] [[31merror[39m]: [31muncaughtException: User is not defined[39m
[31mReferenceError: User is not defined[39m
[31m    at file:///C:/Users/fptshop/Workspace/SNS-Deepfake/server/src/modules/post/models/feel.model.js:37:16[39m
[31m    at ModuleJob.run (node:internal/modules/esm/module_job:218:25)[39m
[31m    at async ModuleLoader.import (node:internal/modules/esm/loader:329:24)[39m
[31m    at async loadESM (node:internal/process/esm_loader:28:7)[39m
[31m    at async handleMainPromise (node:internal/modules/run_main:113:12)[39m
[17:39:23] [DEV] [[31merror[39m]: [31muncaughtException: User is not defined[39m
[31mReferenceError: User is not defined[39m
[31m    at file:///C:/Users/fptshop/Workspace/SNS-Deepfake/server/src/modules/post/models/feel.model.js:37:16[39m
[31m    at ModuleJob.run (node:internal/modules/esm/module_job:218:25)[39m
[31m    at async ModuleLoader.import (node:internal/modules/esm/loader:329:24)[39m
[31m    at async loadESM (node:internal/process/esm_loader:28:7)[39m
[31m    at async handleMainPromise (node:internal/modules/run_main:113:12)[39m
[17:39:23] [DEV] [[31merror[39m]: [31muncaughtException: User is not defined[39m
[31mReferenceError: User is not defined[39m
[31m    at file:///C:/Users/fptshop/Workspace/SNS-Deepfake/server/src/modules/post/models/feel.model.js:37:16[39m
[31m    at ModuleJob.run (node:internal/modules/esm/module_job:218:25)[39m
[31m    at async ModuleLoader.import (node:internal/modules/esm/loader:329:24)[39m
[31m    at async loadESM (node:internal/process/esm_loader:28:7)[39m
[31m    at async handleMainPromise (node:internal/modules/run_main:113:12)[39m
[17:39:23] [DEV] [[31merror[39m]: [31muncaughtException: User is not defined[39m
[31mReferenceError: User is not defined[39m
[31m    at file:///C:/Users/fptshop/Workspace/SNS-Deepfake/server/src/modules/post/models/feel.model.js:37:16[39m
[31m    at ModuleJob.run (node:internal/modules/esm/module_job:218:25)[39m
[31m    at async ModuleLoader.import (node:internal/modules/esm/loader:329:24)[39m
[31m    at async loadESM (node:internal/process/esm_loader:28:7)[39m
[31m    at async handleMainPromise (node:internal/modules/run_main:113:12)[39m
[17:55:33] [DEV] [[31merror[39m]: [31muncaughtException: Post is not defined[39m
[31mReferenceError: Post is not defined[39m
[31m    at file:///C:/Users/fptshop/Workspace/SNS-Deepfake/server/src/modules/post/models/feel.model.js:35:18[39m
[31m    at file:///C:/Users/fptshop/Workspace/SNS-Deepfake/server/src/modules/post/models/feel.model.js:42:3[39m
[31m    at ModuleJob.run (node:internal/modules/esm/module_job:218:25)[39m
[31m    at async ModuleLoader.import (node:internal/modules/esm/loader:329:24)[39m
[31m    at async loadESM (node:internal/process/esm_loader:28:7)[39m
[31m    at async handleMainPromise (node:internal/modules/run_main:113:12)[39m
[17:55:33] [DEV] [[31merror[39m]: [31muncaughtException: Post is not defined[39m
[31mReferenceError: Post is not defined[39m
[31m    at file:///C:/Users/fptshop/Workspace/SNS-Deepfake/server/src/modules/post/models/feel.model.js:35:18[39m
[31m    at file:///C:/Users/fptshop/Workspace/SNS-Deepfake/server/src/modules/post/models/feel.model.js:42:3[39m
[31m    at ModuleJob.run (node:internal/modules/esm/module_job:218:25)[39m
[31m    at async ModuleLoader.import (node:internal/modules/esm/loader:329:24)[39m
[31m    at async loadESM (node:internal/process/esm_loader:28:7)[39m
[31m    at async handleMainPromise (node:internal/modules/run_main:113:12)[39m
[17:55:33] [DEV] [[31merror[39m]: [31muncaughtException: Post is not defined[39m
[31mReferenceError: Post is not defined[39m
[31m    at file:///C:/Users/fptshop/Workspace/SNS-Deepfake/server/src/modules/post/models/feel.model.js:35:18[39m
[31m    at file:///C:/Users/fptshop/Workspace/SNS-Deepfake/server/src/modules/post/models/feel.model.js:42:3[39m
[31m    at ModuleJob.run (node:internal/modules/esm/module_job:218:25)[39m
[31m    at async ModuleLoader.import (node:internal/modules/esm/loader:329:24)[39m
[31m    at async loadESM (node:internal/process/esm_loader:28:7)[39m
[31m    at async handleMainPromise (node:internal/modules/run_main:113:12)[39m
[17:55:33] [DEV] [[31merror[39m]: [31muncaughtException: Post is not defined[39m
[31mReferenceError: Post is not defined[39m
[31m    at file:///C:/Users/fptshop/Workspace/SNS-Deepfake/server/src/modules/post/models/feel.model.js:35:18[39m
[31m    at file:///C:/Users/fptshop/Workspace/SNS-Deepfake/server/src/modules/post/models/feel.model.js:42:3[39m
[31m    at ModuleJob.run (node:internal/modules/esm/module_job:218:25)[39m
[31m    at async ModuleLoader.import (node:internal/modules/esm/loader:329:24)[39m
[31m    at async loadESM (node:internal/process/esm_loader:28:7)[39m
[31m    at async handleMainPromise (node:internal/modules/run_main:113:12)[39m
[17:55:33] [DEV] [[31merror[39m]: [31muncaughtException: Post is not defined[39m
[31mReferenceError: Post is not defined[39m
[31m    at file:///C:/Users/fptshop/Workspace/SNS-Deepfake/server/src/modules/post/models/feel.model.js:35:18[39m
[31m    at file:///C:/Users/fptshop/Workspace/SNS-Deepfake/server/src/modules/post/models/feel.model.js:42:3[39m
[31m    at ModuleJob.run (node:internal/modules/esm/module_job:218:25)[39m
[31m    at async ModuleLoader.import (node:internal/modules/esm/loader:329:24)[39m
[31m    at async loadESM (node:internal/process/esm_loader:28:7)[39m
[31m    at async handleMainPromise (node:internal/modules/run_main:113:12)[39m
[17:55:41] [DEV] [[31merror[39m]: [31muncaughtException: Post is not defined[39m
[31mReferenceError: Post is not defined[39m
[31m    at file:///C:/Users/fptshop/Workspace/SNS-Deepfake/server/src/modules/post/models/feel.model.js:35:18[39m
[31m    at file:///C:/Users/fptshop/Workspace/SNS-Deepfake/server/src/modules/post/models/feel.model.js:39:3[39m
[31m    at ModuleJob.run (node:internal/modules/esm/module_job:218:25)[39m
[31m    at async ModuleLoader.import (node:internal/modules/esm/loader:329:24)[39m
[31m    at async loadESM (node:internal/process/esm_loader:28:7)[39m
[31m    at async handleMainPromise (node:internal/modules/run_main:113:12)[39m
[17:55:41] [DEV] [[31merror[39m]: [31muncaughtException: Post is not defined[39m
[31mReferenceError: Post is not defined[39m
[31m    at file:///C:/Users/fptshop/Workspace/SNS-Deepfake/server/src/modules/post/models/feel.model.js:35:18[39m
[31m    at file:///C:/Users/fptshop/Workspace/SNS-Deepfake/server/src/modules/post/models/feel.model.js:39:3[39m
[31m    at ModuleJob.run (node:internal/modules/esm/module_job:218:25)[39m
[31m    at async ModuleLoader.import (node:internal/modules/esm/loader:329:24)[39m
[31m    at async loadESM (node:internal/process/esm_loader:28:7)[39m
[31m    at async handleMainPromise (node:internal/modules/run_main:113:12)[39m
[17:55:41] [DEV] [[31merror[39m]: [31muncaughtException: Post is not defined[39m
[31mReferenceError: Post is not defined[39m
[31m    at file:///C:/Users/fptshop/Workspace/SNS-Deepfake/server/src/modules/post/models/feel.model.js:35:18[39m
[31m    at file:///C:/Users/fptshop/Workspace/SNS-Deepfake/server/src/modules/post/models/feel.model.js:39:3[39m
[31m    at ModuleJob.run (node:internal/modules/esm/module_job:218:25)[39m
[31m    at async ModuleLoader.import (node:internal/modules/esm/loader:329:24)[39m
[31m    at async loadESM (node:internal/process/esm_loader:28:7)[39m
[31m    at async handleMainPromise (node:internal/modules/run_main:113:12)[39m
[17:55:41] [DEV] [[31merror[39m]: [31muncaughtException: Post is not defined[39m
[31mReferenceError: Post is not defined[39m
[31m    at file:///C:/Users/fptshop/Workspace/SNS-Deepfake/server/src/modules/post/models/feel.model.js:35:18[39m
[31m    at file:///C:/Users/fptshop/Workspace/SNS-Deepfake/server/src/modules/post/models/feel.model.js:39:3[39m
[31m    at ModuleJob.run (node:internal/modules/esm/module_job:218:25)[39m
[31m    at async ModuleLoader.import (node:internal/modules/esm/loader:329:24)[39m
[31m    at async loadESM (node:internal/process/esm_loader:28:7)[39m
[31m    at async handleMainPromise (node:internal/modules/run_main:113:12)[39m
[17:55:41] [DEV] [[31merror[39m]: [31muncaughtException: Post is not defined[39m
[31mReferenceError: Post is not defined[39m
[31m    at file:///C:/Users/fptshop/Workspace/SNS-Deepfake/server/src/modules/post/models/feel.model.js:35:18[39m
[31m    at file:///C:/Users/fptshop/Workspace/SNS-Deepfake/server/src/modules/post/models/feel.model.js:39:3[39m
[31m    at ModuleJob.run (node:internal/modules/esm/module_job:218:25)[39m
[31m    at async ModuleLoader.import (node:internal/modules/esm/loader:329:24)[39m
[31m    at async loadESM (node:internal/process/esm_loader:28:7)[39m
[31m    at async handleMainPromise (node:internal/modules/run_main:113:12)[39m
[17:56:24] [DEV] [[31merror[39m]: [31muncaughtException: Post is not defined[39m
[31mReferenceError: Post is not defined[39m
[31m    at file:///C:/Users/fptshop/Workspace/SNS-Deepfake/server/src/modules/post/models/feel.model.js:33:18[39m
[31m    at file:///C:/Users/fptshop/Workspace/SNS-Deepfake/server/src/modules/post/models/feel.model.js:36:3[39m
[31m    at ModuleJob.run (node:internal/modules/esm/module_job:218:25)[39m
[31m    at async ModuleLoader.import (node:internal/modules/esm/loader:329:24)[39m
[31m    at async loadESM (node:internal/process/esm_loader:28:7)[39m
[31m    at async handleMainPromise (node:internal/modules/run_main:113:12)[39m
[17:56:24] [DEV] [[31merror[39m]: [31muncaughtException: Post is not defined[39m
[31mReferenceError: Post is not defined[39m
[31m    at file:///C:/Users/fptshop/Workspace/SNS-Deepfake/server/src/modules/post/models/feel.model.js:33:18[39m
[31m    at file:///C:/Users/fptshop/Workspace/SNS-Deepfake/server/src/modules/post/models/feel.model.js:36:3[39m
[31m    at ModuleJob.run (node:internal/modules/esm/module_job:218:25)[39m
[31m    at async ModuleLoader.import (node:internal/modules/esm/loader:329:24)[39m
[31m    at async loadESM (node:internal/process/esm_loader:28:7)[39m
[31m    at async handleMainPromise (node:internal/modules/run_main:113:12)[39m
[17:56:24] [DEV] [[31merror[39m]: [31muncaughtException: Post is not defined[39m
[31mReferenceError: Post is not defined[39m
[31m    at file:///C:/Users/fptshop/Workspace/SNS-Deepfake/server/src/modules/post/models/feel.model.js:33:18[39m
[31m    at file:///C:/Users/fptshop/Workspace/SNS-Deepfake/server/src/modules/post/models/feel.model.js:36:3[39m
[31m    at ModuleJob.run (node:internal/modules/esm/module_job:218:25)[39m
[31m    at async ModuleLoader.import (node:internal/modules/esm/loader:329:24)[39m
[31m    at async loadESM (node:internal/process/esm_loader:28:7)[39m
[31m    at async handleMainPromise (node:internal/modules/run_main:113:12)[39m
[17:56:24] [DEV] [[31merror[39m]: [31muncaughtException: Post is not defined[39m
[31mReferenceError: Post is not defined[39m
[31m    at file:///C:/Users/fptshop/Workspace/SNS-Deepfake/server/src/modules/post/models/feel.model.js:33:18[39m
[31m    at file:///C:/Users/fptshop/Workspace/SNS-Deepfake/server/src/modules/post/models/feel.model.js:36:3[39m
[31m    at ModuleJob.run (node:internal/modules/esm/module_job:218:25)[39m
[31m    at async ModuleLoader.import (node:internal/modules/esm/loader:329:24)[39m
[31m    at async loadESM (node:internal/process/esm_loader:28:7)[39m
[31m    at async handleMainPromise (node:internal/modules/run_main:113:12)[39m
[17:56:24] [DEV] [[31merror[39m]: [31muncaughtException: Post is not defined[39m
[31mReferenceError: Post is not defined[39m
[31m    at file:///C:/Users/fptshop/Workspace/SNS-Deepfake/server/src/modules/post/models/feel.model.js:33:18[39m
[31m    at file:///C:/Users/fptshop/Workspace/SNS-Deepfake/server/src/modules/post/models/feel.model.js:36:3[39m
[31m    at ModuleJob.run (node:internal/modules/esm/module_job:218:25)[39m
[31m    at async ModuleLoader.import (node:internal/modules/esm/loader:329:24)[39m
[31m    at async loadESM (node:internal/process/esm_loader:28:7)[39m
[31m    at async handleMainPromise (node:internal/modules/run_main:113:12)[39m
[17:56:51] [DEV] [[31merror[39m]: [31muncaughtException: Cannot access 'Feel' before initialization[39m
[31mReferenceError: Cannot access 'Feel' before initialization[39m
[31m    at file:///C:/Users/fptshop/Workspace/SNS-Deepfake/server/src/modules/post/post.model.js:63:14[39m
[31m    at ModuleJob.run (node:internal/modules/esm/module_job:218:25)[39m
[31m    at async ModuleLoader.import (node:internal/modules/esm/loader:329:24)[39m
[31m    at async loadESM (node:internal/process/esm_loader:28:7)[39m
[31m    at async handleMainPromise (node:internal/modules/run_main:113:12)[39m
[17:56:51] [DEV] [[31merror[39m]: [31muncaughtException: Cannot access 'Feel' before initialization[39m
[31mReferenceError: Cannot access 'Feel' before initialization[39m
[31m    at file:///C:/Users/fptshop/Workspace/SNS-Deepfake/server/src/modules/post/post.model.js:63:14[39m
[31m    at ModuleJob.run (node:internal/modules/esm/module_job:218:25)[39m
[31m    at async ModuleLoader.import (node:internal/modules/esm/loader:329:24)[39m
[31m    at async loadESM (node:internal/process/esm_loader:28:7)[39m
[31m    at async handleMainPromise (node:internal/modules/run_main:113:12)[39m
[17:56:51] [DEV] [[31merror[39m]: [31muncaughtException: Cannot access 'Feel' before initialization[39m
[31mReferenceError: Cannot access 'Feel' before initialization[39m
[31m    at file:///C:/Users/fptshop/Workspace/SNS-Deepfake/server/src/modules/post/post.model.js:63:14[39m
[31m    at ModuleJob.run (node:internal/modules/esm/module_job:218:25)[39m
[31m    at async ModuleLoader.import (node:internal/modules/esm/loader:329:24)[39m
[31m    at async loadESM (node:internal/process/esm_loader:28:7)[39m
[31m    at async handleMainPromise (node:internal/modules/run_main:113:12)[39m
[17:56:51] [DEV] [[31merror[39m]: [31muncaughtException: Cannot access 'Feel' before initialization[39m
[31mReferenceError: Cannot access 'Feel' before initialization[39m
[31m    at file:///C:/Users/fptshop/Workspace/SNS-Deepfake/server/src/modules/post/post.model.js:63:14[39m
[31m    at ModuleJob.run (node:internal/modules/esm/module_job:218:25)[39m
[31m    at async ModuleLoader.import (node:internal/modules/esm/loader:329:24)[39m
[31m    at async loadESM (node:internal/process/esm_loader:28:7)[39m
[31m    at async handleMainPromise (node:internal/modules/run_main:113:12)[39m
[17:56:51] [DEV] [[31merror[39m]: [31muncaughtException: Cannot access 'Feel' before initialization[39m
[31mReferenceError: Cannot access 'Feel' before initialization[39m
[31m    at file:///C:/Users/fptshop/Workspace/SNS-Deepfake/server/src/modules/post/post.model.js:63:14[39m
[31m    at ModuleJob.run (node:internal/modules/esm/module_job:218:25)[39m
[31m    at async ModuleLoader.import (node:internal/modules/esm/loader:329:24)[39m
[31m    at async loadESM (node:internal/process/esm_loader:28:7)[39m
[31m    at async handleMainPromise (node:internal/modules/run_main:113:12)[39m
[17:56:55] [DEV] [[31merror[39m]: [31muncaughtException: Cannot access 'Feel' before initialization[39m
[31mReferenceError: Cannot access 'Feel' before initialization[39m
[31m    at file:///C:/Users/fptshop/Workspace/SNS-Deepfake/server/src/modules/post/post.model.js:63:14[39m
[31m    at ModuleJob.run (node:internal/modules/esm/module_job:218:25)[39m
[31m    at async ModuleLoader.import (node:internal/modules/esm/loader:329:24)[39m
[31m    at async loadESM (node:internal/process/esm_loader:28:7)[39m
[31m    at async handleMainPromise (node:internal/modules/run_main:113:12)[39m
[17:56:55] [DEV] [[31merror[39m]: [31muncaughtException: Cannot access 'Feel' before initialization[39m
[31mReferenceError: Cannot access 'Feel' before initialization[39m
[31m    at file:///C:/Users/fptshop/Workspace/SNS-Deepfake/server/src/modules/post/post.model.js:63:14[39m
[31m    at ModuleJob.run (node:internal/modules/esm/module_job:218:25)[39m
[31m    at async ModuleLoader.import (node:internal/modules/esm/loader:329:24)[39m
[31m    at async loadESM (node:internal/process/esm_loader:28:7)[39m
[31m    at async handleMainPromise (node:internal/modules/run_main:113:12)[39m
[17:56:55] [DEV] [[31merror[39m]: [31muncaughtException: Cannot access 'Feel' before initialization[39m
[31mReferenceError: Cannot access 'Feel' before initialization[39m
[31m    at file:///C:/Users/fptshop/Workspace/SNS-Deepfake/server/src/modules/post/post.model.js:63:14[39m
[31m    at ModuleJob.run (node:internal/modules/esm/module_job:218:25)[39m
[31m    at async ModuleLoader.import (node:internal/modules/esm/loader:329:24)[39m
[31m    at async loadESM (node:internal/process/esm_loader:28:7)[39m
[31m    at async handleMainPromise (node:internal/modules/run_main:113:12)[39m
[17:56:55] [DEV] [[31merror[39m]: [31muncaughtException: Cannot access 'Feel' before initialization[39m
[31mReferenceError: Cannot access 'Feel' before initialization[39m
[31m    at file:///C:/Users/fptshop/Workspace/SNS-Deepfake/server/src/modules/post/post.model.js:63:14[39m
[31m    at ModuleJob.run (node:internal/modules/esm/module_job:218:25)[39m
[31m    at async ModuleLoader.import (node:internal/modules/esm/loader:329:24)[39m
[31m    at async loadESM (node:internal/process/esm_loader:28:7)[39m
[31m    at async handleMainPromise (node:internal/modules/run_main:113:12)[39m
[17:56:55] [DEV] [[31merror[39m]: [31muncaughtException: Cannot access 'Feel' before initialization[39m
[31mReferenceError: Cannot access 'Feel' before initialization[39m
[31m    at file:///C:/Users/fptshop/Workspace/SNS-Deepfake/server/src/modules/post/post.model.js:63:14[39m
[31m    at ModuleJob.run (node:internal/modules/esm/module_job:218:25)[39m
[31m    at async ModuleLoader.import (node:internal/modules/esm/loader:329:24)[39m
[31m    at async loadESM (node:internal/process/esm_loader:28:7)[39m
[31m    at async handleMainPromise (node:internal/modules/run_main:113:12)[39m
[17:57:24] [DEV] [[31merror[39m]: [31muncaughtException: Feel is not defined[39m
[31mReferenceError: Feel is not defined[39m
[31m    at file:///C:/Users/fptshop/Workspace/SNS-Deepfake/server/src/modules/post/models/mark.model.js:35:5[39m
[31m    at file:///C:/Users/fptshop/Workspace/SNS-Deepfake/server/src/modules/post/models/mark.model.js:38:3[39m
[31m    at ModuleJob.run (node:internal/modules/esm/module_job:218:25)[39m
[31m    at async ModuleLoader.import (node:internal/modules/esm/loader:329:24)[39m
[31m    at async loadESM (node:internal/process/esm_loader:28:7)[39m
[31m    at async handleMainPromise (node:internal/modules/run_main:113:12)[39m
[17:57:24] [DEV] [[31merror[39m]: [31muncaughtException: Feel is not defined[39m
[31mReferenceError: Feel is not defined[39m
[31m    at file:///C:/Users/fptshop/Workspace/SNS-Deepfake/server/src/modules/post/models/mark.model.js:35:5[39m
[31m    at file:///C:/Users/fptshop/Workspace/SNS-Deepfake/server/src/modules/post/models/mark.model.js:38:3[39m
[31m    at ModuleJob.run (node:internal/modules/esm/module_job:218:25)[39m
[31m    at async ModuleLoader.import (node:internal/modules/esm/loader:329:24)[39m
[31m    at async loadESM (node:internal/process/esm_loader:28:7)[39m
[31m    at async handleMainPromise (node:internal/modules/run_main:113:12)[39m
[17:57:24] [DEV] [[31merror[39m]: [31muncaughtException: Feel is not defined[39m
[31mReferenceError: Feel is not defined[39m
[31m    at file:///C:/Users/fptshop/Workspace/SNS-Deepfake/server/src/modules/post/models/mark.model.js:35:5[39m
[31m    at file:///C:/Users/fptshop/Workspace/SNS-Deepfake/server/src/modules/post/models/mark.model.js:38:3[39m
[31m    at ModuleJob.run (node:internal/modules/esm/module_job:218:25)[39m
[31m    at async ModuleLoader.import (node:internal/modules/esm/loader:329:24)[39m
[31m    at async loadESM (node:internal/process/esm_loader:28:7)[39m
[31m    at async handleMainPromise (node:internal/modules/run_main:113:12)[39m
[17:57:24] [DEV] [[31merror[39m]: [31muncaughtException: Feel is not defined[39m
[31mReferenceError: Feel is not defined[39m
[31m    at file:///C:/Users/fptshop/Workspace/SNS-Deepfake/server/src/modules/post/models/mark.model.js:35:5[39m
[31m    at file:///C:/Users/fptshop/Workspace/SNS-Deepfake/server/src/modules/post/models/mark.model.js:38:3[39m
[31m    at ModuleJob.run (node:internal/modules/esm/module_job:218:25)[39m
[31m    at async ModuleLoader.import (node:internal/modules/esm/loader:329:24)[39m
[31m    at async loadESM (node:internal/process/esm_loader:28:7)[39m
[31m    at async handleMainPromise (node:internal/modules/run_main:113:12)[39m
[17:57:24] [DEV] [[31merror[39m]: [31muncaughtException: Feel is not defined[39m
[31mReferenceError: Feel is not defined[39m
[31m    at file:///C:/Users/fptshop/Workspace/SNS-Deepfake/server/src/modules/post/models/mark.model.js:35:5[39m
[31m    at file:///C:/Users/fptshop/Workspace/SNS-Deepfake/server/src/modules/post/models/mark.model.js:38:3[39m
[31m    at ModuleJob.run (node:internal/modules/esm/module_job:218:25)[39m
[31m    at async ModuleLoader.import (node:internal/modules/esm/loader:329:24)[39m
[31m    at async loadESM (node:internal/process/esm_loader:28:7)[39m
[31m    at async handleMainPromise (node:internal/modules/run_main:113:12)[39m
[17:57:27] [DEV] [[31merror[39m]: [31muncaughtException: Post is not defined[39m
[31mReferenceError: Post is not defined[39m
[31m    at file:///C:/Users/fptshop/Workspace/SNS-Deepfake/server/src/modules/post/models/mark.model.js:35:20[39m
[31m    at file:///C:/Users/fptshop/Workspace/SNS-Deepfake/server/src/modules/post/models/mark.model.js:38:3[39m
[31m    at ModuleJob.run (node:internal/modules/esm/module_job:218:25)[39m
[31m    at async ModuleLoader.import (node:internal/modules/esm/loader:329:24)[39m
[31m    at async loadESM (node:internal/process/esm_loader:28:7)[39m
[31m    at async handleMainPromise (node:internal/modules/run_main:113:12)[39m
[17:57:27] [DEV] [[31merror[39m]: [31muncaughtException: Post is not defined[39m
[31mReferenceError: Post is not defined[39m
[31m    at file:///C:/Users/fptshop/Workspace/SNS-Deepfake/server/src/modules/post/models/mark.model.js:35:20[39m
[31m    at file:///C:/Users/fptshop/Workspace/SNS-Deepfake/server/src/modules/post/models/mark.model.js:38:3[39m
[31m    at ModuleJob.run (node:internal/modules/esm/module_job:218:25)[39m
[31m    at async ModuleLoader.import (node:internal/modules/esm/loader:329:24)[39m
[31m    at async loadESM (node:internal/process/esm_loader:28:7)[39m
[31m    at async handleMainPromise (node:internal/modules/run_main:113:12)[39m
[17:57:27] [DEV] [[31merror[39m]: [31muncaughtException: Post is not defined[39m
[31mReferenceError: Post is not defined[39m
[31m    at file:///C:/Users/fptshop/Workspace/SNS-Deepfake/server/src/modules/post/models/mark.model.js:35:20[39m
[31m    at file:///C:/Users/fptshop/Workspace/SNS-Deepfake/server/src/modules/post/models/mark.model.js:38:3[39m
[31m    at ModuleJob.run (node:internal/modules/esm/module_job:218:25)[39m
[31m    at async ModuleLoader.import (node:internal/modules/esm/loader:329:24)[39m
[31m    at async loadESM (node:internal/process/esm_loader:28:7)[39m
[31m    at async handleMainPromise (node:internal/modules/run_main:113:12)[39m
[17:57:27] [DEV] [[31merror[39m]: [31muncaughtException: Post is not defined[39m
[31mReferenceError: Post is not defined[39m
[31m    at file:///C:/Users/fptshop/Workspace/SNS-Deepfake/server/src/modules/post/models/mark.model.js:35:20[39m
[31m    at file:///C:/Users/fptshop/Workspace/SNS-Deepfake/server/src/modules/post/models/mark.model.js:38:3[39m
[31m    at ModuleJob.run (node:internal/modules/esm/module_job:218:25)[39m
[31m    at async ModuleLoader.import (node:internal/modules/esm/loader:329:24)[39m
[31m    at async loadESM (node:internal/process/esm_loader:28:7)[39m
[31m    at async handleMainPromise (node:internal/modules/run_main:113:12)[39m
[17:57:27] [DEV] [[31merror[39m]: [31muncaughtException: Post is not defined[39m
[31mReferenceError: Post is not defined[39m
[31m    at file:///C:/Users/fptshop/Workspace/SNS-Deepfake/server/src/modules/post/models/mark.model.js:35:20[39m
[31m    at file:///C:/Users/fptshop/Workspace/SNS-Deepfake/server/src/modules/post/models/mark.model.js:38:3[39m
[31m    at ModuleJob.run (node:internal/modules/esm/module_job:218:25)[39m
[31m    at async ModuleLoader.import (node:internal/modules/esm/loader:329:24)[39m
[31m    at async loadESM (node:internal/process/esm_loader:28:7)[39m
[31m    at async handleMainPromise (node:internal/modules/run_main:113:12)[39m
[17:57:43] [DEV] [[31merror[39m]: [31muncaughtException: Cannot access 'Post' before initialization[39m
[31mReferenceError: Cannot access 'Post' before initialization[39m
[31m    at file:///C:/Users/fptshop/Workspace/SNS-Deepfake/server/src/modules/post/models/feel.model.js:35:18[39m
[31m    at file:///C:/Users/fptshop/Workspace/SNS-Deepfake/server/src/modules/post/models/feel.model.js:38:3[39m
[31m    at ModuleJob.run (node:internal/modules/esm/module_job:218:25)[39m
[31m    at async ModuleLoader.import (node:internal/modules/esm/loader:329:24)[39m
[31m    at async loadESM (node:internal/process/esm_loader:28:7)[39m
[31m    at async handleMainPromise (node:internal/modules/run_main:113:12)[39m
[17:57:43] [DEV] [[31merror[39m]: [31muncaughtException: Cannot access 'Post' before initialization[39m
[31mReferenceError: Cannot access 'Post' before initialization[39m
[31m    at file:///C:/Users/fptshop/Workspace/SNS-Deepfake/server/src/modules/post/models/feel.model.js:35:18[39m
[31m    at file:///C:/Users/fptshop/Workspace/SNS-Deepfake/server/src/modules/post/models/feel.model.js:38:3[39m
[31m    at ModuleJob.run (node:internal/modules/esm/module_job:218:25)[39m
[31m    at async ModuleLoader.import (node:internal/modules/esm/loader:329:24)[39m
[31m    at async loadESM (node:internal/process/esm_loader:28:7)[39m
[31m    at async handleMainPromise (node:internal/modules/run_main:113:12)[39m
[17:57:43] [DEV] [[31merror[39m]: [31muncaughtException: Cannot access 'Post' before initialization[39m
[31mReferenceError: Cannot access 'Post' before initialization[39m
[31m    at file:///C:/Users/fptshop/Workspace/SNS-Deepfake/server/src/modules/post/models/feel.model.js:35:18[39m
[31m    at file:///C:/Users/fptshop/Workspace/SNS-Deepfake/server/src/modules/post/models/feel.model.js:38:3[39m
[31m    at ModuleJob.run (node:internal/modules/esm/module_job:218:25)[39m
[31m    at async ModuleLoader.import (node:internal/modules/esm/loader:329:24)[39m
[31m    at async loadESM (node:internal/process/esm_loader:28:7)[39m
[31m    at async handleMainPromise (node:internal/modules/run_main:113:12)[39m
[17:57:43] [DEV] [[31merror[39m]: [31muncaughtException: Cannot access 'Post' before initialization[39m
[31mReferenceError: Cannot access 'Post' before initialization[39m
[31m    at file:///C:/Users/fptshop/Workspace/SNS-Deepfake/server/src/modules/post/models/feel.model.js:35:18[39m
[31m    at file:///C:/Users/fptshop/Workspace/SNS-Deepfake/server/src/modules/post/models/feel.model.js:38:3[39m
[31m    at ModuleJob.run (node:internal/modules/esm/module_job:218:25)[39m
[31m    at async ModuleLoader.import (node:internal/modules/esm/loader:329:24)[39m
[31m    at async loadESM (node:internal/process/esm_loader:28:7)[39m
[31m    at async handleMainPromise (node:internal/modules/run_main:113:12)[39m
[17:57:43] [DEV] [[31merror[39m]: [31muncaughtException: Cannot access 'Post' before initialization[39m
[31mReferenceError: Cannot access 'Post' before initialization[39m
[31m    at file:///C:/Users/fptshop/Workspace/SNS-Deepfake/server/src/modules/post/models/feel.model.js:35:18[39m
[31m    at file:///C:/Users/fptshop/Workspace/SNS-Deepfake/server/src/modules/post/models/feel.model.js:38:3[39m
[31m    at ModuleJob.run (node:internal/modules/esm/module_job:218:25)[39m
[31m    at async ModuleLoader.import (node:internal/modules/esm/loader:329:24)[39m
[31m    at async loadESM (node:internal/process/esm_loader:28:7)[39m
[31m    at async handleMainPromise (node:internal/modules/run_main:113:12)[39m
[17:59:00] [DEV] [[31merror[39m]: [31muncaughtException: Cannot access 'Post' before initialization[39m
[31mReferenceError: Cannot access 'Post' before initialization[39m
[31m    at file:///C:/Users/fptshop/Workspace/SNS-Deepfake/server/src/modules/post/models/feel.model.js:35:18[39m
[31m    at file:///C:/Users/fptshop/Workspace/SNS-Deepfake/server/src/modules/post/models/feel.model.js:38:3[39m
[31m    at ModuleJob.run (node:internal/modules/esm/module_job:218:25)[39m
[31m    at async ModuleLoader.import (node:internal/modules/esm/loader:329:24)[39m
[31m    at async loadESM (node:internal/process/esm_loader:28:7)[39m
[31m    at async handleMainPromise (node:internal/modules/run_main:113:12)[39m
[17:59:00] [DEV] [[31merror[39m]: [31muncaughtException: Cannot access 'Post' before initialization[39m
[31mReferenceError: Cannot access 'Post' before initialization[39m
[31m    at file:///C:/Users/fptshop/Workspace/SNS-Deepfake/server/src/modules/post/models/feel.model.js:35:18[39m
[31m    at file:///C:/Users/fptshop/Workspace/SNS-Deepfake/server/src/modules/post/models/feel.model.js:38:3[39m
[31m    at ModuleJob.run (node:internal/modules/esm/module_job:218:25)[39m
[31m    at async ModuleLoader.import (node:internal/modules/esm/loader:329:24)[39m
[31m    at async loadESM (node:internal/process/esm_loader:28:7)[39m
[31m    at async handleMainPromise (node:internal/modules/run_main:113:12)[39m
[17:59:00] [DEV] [[31merror[39m]: [31muncaughtException: Cannot access 'Post' before initialization[39m
[31mReferenceError: Cannot access 'Post' before initialization[39m
[31m    at file:///C:/Users/fptshop/Workspace/SNS-Deepfake/server/src/modules/post/models/feel.model.js:35:18[39m
[31m    at file:///C:/Users/fptshop/Workspace/SNS-Deepfake/server/src/modules/post/models/feel.model.js:38:3[39m
[31m    at ModuleJob.run (node:internal/modules/esm/module_job:218:25)[39m
[31m    at async ModuleLoader.import (node:internal/modules/esm/loader:329:24)[39m
[31m    at async loadESM (node:internal/process/esm_loader:28:7)[39m
[31m    at async handleMainPromise (node:internal/modules/run_main:113:12)[39m
[17:59:00] [DEV] [[31merror[39m]: [31muncaughtException: Cannot access 'Post' before initialization[39m
[31mReferenceError: Cannot access 'Post' before initialization[39m
[31m    at file:///C:/Users/fptshop/Workspace/SNS-Deepfake/server/src/modules/post/models/feel.model.js:35:18[39m
[31m    at file:///C:/Users/fptshop/Workspace/SNS-Deepfake/server/src/modules/post/models/feel.model.js:38:3[39m
[31m    at ModuleJob.run (node:internal/modules/esm/module_job:218:25)[39m
[31m    at async ModuleLoader.import (node:internal/modules/esm/loader:329:24)[39m
[31m    at async loadESM (node:internal/process/esm_loader:28:7)[39m
[31m    at async handleMainPromise (node:internal/modules/run_main:113:12)[39m
[17:59:00] [DEV] [[31merror[39m]: [31muncaughtException: Cannot access 'Post' before initialization[39m
[31mReferenceError: Cannot access 'Post' before initialization[39m
[31m    at file:///C:/Users/fptshop/Workspace/SNS-Deepfake/server/src/modules/post/models/feel.model.js:35:18[39m
[31m    at file:///C:/Users/fptshop/Workspace/SNS-Deepfake/server/src/modules/post/models/feel.model.js:38:3[39m
[31m    at ModuleJob.run (node:internal/modules/esm/module_job:218:25)[39m
[31m    at async ModuleLoader.import (node:internal/modules/esm/loader:329:24)[39m
[31m    at async loadESM (node:internal/process/esm_loader:28:7)[39m
[31m    at async handleMainPromise (node:internal/modules/run_main:113:12)[39m
[17:59:14] [DEV] [[31merror[39m]: [31muncaughtException: Cannot access 'Post' before initialization[39m
[31mReferenceError: Cannot access 'Post' before initialization[39m
[31m    at file:///C:/Users/fptshop/Workspace/SNS-Deepfake/server/src/modules/post/models/feel.model.js:35:18[39m
[31m    at file:///C:/Users/fptshop/Workspace/SNS-Deepfake/server/src/modules/post/models/feel.model.js:38:3[39m
[31m    at ModuleJob.run (node:internal/modules/esm/module_job:218:25)[39m
[31m    at async ModuleLoader.import (node:internal/modules/esm/loader:329:24)[39m
[31m    at async loadESM (node:internal/process/esm_loader:28:7)[39m
[31m    at async handleMainPromise (node:internal/modules/run_main:113:12)[39m
[17:59:14] [DEV] [[31merror[39m]: [31muncaughtException: Cannot access 'Post' before initialization[39m
[31mReferenceError: Cannot access 'Post' before initialization[39m
[31m    at file:///C:/Users/fptshop/Workspace/SNS-Deepfake/server/src/modules/post/models/feel.model.js:35:18[39m
[31m    at file:///C:/Users/fptshop/Workspace/SNS-Deepfake/server/src/modules/post/models/feel.model.js:38:3[39m
[31m    at ModuleJob.run (node:internal/modules/esm/module_job:218:25)[39m
[31m    at async ModuleLoader.import (node:internal/modules/esm/loader:329:24)[39m
[31m    at async loadESM (node:internal/process/esm_loader:28:7)[39m
[31m    at async handleMainPromise (node:internal/modules/run_main:113:12)[39m
[17:59:14] [DEV] [[31merror[39m]: [31muncaughtException: Cannot access 'Post' before initialization[39m
[31mReferenceError: Cannot access 'Post' before initialization[39m
[31m    at file:///C:/Users/fptshop/Workspace/SNS-Deepfake/server/src/modules/post/models/feel.model.js:35:18[39m
[31m    at file:///C:/Users/fptshop/Workspace/SNS-Deepfake/server/src/modules/post/models/feel.model.js:38:3[39m
[31m    at ModuleJob.run (node:internal/modules/esm/module_job:218:25)[39m
[31m    at async ModuleLoader.import (node:internal/modules/esm/loader:329:24)[39m
[31m    at async loadESM (node:internal/process/esm_loader:28:7)[39m
[31m    at async handleMainPromise (node:internal/modules/run_main:113:12)[39m
[17:59:14] [DEV] [[31merror[39m]: [31muncaughtException: Cannot access 'Post' before initialization[39m
[31mReferenceError: Cannot access 'Post' before initialization[39m
[31m    at file:///C:/Users/fptshop/Workspace/SNS-Deepfake/server/src/modules/post/models/feel.model.js:35:18[39m
[31m    at file:///C:/Users/fptshop/Workspace/SNS-Deepfake/server/src/modules/post/models/feel.model.js:38:3[39m
[31m    at ModuleJob.run (node:internal/modules/esm/module_job:218:25)[39m
[31m    at async ModuleLoader.import (node:internal/modules/esm/loader:329:24)[39m
[31m    at async loadESM (node:internal/process/esm_loader:28:7)[39m
[31m    at async handleMainPromise (node:internal/modules/run_main:113:12)[39m
[17:59:14] [DEV] [[31merror[39m]: [31muncaughtException: Cannot access 'Post' before initialization[39m
[31mReferenceError: Cannot access 'Post' before initialization[39m
[31m    at file:///C:/Users/fptshop/Workspace/SNS-Deepfake/server/src/modules/post/models/feel.model.js:35:18[39m
[31m    at file:///C:/Users/fptshop/Workspace/SNS-Deepfake/server/src/modules/post/models/feel.model.js:38:3[39m
[31m    at ModuleJob.run (node:internal/modules/esm/module_job:218:25)[39m
[31m    at async ModuleLoader.import (node:internal/modules/esm/loader:329:24)[39m
[31m    at async loadESM (node:internal/process/esm_loader:28:7)[39m
[31m    at async handleMainPromise (node:internal/modules/run_main:113:12)[39m
[17:59:26] [DEV] [[31merror[39m]: [31muncaughtException: Cannot access 'Post' before initialization[39m
[31mReferenceError: Cannot access 'Post' before initialization[39m
[31m    at file:///C:/Users/fptshop/Workspace/SNS-Deepfake/server/src/modules/post/models/feel.model.js:35:18[39m
[31m    at file:///C:/Users/fptshop/Workspace/SNS-Deepfake/server/src/modules/post/models/feel.model.js:38:3[39m
[31m    at ModuleJob.run (node:internal/modules/esm/module_job:218:25)[39m
[31m    at async ModuleLoader.import (node:internal/modules/esm/loader:329:24)[39m
[31m    at async loadESM (node:internal/process/esm_loader:28:7)[39m
[31m    at async handleMainPromise (node:internal/modules/run_main:113:12)[39m
[17:59:26] [DEV] [[31merror[39m]: [31muncaughtException: Cannot access 'Post' before initialization[39m
[31mReferenceError: Cannot access 'Post' before initialization[39m
[31m    at file:///C:/Users/fptshop/Workspace/SNS-Deepfake/server/src/modules/post/models/feel.model.js:35:18[39m
[31m    at file:///C:/Users/fptshop/Workspace/SNS-Deepfake/server/src/modules/post/models/feel.model.js:38:3[39m
[31m    at ModuleJob.run (node:internal/modules/esm/module_job:218:25)[39m
[31m    at async ModuleLoader.import (node:internal/modules/esm/loader:329:24)[39m
[31m    at async loadESM (node:internal/process/esm_loader:28:7)[39m
[31m    at async handleMainPromise (node:internal/modules/run_main:113:12)[39m
[17:59:26] [DEV] [[31merror[39m]: [31muncaughtException: Cannot access 'Post' before initialization[39m
[31mReferenceError: Cannot access 'Post' before initialization[39m
[31m    at file:///C:/Users/fptshop/Workspace/SNS-Deepfake/server/src/modules/post/models/feel.model.js:35:18[39m
[31m    at file:///C:/Users/fptshop/Workspace/SNS-Deepfake/server/src/modules/post/models/feel.model.js:38:3[39m
[31m    at ModuleJob.run (node:internal/modules/esm/module_job:218:25)[39m
[31m    at async ModuleLoader.import (node:internal/modules/esm/loader:329:24)[39m
[31m    at async loadESM (node:internal/process/esm_loader:28:7)[39m
[31m    at async handleMainPromise (node:internal/modules/run_main:113:12)[39m
[17:59:26] [DEV] [[31merror[39m]: [31muncaughtException: Cannot access 'Post' before initialization[39m
[31mReferenceError: Cannot access 'Post' before initialization[39m
[31m    at file:///C:/Users/fptshop/Workspace/SNS-Deepfake/server/src/modules/post/models/feel.model.js:35:18[39m
[31m    at file:///C:/Users/fptshop/Workspace/SNS-Deepfake/server/src/modules/post/models/feel.model.js:38:3[39m
[31m    at ModuleJob.run (node:internal/modules/esm/module_job:218:25)[39m
[31m    at async ModuleLoader.import (node:internal/modules/esm/loader:329:24)[39m
[31m    at async loadESM (node:internal/process/esm_loader:28:7)[39m
[31m    at async handleMainPromise (node:internal/modules/run_main:113:12)[39m
[17:59:26] [DEV] [[31merror[39m]: [31muncaughtException: Cannot access 'Post' before initialization[39m
[31mReferenceError: Cannot access 'Post' before initialization[39m
[31m    at file:///C:/Users/fptshop/Workspace/SNS-Deepfake/server/src/modules/post/models/feel.model.js:35:18[39m
[31m    at file:///C:/Users/fptshop/Workspace/SNS-Deepfake/server/src/modules/post/models/feel.model.js:38:3[39m
[31m    at ModuleJob.run (node:internal/modules/esm/module_job:218:25)[39m
[31m    at async ModuleLoader.import (node:internal/modules/esm/loader:329:24)[39m
[31m    at async loadESM (node:internal/process/esm_loader:28:7)[39m
[31m    at async handleMainPromise (node:internal/modules/run_main:113:12)[39m
[17:59:29] [DEV] [[31merror[39m]: [31muncaughtException: Cannot access 'Mark' before initialization[39m
[31mReferenceError: Cannot access 'Mark' before initialization[39m
[31m    at file:///C:/Users/fptshop/Workspace/SNS-Deepfake/server/src/modules/post/post.model.js:61:1[39m
[31m    at ModuleJob.run (node:internal/modules/esm/module_job:218:25)[39m
[31m    at async ModuleLoader.import (node:internal/modules/esm/loader:329:24)[39m
[31m    at async loadESM (node:internal/process/esm_loader:28:7)[39m
[31m    at async handleMainPromise (node:internal/modules/run_main:113:12)[39m
[17:59:29] [DEV] [[31merror[39m]: [31muncaughtException: Cannot access 'Mark' before initialization[39m
[31mReferenceError: Cannot access 'Mark' before initialization[39m
[31m    at file:///C:/Users/fptshop/Workspace/SNS-Deepfake/server/src/modules/post/post.model.js:61:1[39m
[31m    at ModuleJob.run (node:internal/modules/esm/module_job:218:25)[39m
[31m    at async ModuleLoader.import (node:internal/modules/esm/loader:329:24)[39m
[31m    at async loadESM (node:internal/process/esm_loader:28:7)[39m
[31m    at async handleMainPromise (node:internal/modules/run_main:113:12)[39m
[17:59:29] [DEV] [[31merror[39m]: [31muncaughtException: Cannot access 'Mark' before initialization[39m
[31mReferenceError: Cannot access 'Mark' before initialization[39m
[31m    at file:///C:/Users/fptshop/Workspace/SNS-Deepfake/server/src/modules/post/post.model.js:61:1[39m
[31m    at ModuleJob.run (node:internal/modules/esm/module_job:218:25)[39m
[31m    at async ModuleLoader.import (node:internal/modules/esm/loader:329:24)[39m
[31m    at async loadESM (node:internal/process/esm_loader:28:7)[39m
[31m    at async handleMainPromise (node:internal/modules/run_main:113:12)[39m
[17:59:29] [DEV] [[31merror[39m]: [31muncaughtException: Cannot access 'Mark' before initialization[39m
[31mReferenceError: Cannot access 'Mark' before initialization[39m
[31m    at file:///C:/Users/fptshop/Workspace/SNS-Deepfake/server/src/modules/post/post.model.js:61:1[39m
[31m    at ModuleJob.run (node:internal/modules/esm/module_job:218:25)[39m
[31m    at async ModuleLoader.import (node:internal/modules/esm/loader:329:24)[39m
[31m    at async loadESM (node:internal/process/esm_loader:28:7)[39m
[31m    at async handleMainPromise (node:internal/modules/run_main:113:12)[39m
[17:59:29] [DEV] [[31merror[39m]: [31muncaughtException: Cannot access 'Mark' before initialization[39m
[31mReferenceError: Cannot access 'Mark' before initialization[39m
[31m    at file:///C:/Users/fptshop/Workspace/SNS-Deepfake/server/src/modules/post/post.model.js:61:1[39m
[31m    at ModuleJob.run (node:internal/modules/esm/module_job:218:25)[39m
[31m    at async ModuleLoader.import (node:internal/modules/esm/loader:329:24)[39m
[31m    at async loadESM (node:internal/process/esm_loader:28:7)[39m
[31m    at async handleMainPromise (node:internal/modules/run_main:113:12)[39m
[17:59:40] [DEV] [[31merror[39m]: [31muncaughtException: Cannot access 'Mark' before initialization[39m
[31mReferenceError: Cannot access 'Mark' before initialization[39m
[31m    at file:///C:/Users/fptshop/Workspace/SNS-Deepfake/server/src/modules/post/post.model.js:61:1[39m
[31m    at ModuleJob.run (node:internal/modules/esm/module_job:218:25)[39m
[31m    at async ModuleLoader.import (node:internal/modules/esm/loader:329:24)[39m
[31m    at async loadESM (node:internal/process/esm_loader:28:7)[39m
[31m    at async handleMainPromise (node:internal/modules/run_main:113:12)[39m
[17:59:40] [DEV] [[31merror[39m]: [31muncaughtException: Cannot access 'Mark' before initialization[39m
[31mReferenceError: Cannot access 'Mark' before initialization[39m
[31m    at file:///C:/Users/fptshop/Workspace/SNS-Deepfake/server/src/modules/post/post.model.js:61:1[39m
[31m    at ModuleJob.run (node:internal/modules/esm/module_job:218:25)[39m
[31m    at async ModuleLoader.import (node:internal/modules/esm/loader:329:24)[39m
[31m    at async loadESM (node:internal/process/esm_loader:28:7)[39m
[31m    at async handleMainPromise (node:internal/modules/run_main:113:12)[39m
[17:59:40] [DEV] [[31merror[39m]: [31muncaughtException: Cannot access 'Mark' before initialization[39m
[31mReferenceError: Cannot access 'Mark' before initialization[39m
[31m    at file:///C:/Users/fptshop/Workspace/SNS-Deepfake/server/src/modules/post/post.model.js:61:1[39m
[31m    at ModuleJob.run (node:internal/modules/esm/module_job:218:25)[39m
[31m    at async ModuleLoader.import (node:internal/modules/esm/loader:329:24)[39m
[31m    at async loadESM (node:internal/process/esm_loader:28:7)[39m
[31m    at async handleMainPromise (node:internal/modules/run_main:113:12)[39m
[17:59:40] [DEV] [[31merror[39m]: [31muncaughtException: Cannot access 'Mark' before initialization[39m
[31mReferenceError: Cannot access 'Mark' before initialization[39m
[31m    at file:///C:/Users/fptshop/Workspace/SNS-Deepfake/server/src/modules/post/post.model.js:61:1[39m
[31m    at ModuleJob.run (node:internal/modules/esm/module_job:218:25)[39m
[31m    at async ModuleLoader.import (node:internal/modules/esm/loader:329:24)[39m
[31m    at async loadESM (node:internal/process/esm_loader:28:7)[39m
[31m    at async handleMainPromise (node:internal/modules/run_main:113:12)[39m
[17:59:40] [DEV] [[31merror[39m]: [31muncaughtException: Cannot access 'Mark' before initialization[39m
[31mReferenceError: Cannot access 'Mark' before initialization[39m
[31m    at file:///C:/Users/fptshop/Workspace/SNS-Deepfake/server/src/modules/post/post.model.js:61:1[39m
[31m    at ModuleJob.run (node:internal/modules/esm/module_job:218:25)[39m
[31m    at async ModuleLoader.import (node:internal/modules/esm/loader:329:24)[39m
[31m    at async loadESM (node:internal/process/esm_loader:28:7)[39m
[31m    at async handleMainPromise (node:internal/modules/run_main:113:12)[39m
[18:00:01] [DEV] [[31merror[39m]: [31muncaughtException: Cannot access 'Mark' before initialization[39m
[31mReferenceError: Cannot access 'Mark' before initialization[39m
[31m    at file:///C:/Users/fptshop/Workspace/SNS-Deepfake/server/src/modules/post/post.model.js:64:14[39m
[31m    at ModuleJob.run (node:internal/modules/esm/module_job:218:25)[39m
[31m    at async ModuleLoader.import (node:internal/modules/esm/loader:329:24)[39m
[31m    at async loadESM (node:internal/process/esm_loader:28:7)[39m
[31m    at async handleMainPromise (node:internal/modules/run_main:113:12)[39m
[18:00:01] [DEV] [[31merror[39m]: [31muncaughtException: Cannot access 'Mark' before initialization[39m
[31mReferenceError: Cannot access 'Mark' before initialization[39m
[31m    at file:///C:/Users/fptshop/Workspace/SNS-Deepfake/server/src/modules/post/post.model.js:64:14[39m
[31m    at ModuleJob.run (node:internal/modules/esm/module_job:218:25)[39m
[31m    at async ModuleLoader.import (node:internal/modules/esm/loader:329:24)[39m
[31m    at async loadESM (node:internal/process/esm_loader:28:7)[39m
[31m    at async handleMainPromise (node:internal/modules/run_main:113:12)[39m
[18:00:01] [DEV] [[31merror[39m]: [31muncaughtException: Cannot access 'Mark' before initialization[39m
[31mReferenceError: Cannot access 'Mark' before initialization[39m
[31m    at file:///C:/Users/fptshop/Workspace/SNS-Deepfake/server/src/modules/post/post.model.js:64:14[39m
[31m    at ModuleJob.run (node:internal/modules/esm/module_job:218:25)[39m
[31m    at async ModuleLoader.import (node:internal/modules/esm/loader:329:24)[39m
[31m    at async loadESM (node:internal/process/esm_loader:28:7)[39m
[31m    at async handleMainPromise (node:internal/modules/run_main:113:12)[39m
[18:00:01] [DEV] [[31merror[39m]: [31muncaughtException: Cannot access 'Mark' before initialization[39m
[31mReferenceError: Cannot access 'Mark' before initialization[39m
[31m    at file:///C:/Users/fptshop/Workspace/SNS-Deepfake/server/src/modules/post/post.model.js:64:14[39m
[31m    at ModuleJob.run (node:internal/modules/esm/module_job:218:25)[39m
[31m    at async ModuleLoader.import (node:internal/modules/esm/loader:329:24)[39m
[31m    at async loadESM (node:internal/process/esm_loader:28:7)[39m
[31m    at async handleMainPromise (node:internal/modules/run_main:113:12)[39m
[18:00:01] [DEV] [[31merror[39m]: [31muncaughtException: Cannot access 'Mark' before initialization[39m
[31mReferenceError: Cannot access 'Mark' before initialization[39m
[31m    at file:///C:/Users/fptshop/Workspace/SNS-Deepfake/server/src/modules/post/post.model.js:64:14[39m
[31m    at ModuleJob.run (node:internal/modules/esm/module_job:218:25)[39m
[31m    at async ModuleLoader.import (node:internal/modules/esm/loader:329:24)[39m
[31m    at async loadESM (node:internal/process/esm_loader:28:7)[39m
[31m    at async handleMainPromise (node:internal/modules/run_main:113:12)[39m
[18:00:13] [DEV] [[31merror[39m]: [31muncaughtException: Cannot access 'Mark' before initialization[39m
[31mReferenceError: Cannot access 'Mark' before initialization[39m
[31m    at file:///C:/Users/fptshop/Workspace/SNS-Deepfake/server/src/modules/post/post.model.js:64:14[39m
[31m    at ModuleJob.run (node:internal/modules/esm/module_job:218:25)[39m
[31m    at async ModuleLoader.import (node:internal/modules/esm/loader:329:24)[39m
[31m    at async loadESM (node:internal/process/esm_loader:28:7)[39m
[31m    at async handleMainPromise (node:internal/modules/run_main:113:12)[39m
[18:00:13] [DEV] [[31merror[39m]: [31muncaughtException: Cannot access 'Mark' before initialization[39m
[31mReferenceError: Cannot access 'Mark' before initialization[39m
[31m    at file:///C:/Users/fptshop/Workspace/SNS-Deepfake/server/src/modules/post/post.model.js:64:14[39m
[31m    at ModuleJob.run (node:internal/modules/esm/module_job:218:25)[39m
[31m    at async ModuleLoader.import (node:internal/modules/esm/loader:329:24)[39m
[31m    at async loadESM (node:internal/process/esm_loader:28:7)[39m
[31m    at async handleMainPromise (node:internal/modules/run_main:113:12)[39m
[18:00:13] [DEV] [[31merror[39m]: [31muncaughtException: Cannot access 'Mark' before initialization[39m
[31mReferenceError: Cannot access 'Mark' before initialization[39m
[31m    at file:///C:/Users/fptshop/Workspace/SNS-Deepfake/server/src/modules/post/post.model.js:64:14[39m
[31m    at ModuleJob.run (node:internal/modules/esm/module_job:218:25)[39m
[31m    at async ModuleLoader.import (node:internal/modules/esm/loader:329:24)[39m
[31m    at async loadESM (node:internal/process/esm_loader:28:7)[39m
[31m    at async handleMainPromise (node:internal/modules/run_main:113:12)[39m
[18:00:13] [DEV] [[31merror[39m]: [31muncaughtException: Cannot access 'Mark' before initialization[39m
[31mReferenceError: Cannot access 'Mark' before initialization[39m
[31m    at file:///C:/Users/fptshop/Workspace/SNS-Deepfake/server/src/modules/post/post.model.js:64:14[39m
[31m    at ModuleJob.run (node:internal/modules/esm/module_job:218:25)[39m
[31m    at async ModuleLoader.import (node:internal/modules/esm/loader:329:24)[39m
[31m    at async loadESM (node:internal/process/esm_loader:28:7)[39m
[31m    at async handleMainPromise (node:internal/modules/run_main:113:12)[39m
[18:00:13] [DEV] [[31merror[39m]: [31muncaughtException: Cannot access 'Mark' before initialization[39m
[31mReferenceError: Cannot access 'Mark' before initialization[39m
[31m    at file:///C:/Users/fptshop/Workspace/SNS-Deepfake/server/src/modules/post/post.model.js:64:14[39m
[31m    at ModuleJob.run (node:internal/modules/esm/module_job:218:25)[39m
[31m    at async ModuleLoader.import (node:internal/modules/esm/loader:329:24)[39m
[31m    at async loadESM (node:internal/process/esm_loader:28:7)[39m
[31m    at async handleMainPromise (node:internal/modules/run_main:113:12)[39m
[18:01:21] [DEV] [[31merror[39m]: [31muncaughtException: Cannot access 'Feel' before initialization[39m
[31mReferenceError: Cannot access 'Feel' before initialization[39m
[31m    at file:///C:/Users/fptshop/Workspace/SNS-Deepfake/server/src/modules/post/post.model.js:63:14[39m
[31m    at ModuleJob.run (node:internal/modules/esm/module_job:218:25)[39m
[31m    at async ModuleLoader.import (node:internal/modules/esm/loader:329:24)[39m
[31m    at async loadESM (node:internal/process/esm_loader:28:7)[39m
[31m    at async handleMainPromise (node:internal/modules/run_main:113:12)[39m
[18:01:21] [DEV] [[31merror[39m]: [31muncaughtException: Cannot access 'Feel' before initialization[39m
[31mReferenceError: Cannot access 'Feel' before initialization[39m
[31m    at file:///C:/Users/fptshop/Workspace/SNS-Deepfake/server/src/modules/post/post.model.js:63:14[39m
[31m    at ModuleJob.run (node:internal/modules/esm/module_job:218:25)[39m
[31m    at async ModuleLoader.import (node:internal/modules/esm/loader:329:24)[39m
[31m    at async loadESM (node:internal/process/esm_loader:28:7)[39m
[31m    at async handleMainPromise (node:internal/modules/run_main:113:12)[39m
[18:01:21] [DEV] [[31merror[39m]: [31muncaughtException: Cannot access 'Feel' before initialization[39m
[31mReferenceError: Cannot access 'Feel' before initialization[39m
[31m    at file:///C:/Users/fptshop/Workspace/SNS-Deepfake/server/src/modules/post/post.model.js:63:14[39m
[31m    at ModuleJob.run (node:internal/modules/esm/module_job:218:25)[39m
[31m    at async ModuleLoader.import (node:internal/modules/esm/loader:329:24)[39m
[31m    at async loadESM (node:internal/process/esm_loader:28:7)[39m
[31m    at async handleMainPromise (node:internal/modules/run_main:113:12)[39m
[18:01:21] [DEV] [[31merror[39m]: [31muncaughtException: Cannot access 'Feel' before initialization[39m
[31mReferenceError: Cannot access 'Feel' before initialization[39m
[31m    at file:///C:/Users/fptshop/Workspace/SNS-Deepfake/server/src/modules/post/post.model.js:63:14[39m
[31m    at ModuleJob.run (node:internal/modules/esm/module_job:218:25)[39m
[31m    at async ModuleLoader.import (node:internal/modules/esm/loader:329:24)[39m
[31m    at async loadESM (node:internal/process/esm_loader:28:7)[39m
[31m    at async handleMainPromise (node:internal/modules/run_main:113:12)[39m
[18:01:21] [DEV] [[31merror[39m]: [31muncaughtException: Cannot access 'Feel' before initialization[39m
[31mReferenceError: Cannot access 'Feel' before initialization[39m
[31m    at file:///C:/Users/fptshop/Workspace/SNS-Deepfake/server/src/modules/post/post.model.js:63:14[39m
[31m    at ModuleJob.run (node:internal/modules/esm/module_job:218:25)[39m
[31m    at async ModuleLoader.import (node:internal/modules/esm/loader:329:24)[39m
[31m    at async loadESM (node:internal/process/esm_loader:28:7)[39m
[31m    at async handleMainPromise (node:internal/modules/run_main:113:12)[39m
[18:11:46] [DEV] [[31merror[39m]: [31muncaughtException: Route.get() requires a callback function but got a [object Undefined][39m
[31mError: Route.get() requires a callback function but got a [object Undefined][39m
[31m    at Route.<computed> [as get] (C:\Users\fptshop\Workspace\SNS-Deepfake\server\node_modules\express\lib\router\route.js:216:15)[39m
[31m    at proto.<computed> [as get] (C:\Users\fptshop\Workspace\SNS-Deepfake\server\node_modules\express\lib\router\index.js:521:19)[39m
[31m    at file:///C:/Users/fptshop/Workspace/SNS-Deepfake/server/src/modules/post/post.route.js:10:8[39m
[31m    at ModuleJob.run (node:internal/modules/esm/module_job:218:25)[39m
[31m    at async ModuleLoader.import (node:internal/modules/esm/loader:329:24)[39m
[31m    at async loadESM (node:internal/process/esm_loader:28:7)[39m
[31m    at async handleMainPromise (node:internal/modules/run_main:113:12)[39m
[18:11:46] [DEV] [[31merror[39m]: [31muncaughtException: Route.get() requires a callback function but got a [object Undefined][39m
[31mError: Route.get() requires a callback function but got a [object Undefined][39m
[31m    at Route.<computed> [as get] (C:\Users\fptshop\Workspace\SNS-Deepfake\server\node_modules\express\lib\router\route.js:216:15)[39m
[31m    at proto.<computed> [as get] (C:\Users\fptshop\Workspace\SNS-Deepfake\server\node_modules\express\lib\router\index.js:521:19)[39m
[31m    at file:///C:/Users/fptshop/Workspace/SNS-Deepfake/server/src/modules/post/post.route.js:10:8[39m
[31m    at ModuleJob.run (node:internal/modules/esm/module_job:218:25)[39m
[31m    at async ModuleLoader.import (node:internal/modules/esm/loader:329:24)[39m
[31m    at async loadESM (node:internal/process/esm_loader:28:7)[39m
[31m    at async handleMainPromise (node:internal/modules/run_main:113:12)[39m
[18:11:46] [DEV] [[31merror[39m]: [31muncaughtException: Route.get() requires a callback function but got a [object Undefined][39m
[31mError: Route.get() requires a callback function but got a [object Undefined][39m
[31m    at Route.<computed> [as get] (C:\Users\fptshop\Workspace\SNS-Deepfake\server\node_modules\express\lib\router\route.js:216:15)[39m
[31m    at proto.<computed> [as get] (C:\Users\fptshop\Workspace\SNS-Deepfake\server\node_modules\express\lib\router\index.js:521:19)[39m
[31m    at file:///C:/Users/fptshop/Workspace/SNS-Deepfake/server/src/modules/post/post.route.js:10:8[39m
[31m    at ModuleJob.run (node:internal/modules/esm/module_job:218:25)[39m
[31m    at async ModuleLoader.import (node:internal/modules/esm/loader:329:24)[39m
[31m    at async loadESM (node:internal/process/esm_loader:28:7)[39m
[31m    at async handleMainPromise (node:internal/modules/run_main:113:12)[39m
[18:11:46] [DEV] [[31merror[39m]: [31muncaughtException: Route.get() requires a callback function but got a [object Undefined][39m
[31mError: Route.get() requires a callback function but got a [object Undefined][39m
[31m    at Route.<computed> [as get] (C:\Users\fptshop\Workspace\SNS-Deepfake\server\node_modules\express\lib\router\route.js:216:15)[39m
[31m    at proto.<computed> [as get] (C:\Users\fptshop\Workspace\SNS-Deepfake\server\node_modules\express\lib\router\index.js:521:19)[39m
[31m    at file:///C:/Users/fptshop/Workspace/SNS-Deepfake/server/src/modules/post/post.route.js:10:8[39m
[31m    at ModuleJob.run (node:internal/modules/esm/module_job:218:25)[39m
[31m    at async ModuleLoader.import (node:internal/modules/esm/loader:329:24)[39m
[31m    at async loadESM (node:internal/process/esm_loader:28:7)[39m
[31m    at async handleMainPromise (node:internal/modules/run_main:113:12)[39m
[18:11:46] [DEV] [[31merror[39m]: [31muncaughtException: Route.get() requires a callback function but got a [object Undefined][39m
[31mError: Route.get() requires a callback function but got a [object Undefined][39m
[31m    at Route.<computed> [as get] (C:\Users\fptshop\Workspace\SNS-Deepfake\server\node_modules\express\lib\router\route.js:216:15)[39m
[31m    at proto.<computed> [as get] (C:\Users\fptshop\Workspace\SNS-Deepfake\server\node_modules\express\lib\router\index.js:521:19)[39m
[31m    at file:///C:/Users/fptshop/Workspace/SNS-Deepfake/server/src/modules/post/post.route.js:10:8[39m
[31m    at ModuleJob.run (node:internal/modules/esm/module_job:218:25)[39m
[31m    at async ModuleLoader.import (node:internal/modules/esm/loader:329:24)[39m
[31m    at async loadESM (node:internal/process/esm_loader:28:7)[39m
[31m    at async handleMainPromise (node:internal/modules/run_main:113:12)[39m
