[00:00:11] [DEV] [[35mhttp[39m]: [35m::1 PUT /api/v1/post/edit_post/50 500 74 - 134.180 ms[39m
[35m[39m
[00:01:34] [DEV] [[35mhttp[39m]: [35m::1 PUT /api/v1/post/edit_post/50 500 74 - 104.317 ms[39m
[35m[39m
[08:45:42] [DEV] [[35mhttp[39m]: [35m::1 POST /api/v1/user/login 200 589 - 1133.231 ms[39m
[35m[39m
[08:46:18] [DEV] [[35mhttp[39m]: [35m::1 GET /api/v1/post/get_post/42 500 84 - 786.410 ms[39m
[35m[39m
[08:46:28] [DEV] [[35mhttp[39m]: [35m::1 GET /api/v1/post/get_post/46 500 84 - 305.788 ms[39m
[35m[39m
[09:02:15] [DEV] [[35mhttp[39m]: [35m::1 GET /api/v1/post/get_post/46 500 91 - 626.932 ms[39m
[35m[39m
[09:04:48] [DEV] [[35mhttp[39m]: [35m::1 GET /api/v1/post/get_post/46 500 91 - 2037.025 ms[39m
[35m[39m
[09:04:54] [DEV] [[35mhttp[39m]: [35m::1 GET /api/v1/post/get_post/46 500 91 - 315.171 ms[39m
[35m[39m
[09:06:21] [DEV] [[35mhttp[39m]: [35m::1 GET /api/v1/post/get_post/46 500 91 - 374.366 ms[39m
[35m[39m
[17:31:24] [DEV] [[35mhttp[39m]: [35m::1 POST /api/v1/user/login 200 567 - 354.539 ms[39m
[35m[39m
[17:33:31] [DEV] [[35mhttp[39m]: [35m::1 GET /api/v1/post/get_post/52 500 84 - 963.778 ms[39m
[35m[39m
[17:39:35] [DEV] [[35mhttp[39m]: [35m::1 GET /api/v1/post/get_post/52 500 84 - 263.716 ms[39m
[35m[39m
[17:41:16] [DEV] [[35mhttp[39m]: [35m::1 GET /api/v1/post/get_post/52 500 84 - 351.505 ms[39m
[35m[39m
[17:41:18] [DEV] [[35mhttp[39m]: [35m::1 GET /api/v1/post/get_post/52 500 84 - 213.228 ms[39m
[35m[39m
[17:41:30] [DEV] [[35mhttp[39m]: [35m::1 GET /api/v1/post/get_post/52 500 91 - 1650.573 ms[39m
[35m[39m
[17:41:36] [DEV] [[35mhttp[39m]: [35m::1 GET /api/v1/post/get_post/52 500 91 - 239.143 ms[39m
[35m[39m
[18:01:58] [DEV] [[35mhttp[39m]: [35m::1 GET /api/v1/post/get_post/52 500 84 - 208.310 ms[39m
[35m[39m
[18:03:17] [DEV] [[35mhttp[39m]: [35m::1 GET /api/v1/post/get_post/52 500 84 - 597.328 ms[39m
[35m[39m
[18:06:33] [DEV] [[35mhttp[39m]: [35m::1 GET /api/v1/post/get_post/52 500 84 - 281.469 ms[39m
[35m[39m
[18:06:36] [DEV] [[35mhttp[39m]: [35m::1 GET /api/v1/post/get_post/52 500 84 - 246.031 ms[39m
[35m[39m
[18:07:01] [DEV] [[35mhttp[39m]: [35m::1 GET /api/v1/post/get_post/52 500 84 - 660.837 ms[39m
[35m[39m
[18:08:10] [DEV] [[35mhttp[39m]: [35m::1 GET /api/v1/post/get_post/52 500 84 - 620.931 ms[39m
[35m[39m
[22:11:40] [DEV] [[35mhttp[39m]: [35m::1 POST /api/v1/user/login 200 567 - 548.492 ms[39m
[35m[39m
[22:12:00] [DEV] [[35mhttp[39m]: [35m::1 GET /api/v1/post/get_post/52 500 76 - 951.019 ms[39m
[35m[39m
[22:12:12] [DEV] [[35mhttp[39m]: [35m::1 GET /api/v1/post/get_post/54 500 76 - 610.576 ms[39m
[35m[39m
[22:17:47] [DEV] [[31merror[39m]: [31munhandledRejection: insert or update on table "Posts" violates foreign key constraint "Posts_authorId_fkey"[39m
[31mError[39m
[31m    at Query.run (C:\Users\fptshop\Workspace\SNS-Deepfake\server\node_modules\sequelize\lib\dialects\postgres\query.js:50:25)[39m
[31m    at C:\Users\fptshop\Workspace\SNS-Deepfake\server\node_modules\sequelize\lib\sequelize.js:315:28[39m
[31m    at process.processTicksAndRejections (node:internal/process/task_queues:95:5)[39m
[31m    at async Post.sync (C:\Users\fptshop\Workspace\SNS-Deepfake\server\node_modules\sequelize\lib\model.js:984:11)[39m
[22:18:13] [DEV] [[31merror[39m]: [31munhandledRejection: insert or update on table "Posts" violates foreign key constraint "Posts_authorId_fkey"[39m
[31mError[39m
[31m    at Query.run (C:\Users\fptshop\Workspace\SNS-Deepfake\server\node_modules\sequelize\lib\dialects\postgres\query.js:50:25)[39m
[31m    at C:\Users\fptshop\Workspace\SNS-Deepfake\server\node_modules\sequelize\lib\sequelize.js:315:28[39m
[31m    at process.processTicksAndRejections (node:internal/process/task_queues:95:5)[39m
[31m    at async Post.sync (C:\Users\fptshop\Workspace\SNS-Deepfake\server\node_modules\sequelize\lib\model.js:984:11)[39m
[22:18:55] [DEV] [[31merror[39m]: [31munhandledRejection: insert or update on table "Posts" violates foreign key constraint "Posts_authorId_fkey"[39m
[31mError[39m
[31m    at Query.run (C:\Users\fptshop\Workspace\SNS-Deepfake\server\node_modules\sequelize\lib\dialects\postgres\query.js:50:25)[39m
[31m    at C:\Users\fptshop\Workspace\SNS-Deepfake\server\node_modules\sequelize\lib\sequelize.js:315:28[39m
[31m    at process.processTicksAndRejections (node:internal/process/task_queues:95:5)[39m
[31m    at async Post.sync (C:\Users\fptshop\Workspace\SNS-Deepfake\server\node_modules\sequelize\lib\model.js:984:11)[39m
[22:20:46] [DEV] [[31merror[39m]: [31munhandledRejection: insert or update on table "Posts" violates foreign key constraint "Posts_authorId_fkey"[39m
[31mError[39m
[31m    at Query.run (C:\Users\fptshop\Workspace\SNS-Deepfake\server\node_modules\sequelize\lib\dialects\postgres\query.js:50:25)[39m
[31m    at C:\Users\fptshop\Workspace\SNS-Deepfake\server\node_modules\sequelize\lib\sequelize.js:315:28[39m
[31m    at process.processTicksAndRejections (node:internal/process/task_queues:95:5)[39m
[31m    at async Post.sync (C:\Users\fptshop\Workspace\SNS-Deepfake\server\node_modules\sequelize\lib\model.js:984:11)[39m
[22:23:03] [DEV] [[31merror[39m]: [31munhandledRejection: insert or update on table "Posts" violates foreign key constraint "Posts_authorId_fkey"[39m
[31mError[39m
[31m    at Query.run (C:\Users\fptshop\Workspace\SNS-Deepfake\server\node_modules\sequelize\lib\dialects\postgres\query.js:50:25)[39m
[31m    at C:\Users\fptshop\Workspace\SNS-Deepfake\server\node_modules\sequelize\lib\sequelize.js:315:28[39m
[31m    at process.processTicksAndRejections (node:internal/process/task_queues:95:5)[39m
[31m    at async Post.sync (C:\Users\fptshop\Workspace\SNS-Deepfake\server\node_modules\sequelize\lib\model.js:984:11)[39m
[22:23:19] [DEV] [[31merror[39m]: [31munhandledRejection: insert or update on table "Posts" violates foreign key constraint "Posts_authorId_fkey"[39m
[31mError[39m
[31m    at Query.run (C:\Users\fptshop\Workspace\SNS-Deepfake\server\node_modules\sequelize\lib\dialects\postgres\query.js:50:25)[39m
[31m    at C:\Users\fptshop\Workspace\SNS-Deepfake\server\node_modules\sequelize\lib\sequelize.js:315:28[39m
[31m    at process.processTicksAndRejections (node:internal/process/task_queues:95:5)[39m
[31m    at async Post.sync (C:\Users\fptshop\Workspace\SNS-Deepfake\server\node_modules\sequelize\lib\model.js:984:11)[39m
[22:27:24] [DEV] [[31merror[39m]: [31munhandledRejection: insert or update on table "Posts" violates foreign key constraint "Posts_authorId_fkey"[39m
[31mError[39m
[31m    at Query.run (C:\Users\fptshop\Workspace\SNS-Deepfake\server\node_modules\sequelize\lib\dialects\postgres\query.js:50:25)[39m
[31m    at C:\Users\fptshop\Workspace\SNS-Deepfake\server\node_modules\sequelize\lib\sequelize.js:315:28[39m
[31m    at process.processTicksAndRejections (node:internal/process/task_queues:95:5)[39m
[31m    at async Post.sync (C:\Users\fptshop\Workspace\SNS-Deepfake\server\node_modules\sequelize\lib\model.js:984:11)[39m
[22:31:04] [DEV] [[35mhttp[39m]: [35m::1 POST /api/v1/user/register 500 120 - 830.137 ms[39m
[35m[39m
[22:31:13] [DEV] [[35mhttp[39m]: [35m::1 GET /api/v1/post/get_post/54 500 84 - 209.159 ms[39m
[35m[39m
[22:32:54] [DEV] [[35mhttp[39m]: [35m::1 GET /api/v1/post/get_post/54 400 55 - 244.662 ms[39m
[35m[39m
[22:33:04] [DEV] [[35mhttp[39m]: [35m::1 GET /api/v1/post/get_post/54 400 55 - 206.692 ms[39m
[35m[39m
[22:33:35] [DEV] [[35mhttp[39m]: [35m::1 GET /api/v1/post/get_post/52 500 91 - 612.295 ms[39m
[35m[39m
[22:48:32] [DEV] [[35mhttp[39m]: [35m::1 GET /api/v1/post/get_post/52 500 84 - 313.445 ms[39m
[35m[39m
[22:55:23] [DEV] [[35mhttp[39m]: [35m::1 GET /api/v1/post/get_post/52 500 84 - 1656.439 ms[39m
[35m[39m
[22:57:16] [DEV] [[35mhttp[39m]: [35m::1 GET /api/v1/post/get_post/52 500 91 - 318.738 ms[39m
[35m[39m
[22:59:34] [DEV] [[35mhttp[39m]: [35m::1 GET /api/v1/post/get_post/52 500 91 - 289.637 ms[39m
[35m[39m
[23:00:01] [DEV] [[35mhttp[39m]: [35m::1 GET /api/v1/post/get_post/52 500 78 - 279.215 ms[39m
[35m[39m
[23:01:32] [DEV] [[35mhttp[39m]: [35m::1 GET /api/v1/post/get_post/52 500 76 - 1709.069 ms[39m
[35m[39m
[23:01:47] [DEV] [[35mhttp[39m]: [35m::1 GET /api/v1/post/get_post/52 500 76 - 500.725 ms[39m
[35m[39m
[23:04:16] [DEV] [[35mhttp[39m]: [35m::1 GET /api/v1/post/get_post/52 500 85 - 135.024 ms[39m
[35m[39m
[23:08:54] [DEV] [[35mhttp[39m]: [35m::1 GET /api/v1/post/get_post/52 500 78 - 216.246 ms[39m
[35m[39m
[23:12:06] [DEV] [[35mhttp[39m]: [35m::1 GET /api/v1/post/get_post/52 500 - - 80.380 ms[39m
[35m[39m
[23:14:56] [DEV] [[35mhttp[39m]: [35m::1 GET /api/v1/post/get_post/52 401 54 - 67.196 ms[39m
[35m[39m
[23:20:47] [DEV] [[35mhttp[39m]: [35m::1 POST /api/v1/user/register 500 76 - 687.218 ms[39m
[35m[39m
[23:23:08] [DEV] [[35mhttp[39m]: [35m::1 POST /api/v1/user/register 500 120 - 1073.865 ms[39m
[35m[39m
[23:24:40] [DEV] [[35mhttp[39m]: [35m::1 POST /api/v1/user/register 500 76 - 812.224 ms[39m
[35m[39m
[23:25:59] [DEV] [[35mhttp[39m]: [35m::1 POST /api/v1/user/register 201 83 - 559.054 ms[39m
[35m[39m
[23:26:04] [DEV] [[35mhttp[39m]: [35m::1 POST /api/v1/user/register 500 90 - 64.914 ms[39m
[35m[39m
[23:27:28] [DEV] [[35mhttp[39m]: [35m::1 POST /api/v1/user/login 400 55 - 464.388 ms[39m
[35m[39m
[23:27:54] [DEV] [[35mhttp[39m]: [35m::1 POST /api/v1/user/login 200 543 - 746.709 ms[39m
[35m[39m
[23:44:52] [DEV] [[35mhttp[39m]: [35m::1 GET /api/v1/post/get_post/52 500 79 - 1065.317 ms[39m
[35m[39m
[23:47:08] [DEV] [[35mhttp[39m]: [35m::1 GET /api/v1/post/get_post/52 500 91 - 169.238 ms[39m
[35m[39m
[23:47:51] [DEV] [[35mhttp[39m]: [35m::1 GET /api/v1/post/get_post/52 500 91 - 480.391 ms[39m
[35m[39m
