[01:44:26] [DEV] [[31merror[39m]: [31muncaughtException: The "url" argument must be of type string. Received an instance of Object[39m
[31mTypeError: The "url" argument must be of type string. Received an instance of Object[39m
[31m    at validateString (node:internal/validators:162:11)[39m
[31m    at Url.parse (node:url:170:3)[39m
[31m    at Object.urlParse [as parse] (node:url:141:13)[39m
[31m    at new Sequelize (D:\Source_Code\Projects\SNS-Deepfake\server\node_modules\sequelize\lib\sequelize.js:57:28)[39m
[31m    at PostgreDatabase.initConnection (file:///D:/Source_Code/Projects/SNS-Deepfake/server/src/dbs/postgre.db.js:30:22)[39m
[31m    at new PostgreDatabase (file:///D:/Source_Code/Projects/SNS-Deepfake/server/src/dbs/postgre.db.js:16:10)[39m
[31m    at PostgreDatabase.getInstance (file:///D:/Source_Code/Projects/SNS-Deepfake/server/src/dbs/postgre.db.js:23:14)[39m
[31m    at file:///D:/Source_Code/Projects/SNS-Deepfake/server/src/dbs/postgre.db.js:64:42[39m
[31m    at ModuleJob.run (node:internal/modules/esm/module_job:218:25)[39m
[31m    at async ModuleLoader.import (node:internal/modules/esm/loader:329:24)[39m
[31m    at async loadESM (node:internal/process/esm_loader:28:7)[39m
[31m    at async handleMainPromise (node:internal/modules/run_main:113:12)[39m
[01:44:26] [DEV] [[31merror[39m]: [31muncaughtException: The "url" argument must be of type string. Received an instance of Object[39m
[31mTypeError: The "url" argument must be of type string. Received an instance of Object[39m
[31m    at validateString (node:internal/validators:162:11)[39m
[31m    at Url.parse (node:url:170:3)[39m
[31m    at Object.urlParse [as parse] (node:url:141:13)[39m
[31m    at new Sequelize (D:\Source_Code\Projects\SNS-Deepfake\server\node_modules\sequelize\lib\sequelize.js:57:28)[39m
[31m    at PostgreDatabase.initConnection (file:///D:/Source_Code/Projects/SNS-Deepfake/server/src/dbs/postgre.db.js:30:22)[39m
[31m    at new PostgreDatabase (file:///D:/Source_Code/Projects/SNS-Deepfake/server/src/dbs/postgre.db.js:16:10)[39m
[31m    at PostgreDatabase.getInstance (file:///D:/Source_Code/Projects/SNS-Deepfake/server/src/dbs/postgre.db.js:23:14)[39m
[31m    at file:///D:/Source_Code/Projects/SNS-Deepfake/server/src/dbs/postgre.db.js:64:42[39m
[31m    at ModuleJob.run (node:internal/modules/esm/module_job:218:25)[39m
[31m    at async ModuleLoader.import (node:internal/modules/esm/loader:329:24)[39m
[31m    at async loadESM (node:internal/process/esm_loader:28:7)[39m
[31m    at async handleMainPromise (node:internal/modules/run_main:113:12)[39m
[01:44:26] [DEV] [[31merror[39m]: [31muncaughtException: The "url" argument must be of type string. Received an instance of Object[39m
[31mTypeError: The "url" argument must be of type string. Received an instance of Object[39m
[31m    at validateString (node:internal/validators:162:11)[39m
[31m    at Url.parse (node:url:170:3)[39m
[31m    at Object.urlParse [as parse] (node:url:141:13)[39m
[31m    at new Sequelize (D:\Source_Code\Projects\SNS-Deepfake\server\node_modules\sequelize\lib\sequelize.js:57:28)[39m
[31m    at PostgreDatabase.initConnection (file:///D:/Source_Code/Projects/SNS-Deepfake/server/src/dbs/postgre.db.js:30:22)[39m
[31m    at new PostgreDatabase (file:///D:/Source_Code/Projects/SNS-Deepfake/server/src/dbs/postgre.db.js:16:10)[39m
[31m    at PostgreDatabase.getInstance (file:///D:/Source_Code/Projects/SNS-Deepfake/server/src/dbs/postgre.db.js:23:14)[39m
[31m    at file:///D:/Source_Code/Projects/SNS-Deepfake/server/src/dbs/postgre.db.js:64:42[39m
[31m    at ModuleJob.run (node:internal/modules/esm/module_job:218:25)[39m
[31m    at async ModuleLoader.import (node:internal/modules/esm/loader:329:24)[39m
[31m    at async loadESM (node:internal/process/esm_loader:28:7)[39m
[31m    at async handleMainPromise (node:internal/modules/run_main:113:12)[39m
[01:44:26] [DEV] [[31merror[39m]: [31muncaughtException: The "url" argument must be of type string. Received an instance of Object[39m
[31mTypeError: The "url" argument must be of type string. Received an instance of Object[39m
[31m    at validateString (node:internal/validators:162:11)[39m
[31m    at Url.parse (node:url:170:3)[39m
[31m    at Object.urlParse [as parse] (node:url:141:13)[39m
[31m    at new Sequelize (D:\Source_Code\Projects\SNS-Deepfake\server\node_modules\sequelize\lib\sequelize.js:57:28)[39m
[31m    at PostgreDatabase.initConnection (file:///D:/Source_Code/Projects/SNS-Deepfake/server/src/dbs/postgre.db.js:30:22)[39m
[31m    at new PostgreDatabase (file:///D:/Source_Code/Projects/SNS-Deepfake/server/src/dbs/postgre.db.js:16:10)[39m
[31m    at PostgreDatabase.getInstance (file:///D:/Source_Code/Projects/SNS-Deepfake/server/src/dbs/postgre.db.js:23:14)[39m
[31m    at file:///D:/Source_Code/Projects/SNS-Deepfake/server/src/dbs/postgre.db.js:64:42[39m
[31m    at ModuleJob.run (node:internal/modules/esm/module_job:218:25)[39m
[31m    at async ModuleLoader.import (node:internal/modules/esm/loader:329:24)[39m
[31m    at async loadESM (node:internal/process/esm_loader:28:7)[39m
[31m    at async handleMainPromise (node:internal/modules/run_main:113:12)[39m
[01:44:26] [DEV] [[31merror[39m]: [31muncaughtException: The "url" argument must be of type string. Received an instance of Object[39m
[31mTypeError: The "url" argument must be of type string. Received an instance of Object[39m
[31m    at validateString (node:internal/validators:162:11)[39m
[31m    at Url.parse (node:url:170:3)[39m
[31m    at Object.urlParse [as parse] (node:url:141:13)[39m
[31m    at new Sequelize (D:\Source_Code\Projects\SNS-Deepfake\server\node_modules\sequelize\lib\sequelize.js:57:28)[39m
[31m    at PostgreDatabase.initConnection (file:///D:/Source_Code/Projects/SNS-Deepfake/server/src/dbs/postgre.db.js:30:22)[39m
[31m    at new PostgreDatabase (file:///D:/Source_Code/Projects/SNS-Deepfake/server/src/dbs/postgre.db.js:16:10)[39m
[31m    at PostgreDatabase.getInstance (file:///D:/Source_Code/Projects/SNS-Deepfake/server/src/dbs/postgre.db.js:23:14)[39m
[31m    at file:///D:/Source_Code/Projects/SNS-Deepfake/server/src/dbs/postgre.db.js:64:42[39m
[31m    at ModuleJob.run (node:internal/modules/esm/module_job:218:25)[39m
[31m    at async ModuleLoader.import (node:internal/modules/esm/loader:329:24)[39m
[31m    at async loadESM (node:internal/process/esm_loader:28:7)[39m
[31m    at async handleMainPromise (node:internal/modules/run_main:113:12)[39m
