[17:43:11] [DEV] [[32minfo[39m]: [32mServer ⭐ Running at port 8888[39m
[17:43:11] [DEV] [[32minfo[39m]: [32mRedis ⭐ Connected with 'apn1-guiding-walrus-34926.upstash.io:34926'[39m
[17:43:12] [DEV] [[32minfo[39m]: [32mPostgreSQL ⭐ Connected with aws-0-ap-southeast-1.pooler.supabase.com:6543[39m
[17:43:13] [DEV] [[32minfo[39m]: [32mTable 'ApiKeys' synced![39m
[17:43:13] [DEV] [[32minfo[39m]: [32mTable 'Category' synced![39m
[17:43:13] [DEV] [[32minfo[39m]: [32mTable 'PostHistory' synced![39m
[17:43:13] [DEV] [[32minfo[39m]: [32mTable 'PasswordHistory' synced![39m
[17:43:13] [DEV] [[32minfo[39m]: [32mTable 'PostVideo' synced![39m
[17:43:13] [DEV] [[32minfo[39m]: [32mTable 'DevToken' synced![39m
[17:43:13] [DEV] [[32minfo[39m]: [32mTable 'Block' synced![39m
[17:43:13] [DEV] [[32minfo[39m]: [32mTable 'PostImage' synced![39m
[17:43:13] [DEV] [[32minfo[39m]: [32mTable 'Friend' synced![39m
[17:43:14] [DEV] [[32minfo[39m]: [32mTable 'Group' synced![39m
[17:43:14] [DEV] [[32minfo[39m]: [32mTable 'PostView' synced![39m
[17:43:14] [DEV] [[32minfo[39m]: [32mTable 'FriendRequest' synced![39m
[17:43:14] [DEV] [[32minfo[39m]: [32mTable 'Comment' synced![39m
[17:43:14] [DEV] [[32minfo[39m]: [32mTable 'Report' synced![39m
[17:43:14] [DEV] [[32minfo[39m]: [32mTable 'ConversationParticipants' synced![39m
[17:43:14] [DEV] [[32minfo[39m]: [32mTable 'Search' synced![39m
[17:43:14] [DEV] [[32minfo[39m]: [32mTable 'GroupUser' synced![39m
[17:43:14] [DEV] [[32minfo[39m]: [32mTable 'Mark' synced![39m
[17:43:14] [DEV] [[32minfo[39m]: [32mTable 'Conversation' synced![39m
[17:43:14] [DEV] [[32minfo[39m]: [32mTable 'Feel' synced![39m
[17:43:14] [DEV] [[32minfo[39m]: [32mTable 'Media' synced![39m
[17:43:14] [DEV] [[32minfo[39m]: [32mTable 'VideoSchedule' synced![39m
[17:43:14] [DEV] [[32minfo[39m]: [32mTable 'Message' synced![39m
[17:43:14] [DEV] [[32minfo[39m]: [32mTable 'Post' synced![39m
[17:43:14] [DEV] [[32minfo[39m]: [32mTable 'User' synced![39m
[17:43:14] [DEV] [[32minfo[39m]: [32mTable 'Setting' synced![39m
[17:43:14] [DEV] [[32minfo[39m]: [32mTable 'Notification' synced![39m
[17:44:15] [DEV] [[32minfo[39m]: [32mServer ⭐ Running at port 8888[39m
[17:44:15] [DEV] [[32minfo[39m]: [32mRedis ⭐ Connected with 'apn1-guiding-walrus-34926.upstash.io:34926'[39m
[17:44:16] [DEV] [[32minfo[39m]: [32mPostgreSQL ⭐ Connected with aws-0-ap-southeast-1.pooler.supabase.com:6543[39m
[17:44:16] [DEV] [[32minfo[39m]: [32mTable 'ApiKeys' synced![39m
[17:44:17] [DEV] [[32minfo[39m]: [32mTable 'Category' synced![39m
[17:44:17] [DEV] [[32minfo[39m]: [32mTable 'PasswordHistory' synced![39m
[17:44:17] [DEV] [[32minfo[39m]: [32mTable 'PostHistory' synced![39m
[17:44:17] [DEV] [[32minfo[39m]: [32mTable 'Group' synced![39m
[17:44:17] [DEV] [[32minfo[39m]: [32mTable 'DevToken' synced![39m
[17:44:17] [DEV] [[32minfo[39m]: [32mTable 'Block' synced![39m
[17:44:17] [DEV] [[32minfo[39m]: [32mTable 'PostImage' synced![39m
[17:44:17] [DEV] [[32minfo[39m]: [32mTable 'PostVideo' synced![39m
[17:44:17] [DEV] [[32minfo[39m]: [32mTable 'Friend' synced![39m
[17:44:17] [DEV] [[32minfo[39m]: [32mTable 'Report' synced![39m
[17:44:17] [DEV] [[32minfo[39m]: [32mTable 'FriendRequest' synced![39m
[17:44:17] [DEV] [[32minfo[39m]: [32mTable 'ConversationParticipants' synced![39m
[17:44:17] [DEV] [[32minfo[39m]: [32mTable 'Search' synced![39m
[17:44:17] [DEV] [[32minfo[39m]: [32mTable 'Comment' synced![39m
[17:44:17] [DEV] [[32minfo[39m]: [32mTable 'Feel' synced![39m
[17:44:17] [DEV] [[32minfo[39m]: [32mTable 'PostView' synced![39m
[17:44:17] [DEV] [[32minfo[39m]: [32mTable 'Mark' synced![39m
[17:44:17] [DEV] [[32minfo[39m]: [32mTable 'GroupUser' synced![39m
[17:44:17] [DEV] [[32minfo[39m]: [32mTable 'Conversation' synced![39m
[17:44:18] [DEV] [[32minfo[39m]: [32mTable 'Media' synced![39m
[17:44:18] [DEV] [[32minfo[39m]: [32mTable 'VideoSchedule' synced![39m
[17:44:18] [DEV] [[32minfo[39m]: [32mTable 'Message' synced![39m
[17:44:18] [DEV] [[32minfo[39m]: [32mTable 'Setting' synced![39m
[17:44:18] [DEV] [[32minfo[39m]: [32mTable 'User' synced![39m
[17:44:18] [DEV] [[32minfo[39m]: [32mTable 'Post' synced![39m
[17:44:18] [DEV] [[32minfo[39m]: [32mTable 'Notification' synced![39m
[17:52:40] [DEV] [[32minfo[39m]: [32mServer ⭐ Running at port 8888[39m
[17:52:41] [DEV] [[32minfo[39m]: [32mRedis ⭐ Connected with 'apn1-guiding-walrus-34926.upstash.io:34926'[39m
[17:52:42] [DEV] [[32minfo[39m]: [32mPostgreSQL ⭐ Connected with aws-0-ap-southeast-1.pooler.supabase.com:6543[39m
[17:52:42] [DEV] [[32minfo[39m]: [32mTable 'ApiKeys' synced![39m
[17:52:43] [DEV] [[32minfo[39m]: [32mTable 'Category' synced![39m
[17:52:43] [DEV] [[32minfo[39m]: [32mTable 'PasswordHistory' synced![39m
[17:52:43] [DEV] [[32minfo[39m]: [32mTable 'PostVideo' synced![39m
[17:52:43] [DEV] [[32minfo[39m]: [32mTable 'PostHistory' synced![39m
[17:52:43] [DEV] [[32minfo[39m]: [32mTable 'DevToken' synced![39m
[17:52:43] [DEV] [[32minfo[39m]: [32mTable 'Block' synced![39m
[17:52:43] [DEV] [[32minfo[39m]: [32mTable 'PostImage' synced![39m
[17:52:43] [DEV] [[32minfo[39m]: [32mTable 'Friend' synced![39m
[17:52:43] [DEV] [[32minfo[39m]: [32mTable 'Comment' synced![39m
[17:52:43] [DEV] [[32minfo[39m]: [32mTable 'Group' synced![39m
[17:52:43] [DEV] [[32minfo[39m]: [32mTable 'Report' synced![39m
[17:52:43] [DEV] [[32minfo[39m]: [32mTable 'PostView' synced![39m
[17:52:43] [DEV] [[32minfo[39m]: [32mTable 'FriendRequest' synced![39m
[17:52:43] [DEV] [[32minfo[39m]: [32mTable 'Conversation' synced![39m
[17:52:43] [DEV] [[32minfo[39m]: [32mTable 'GroupUser' synced![39m
[17:52:43] [DEV] [[32minfo[39m]: [32mTable 'Feel' synced![39m
[17:52:43] [DEV] [[32minfo[39m]: [32mTable 'Search' synced![39m
[17:52:43] [DEV] [[32minfo[39m]: [32mTable 'ConversationParticipants' synced![39m
[17:52:43] [DEV] [[32minfo[39m]: [32mTable 'Mark' synced![39m
[17:52:43] [DEV] [[32minfo[39m]: [32mTable 'Media' synced![39m
[17:52:43] [DEV] [[32minfo[39m]: [32mTable 'VideoSchedule' synced![39m
[17:52:43] [DEV] [[32minfo[39m]: [32mTable 'Message' synced![39m
[17:52:43] [DEV] [[32minfo[39m]: [32mTable 'Post' synced![39m
[17:52:43] [DEV] [[32minfo[39m]: [32mTable 'Setting' synced![39m
[17:52:43] [DEV] [[32minfo[39m]: [32mTable 'User' synced![39m
[17:52:43] [DEV] [[32minfo[39m]: [32mTable 'Notification' synced![39m
[17:53:37] [DEV] [[32minfo[39m]: [32mServer ⭐ Running at port 8888[39m
[17:53:37] [DEV] [[32minfo[39m]: [32mRedis ⭐ Connected with 'apn1-guiding-walrus-34926.upstash.io:34926'[39m
[17:53:38] [DEV] [[32minfo[39m]: [32mPostgreSQL ⭐ Connected with aws-0-ap-southeast-1.pooler.supabase.com:6543[39m
[17:53:38] [DEV] [[32minfo[39m]: [32mTable 'ApiKeys' synced![39m
[17:53:38] [DEV] [[32minfo[39m]: [32mTable 'Category' synced![39m
[17:53:38] [DEV] [[32minfo[39m]: [32mTable 'PostVideo' synced![39m
[17:53:38] [DEV] [[32minfo[39m]: [32mTable 'PasswordHistory' synced![39m
[17:53:38] [DEV] [[32minfo[39m]: [32mTable 'DevToken' synced![39m
[17:53:38] [DEV] [[32minfo[39m]: [32mTable 'PostHistory' synced![39m
[17:53:38] [DEV] [[32minfo[39m]: [32mTable 'Block' synced![39m
[17:53:38] [DEV] [[32minfo[39m]: [32mTable 'FriendRequest' synced![39m
[17:53:38] [DEV] [[32minfo[39m]: [32mTable 'Group' synced![39m
[17:53:38] [DEV] [[32minfo[39m]: [32mTable 'Friend' synced![39m
[17:53:38] [DEV] [[32minfo[39m]: [32mTable 'PostView' synced![39m
[17:53:38] [DEV] [[32minfo[39m]: [32mTable 'Report' synced![39m
[17:53:38] [DEV] [[32minfo[39m]: [32mTable 'PostImage' synced![39m
[17:53:38] [DEV] [[32minfo[39m]: [32mTable 'ConversationParticipants' synced![39m
[17:53:38] [DEV] [[32minfo[39m]: [32mTable 'GroupUser' synced![39m
[17:53:39] [DEV] [[32minfo[39m]: [32mTable 'Comment' synced![39m
[17:53:39] [DEV] [[32minfo[39m]: [32mTable 'Search' synced![39m
[17:53:39] [DEV] [[32minfo[39m]: [32mTable 'Feel' synced![39m
[17:53:39] [DEV] [[32minfo[39m]: [32mTable 'Mark' synced![39m
[17:53:39] [DEV] [[32minfo[39m]: [32mTable 'Conversation' synced![39m
[17:53:39] [DEV] [[32minfo[39m]: [32mTable 'Media' synced![39m
[17:53:39] [DEV] [[32minfo[39m]: [32mTable 'VideoSchedule' synced![39m
[17:53:39] [DEV] [[32minfo[39m]: [32mTable 'Setting' synced![39m
[17:53:39] [DEV] [[32minfo[39m]: [32mTable 'User' synced![39m
[17:53:39] [DEV] [[32minfo[39m]: [32mTable 'Message' synced![39m
[17:53:39] [DEV] [[32minfo[39m]: [32mTable 'Post' synced![39m
[17:53:39] [DEV] [[32minfo[39m]: [32mTable 'Notification' synced![39m
[17:53:50] [DEV] [[32minfo[39m]: [32mServer ⭐ Running at port 8888[39m
[17:53:50] [DEV] [[32minfo[39m]: [32mRedis ⭐ Connected with 'apn1-guiding-walrus-34926.upstash.io:34926'[39m
[17:53:51] [DEV] [[32minfo[39m]: [32mPostgreSQL ⭐ Connected with aws-0-ap-southeast-1.pooler.supabase.com:6543[39m
[17:53:51] [DEV] [[32minfo[39m]: [32mTable 'ApiKeys' synced![39m
[17:53:52] [DEV] [[32minfo[39m]: [32mTable 'Category' synced![39m
[17:53:52] [DEV] [[32minfo[39m]: [32mTable 'PasswordHistory' synced![39m
[17:53:52] [DEV] [[32minfo[39m]: [32mTable 'PostVideo' synced![39m
[17:53:52] [DEV] [[32minfo[39m]: [32mTable 'DevToken' synced![39m
[17:53:52] [DEV] [[32minfo[39m]: [32mTable 'PostHistory' synced![39m
[17:53:52] [DEV] [[32minfo[39m]: [32mTable 'PostImage' synced![39m
[17:53:52] [DEV] [[32minfo[39m]: [32mTable 'Group' synced![39m
[17:53:52] [DEV] [[32minfo[39m]: [32mTable 'Friend' synced![39m
[17:53:52] [DEV] [[32minfo[39m]: [32mTable 'Block' synced![39m
[17:53:52] [DEV] [[32minfo[39m]: [32mTable 'Report' synced![39m
[17:53:52] [DEV] [[32minfo[39m]: [32mTable 'PostView' synced![39m
[17:53:52] [DEV] [[32minfo[39m]: [32mTable 'FriendRequest' synced![39m
[17:53:52] [DEV] [[32minfo[39m]: [32mTable 'GroupUser' synced![39m
[17:53:52] [DEV] [[32minfo[39m]: [32mTable 'Search' synced![39m
[17:53:52] [DEV] [[32minfo[39m]: [32mTable 'ConversationParticipants' synced![39m
[17:53:52] [DEV] [[32minfo[39m]: [32mTable 'Comment' synced![39m
[17:53:52] [DEV] [[32minfo[39m]: [32mTable 'Feel' synced![39m
[17:53:52] [DEV] [[32minfo[39m]: [32mTable 'Conversation' synced![39m
[17:53:52] [DEV] [[32minfo[39m]: [32mTable 'Mark' synced![39m
[17:53:52] [DEV] [[32minfo[39m]: [32mTable 'Media' synced![39m
[17:53:52] [DEV] [[32minfo[39m]: [32mTable 'VideoSchedule' synced![39m
[17:53:52] [DEV] [[32minfo[39m]: [32mTable 'Post' synced![39m
[17:53:53] [DEV] [[32minfo[39m]: [32mTable 'Message' synced![39m
[17:53:53] [DEV] [[32minfo[39m]: [32mTable 'User' synced![39m
[17:53:53] [DEV] [[32minfo[39m]: [32mTable 'Setting' synced![39m
[17:53:53] [DEV] [[32minfo[39m]: [32mTable 'Notification' synced![39m
[17:54:41] [DEV] [[32minfo[39m]: [32mServer ⭐ Running at port 8888[39m
[17:54:41] [DEV] [[32minfo[39m]: [32mRedis ⭐ Connected with 'apn1-guiding-walrus-34926.upstash.io:34926'[39m
[17:54:42] [DEV] [[32minfo[39m]: [32mPostgreSQL ⭐ Connected with aws-0-ap-southeast-1.pooler.supabase.com:6543[39m
[17:54:42] [DEV] [[32minfo[39m]: [32mTable 'ApiKeys' synced![39m
[17:54:43] [DEV] [[32minfo[39m]: [32mTable 'Category' synced![39m
[17:54:43] [DEV] [[32minfo[39m]: [32mTable 'PasswordHistory' synced![39m
[17:54:43] [DEV] [[32minfo[39m]: [32mTable 'DevToken' synced![39m
[17:54:43] [DEV] [[32minfo[39m]: [32mTable 'Group' synced![39m
[17:54:43] [DEV] [[32minfo[39m]: [32mTable 'PostVideo' synced![39m
[17:54:43] [DEV] [[32minfo[39m]: [32mTable 'Block' synced![39m
[17:54:43] [DEV] [[32minfo[39m]: [32mTable 'PostHistory' synced![39m
[17:54:43] [DEV] [[32minfo[39m]: [32mTable 'Comment' synced![39m
[17:54:43] [DEV] [[32minfo[39m]: [32mTable 'Friend' synced![39m
[17:54:43] [DEV] [[32minfo[39m]: [32mTable 'PostImage' synced![39m
[17:54:43] [DEV] [[32minfo[39m]: [32mTable 'Report' synced![39m
[17:54:43] [DEV] [[32minfo[39m]: [32mTable 'ConversationParticipants' synced![39m
[17:54:43] [DEV] [[32minfo[39m]: [32mTable 'PostView' synced![39m
[17:54:43] [DEV] [[32minfo[39m]: [32mTable 'FriendRequest' synced![39m
[17:54:43] [DEV] [[32minfo[39m]: [32mTable 'GroupUser' synced![39m
[17:54:43] [DEV] [[32minfo[39m]: [32mTable 'Feel' synced![39m
[17:54:43] [DEV] [[32minfo[39m]: [32mTable 'Search' synced![39m
[17:54:43] [DEV] [[32minfo[39m]: [32mTable 'Conversation' synced![39m
[17:54:43] [DEV] [[32minfo[39m]: [32mTable 'Mark' synced![39m
[17:54:43] [DEV] [[32minfo[39m]: [32mTable 'Media' synced![39m
[17:54:43] [DEV] [[32minfo[39m]: [32mTable 'VideoSchedule' synced![39m
[17:54:43] [DEV] [[32minfo[39m]: [32mTable 'User' synced![39m
[17:54:43] [DEV] [[32minfo[39m]: [32mTable 'Message' synced![39m
[17:54:43] [DEV] [[32minfo[39m]: [32mTable 'Post' synced![39m
[17:54:43] [DEV] [[32minfo[39m]: [32mTable 'Setting' synced![39m
[17:54:43] [DEV] [[32minfo[39m]: [32mTable 'Notification' synced![39m
