[00:06:46] [DEV] [[31merror[39m]: [31m[SequelizeDatabaseError]: column reference "type" is ambiguous[39m
[00:07:05] [DEV] [[31merror[39m]: [31m[SequelizeDatabaseError]: column reference "type" is ambiguous[39m
[00:09:29] [DEV] [[31merror[39m]: [31m[SequelizeDatabaseError]: missing FROM-clause entry for table "Feel"[39m
[00:10:22] [DEV] [[31merror[39m]: [31m[SequelizeDatabaseError]: column reference "type" is ambiguous[39m
[00:11:39] [DEV] [[31merror[39m]: [31m[SequelizeDatabaseError]: column reference "type" is ambiguous[39m
[00:13:54] [DEV] [[31merror[39m]: [31m[SequelizeDatabaseError]: column "Post.id" must appear in the GROUP BY clause or be used in an aggregate function[39m
[00:17:19] [DEV] [[31merror[39m]: [31m[SequelizeDatabaseError]: column "author.id" must appear in the GROUP BY clause or be used in an aggregate function[39m
[00:18:32] [DEV] [[31merror[39m]: [31m[SequelizeDatabaseError]: column "author->blocked.id" must appear in the GROUP BY clause or be used in an aggregate function[39m
[00:19:12] [DEV] [[31merror[39m]: [31m[SequelizeDatabaseError]: column "images.id" must appear in the GROUP BY clause or be used in an aggregate function[39m
[00:19:16] [DEV] [[31merror[39m]: [31m[SequelizeDatabaseError]: column "images.id" must appear in the GROUP BY clause or be used in an aggregate function[39m
[00:21:47] [DEV] [[31merror[39m]: [31m[Error]: WHERE parameter "userId" has invalid "undefined" value[39m
[00:23:28] [DEV] [[31merror[39m]: [31m[Error]: WHERE parameter "userId" has invalid "undefined" value[39m
[00:23:41] [DEV] [[31merror[39m]: [31m[Error]: WHERE parameter "userId" has invalid "undefined" value[39m
[00:25:22] [DEV] [[31merror[39m]: [31m[ReferenceError]: user is not defined[39m
[00:26:10] [DEV] [[31merror[39m]: [31m[SequelizeDatabaseError]: column author.deletedAt does not exist[39m
[00:26:37] [DEV] [[31merror[39m]: [31m[SequelizeDatabaseError]: column "author->blocked.id" must appear in the GROUP BY clause or be used in an aggregate function[39m
[00:28:55] [DEV] [[31merror[39m]: [31m[SequelizeDatabaseError]: column "author->blocking.id" must appear in the GROUP BY clause or be used in an aggregate function[39m
[00:29:17] [DEV] [[31merror[39m]: [31m[SequelizeDatabaseError]: column "author->blocking.id" must appear in the GROUP BY clause or be used in an aggregate function[39m
[00:29:34] [DEV] [[31merror[39m]: [31m[SequelizeDatabaseError]: column "images.id" must appear in the GROUP BY clause or be used in an aggregate function[39m
[00:30:20] [DEV] [[31merror[39m]: [31m[SequelizeDatabaseError]: column "feels.id" must appear in the GROUP BY clause or be used in an aggregate function[39m
[00:30:59] [DEV] [[31merror[39m]: [31m[SequelizeDatabaseError]: missing FROM-clause entry for table "mark"[39m
[00:31:24] [DEV] [[31merror[39m]: [31m[TypeError]: Cannot read properties of undefined (reading 'map')[39m
[00:56:23] [DEV] [[31merror[39m]: [31m[SequelizeDatabaseError]: column "Post.id" must appear in the GROUP BY clause or be used in an aggregate function[39m
[00:57:54] [DEV] [[31merror[39m]: [31m[SequelizeDatabaseError]: column "Post.id" must appear in the GROUP BY clause or be used in an aggregate function[39m
[00:57:57] [DEV] [[31merror[39m]: [31m[SequelizeDatabaseError]: column "Post.id" must appear in the GROUP BY clause or be used in an aggregate function[39m
[00:57:59] [DEV] [[31merror[39m]: [31m[SequelizeDatabaseError]: column "Post.id" must appear in the GROUP BY clause or be used in an aggregate function[39m
[02:56:40] [DEV] [[31merror[39m]: [31m[TypeError]: Cannot read properties of undefined (reading 'map')[39m
[03:00:27] [DEV] [[31merror[39m]: [31m[TypeError]: Cannot read properties of undefined (reading 'map')[39m
[03:02:32] [DEV] [[31merror[39m]: [31m[ReferenceError]: History is not defined[39m
[04:13:28] [DEV] [[31merror[39m]: [31m[Error]: Route Not Found[39m
[04:14:04] [DEV] [[31merror[39m]: [31m[Error]: [39m
[04:14:10] [DEV] [[31merror[39m]: [31m[Error]: [39m
[04:15:10] [DEV] [[31merror[39m]: [31m[Error]: [39m
[04:15:17] [DEV] [[31merror[39m]: [31m[Error]: [39m
[04:17:29] [DEV] [[31merror[39m]: [31m[Error]: [39m
[04:17:31] [DEV] [[31merror[39m]: [31m[Error]: [39m
[04:18:29] [DEV] [[31merror[39m]: [31m[Error]: [39m
[04:18:57] [DEV] [[31merror[39m]: [31m[Error]: [39m
[04:20:01] [DEV] [[31merror[39m]: [31m[Error]: [39m
[04:20:09] [DEV] [[31merror[39m]: [31m[Error]: [39m
[04:20:38] [DEV] [[31merror[39m]: [31m[Error]: [39m
[04:20:45] [DEV] [[31merror[39m]: [31m[Error]: [39m
[04:21:36] [DEV] [[31merror[39m]: [31m[SequelizeDatabaseError]: missing FROM-clause entry for table "feels"[39m
[04:23:48] [DEV] [[31merror[39m]: [31m[SequelizeDatabaseError]: missing FROM-clause entry for table "author->blocked"[39m
[04:23:49] [DEV] [[31merror[39m]: [31m[SequelizeDatabaseError]: missing FROM-clause entry for table "author->blocked"[39m
[09:23:48] [DEV] [[31merror[39m]: [31m[SequelizeDatabaseError]: missing FROM-clause entry for table "feels"[39m
[09:28:24] [DEV] [[31merror[39m]: [31m[SequelizeDatabaseError]: missing FROM-clause entry for table "author->blocked"[39m
[09:33:25] [DEV] [[31merror[39m]: [31m[SequelizeDatabaseError]: column "Post.id" must appear in the GROUP BY clause or be used in an aggregate function[39m
[09:34:34] [DEV] [[31merror[39m]: [31munhandledRejection: deadlock detected[39m
[31mError[39m
[31m    at Query.run (C:\Users\fptshop\Workspace\SNS-Deepfake\server\node_modules\sequelize\lib\dialects\postgres\query.js:50:25)[39m
[31m    at C:\Users\fptshop\Workspace\SNS-Deepfake\server\node_modules\sequelize\lib\sequelize.js:315:28[39m
[31m    at process.processTicksAndRejections (node:internal/process/task_queues:95:5)[39m
[31m    at async PostHistory.sync (C:\Users\fptshop\Workspace\SNS-Deepfake\server\node_modules\sequelize\lib\model.js:979:17)[39m
[09:34:34] [DEV] [[31merror[39m]: [31munhandledRejection: deadlock detected[39m
[31mError[39m
[31m    at Query.run (C:\Users\fptshop\Workspace\SNS-Deepfake\server\node_modules\sequelize\lib\dialects\postgres\query.js:50:25)[39m
[31m    at C:\Users\fptshop\Workspace\SNS-Deepfake\server\node_modules\sequelize\lib\sequelize.js:315:28[39m
[31m    at process.processTicksAndRejections (node:internal/process/task_queues:95:5)[39m
[31m    at async Feel.sync (C:\Users\fptshop\Workspace\SNS-Deepfake\server\node_modules\sequelize\lib\model.js:979:17)[39m
[09:34:34] [DEV] [[31merror[39m]: [31munhandledRejection: deadlock detected[39m
[31mError[39m
[31m    at Query.run (C:\Users\fptshop\Workspace\SNS-Deepfake\server\node_modules\sequelize\lib\dialects\postgres\query.js:50:25)[39m
[31m    at C:\Users\fptshop\Workspace\SNS-Deepfake\server\node_modules\sequelize\lib\sequelize.js:315:28[39m
[31m    at process.processTicksAndRejections (node:internal/process/task_queues:95:5)[39m
[31m    at async Mark.sync (C:\Users\fptshop\Workspace\SNS-Deepfake\server\node_modules\sequelize\lib\model.js:979:17)[39m
[09:34:34] [DEV] [[31merror[39m]: [31munhandledRejection: deadlock detected[39m
[31mError[39m
[31m    at Query.run (C:\Users\fptshop\Workspace\SNS-Deepfake\server\node_modules\sequelize\lib\dialects\postgres\query.js:50:25)[39m
[31m    at C:\Users\fptshop\Workspace\SNS-Deepfake\server\node_modules\sequelize\lib\sequelize.js:315:28[39m
[31m    at process.processTicksAndRejections (node:internal/process/task_queues:95:5)[39m
[31m    at async PostVideo.sync (C:\Users\fptshop\Workspace\SNS-Deepfake\server\node_modules\sequelize\lib\model.js:979:17)[39m
[09:38:11] [DEV] [[31merror[39m]: [31m[SequelizeDatabaseError]: column Post.author.blocked.id does not exist[39m
[09:41:06] [DEV] [[31merror[39m]: [31m[SequelizeDatabaseError]: column Post.author.blocked.id does not exist[39m
[09:42:56] [DEV] [[31merror[39m]: [31m[SequelizeDatabaseError]: column author.author.blocked.id does not exist[39m
[09:48:26] [DEV] [[31merror[39m]: [31m[SequelizeDatabaseError]: missing FROM-clause entry for table "author->blocked"[39m
[09:49:15] [DEV] [[31merror[39m]: [31m[SequelizeDatabaseError]: missing FROM-clause entry for table "author->blocked"[39m
[09:49:16] [DEV] [[31merror[39m]: [31m[SequelizeDatabaseError]: missing FROM-clause entry for table "author->blocked"[39m
[10:28:55] [DEV] [[31merror[39m]: [31m[TokenExpiredError]: jwt expired[39m
[10:29:27] [DEV] [[31merror[39m]: [31m[TypeError]: Cannot read properties of null (reading 'id')[39m
[10:30:33] [DEV] [[31merror[39m]: [31m[SequelizeEagerLoadingError]: Comment is not associated to Mark![39m
[10:32:30] [DEV] [[31merror[39m]: [31m[SequelizeEagerLoadingError]: Comment is not associated to Mark![39m
[10:38:51] [DEV] [[31merror[39m]: [31m[Error]: Post not found![39m
[10:41:31] [DEV] [[31merror[39m]: [31m[Error]: Post not found![39m
[10:41:36] [DEV] [[31merror[39m]: [31m[Error]: Post not found![39m
[10:42:38] [DEV] [[31merror[39m]: [31m[Error]: Post not found![39m
[10:42:47] [DEV] [[31merror[39m]: [31m[Error]: Post not found![39m
[10:42:59] [DEV] [[31merror[39m]: [31m[Error]: Post not found![39m
[10:44:02] [DEV] [[31merror[39m]: [31m[Error]: Post not found![39m
[10:44:09] [DEV] [[31merror[39m]: [31m[Error]: Post not found![39m
[10:44:34] [DEV] [[31merror[39m]: [31m[Error]: Post not found![39m
[10:44:42] [DEV] [[31merror[39m]: [31m[Error]: Post not found![39m
[10:46:24] [DEV] [[31merror[39m]: [31m[Error]: Post not found![39m
[10:46:48] [DEV] [[31merror[39m]: [31m[Error]: Post not found![39m
[10:47:59] [DEV] [[31merror[39m]: [31m[Error]: No enough coins[39m
[10:49:15] [DEV] [[31merror[39m]: [31m[Error]: No enough coins[39m
[10:49:20] [DEV] [[31merror[39m]: [31m[Error]: No enough coins[39m
[10:50:31] [DEV] [[31merror[39m]: [31m[Error]: No enough coins[39m
[10:50:49] [DEV] [[31merror[39m]: [31m[Error]: No enough coins[39m
[10:51:22] [DEV] [[31merror[39m]: [31m[Error]: No enough coins[39m
[10:53:32] [DEV] [[31merror[39m]: [31m[JsonWebTokenError]: invalid token[39m
[10:53:40] [DEV] [[31merror[39m]: [31m[Error]: No enough coins[39m
[10:56:28] [DEV] [[31merror[39m]: [31m[Error]: Post not found![39m
[11:01:03] [DEV] [[31merror[39m]: [31m[Error]: Post not found![39m
[11:01:10] [DEV] [[31merror[39m]: [31m[Error]: Post not found![39m
[11:03:02] [DEV] [[31merror[39m]: [31m[Error]: Post not found![39m
[11:03:31] [DEV] [[31merror[39m]: [31m[Error]: Post not found![39m
[16:05:35] [DEV] [[31merror[39m]: [31m[Error]: Post not found![39m
[16:06:22] [DEV] [[31merror[39m]: [31m[Error]: Post not found![39m
[16:10:42] [DEV] [[31merror[39m]: [31m[Error]: Post not found![39m
[16:13:39] [DEV] [[31merror[39m]: [31m[Error]: Post not found![39m
[16:13:44] [DEV] [[31merror[39m]: [31m[Error]: Post not found![39m
[16:13:59] [DEV] [[31merror[39m]: [31m[Error]: Post not found![39m
[16:16:39] [DEV] [[31merror[39m]: [31m[TokenExpiredError]: jwt expired[39m
[16:16:55] [DEV] [[31merror[39m]: [31munhandledRejection: Validation error[39m
[31mError[39m
[31m    at Query.run (C:\Users\fptshop\Workspace\SNS-Deepfake\server\node_modules\sequelize\lib\dialects\postgres\query.js:50:25)[39m
[31m    at C:\Users\fptshop\Workspace\SNS-Deepfake\server\node_modules\sequelize\lib\sequelize.js:315:28[39m
[31m    at process.processTicksAndRejections (node:internal/process/task_queues:95:5)[39m
[31m    at async PostgresQueryInterface.insert (C:\Users\fptshop\Workspace\SNS-Deepfake\server\node_modules\sequelize\lib\dialects\abstract\query-interface.js:308:21)[39m
[31m    at async model.save (C:\Users\fptshop\Workspace\SNS-Deepfake\server\node_modules\sequelize\lib\model.js:2490:35)[39m
[31m    at async PostImage.create (C:\Users\fptshop\Workspace\SNS-Deepfake\server\node_modules\sequelize\lib\model.js:1362:12)[39m
[16:16:56] [DEV] [[31merror[39m]: [31munhandledRejection: Validation error[39m
[31mError[39m
[31m    at Query.run (C:\Users\fptshop\Workspace\SNS-Deepfake\server\node_modules\sequelize\lib\dialects\postgres\query.js:50:25)[39m
[31m    at C:\Users\fptshop\Workspace\SNS-Deepfake\server\node_modules\sequelize\lib\sequelize.js:315:28[39m
[31m    at process.processTicksAndRejections (node:internal/process/task_queues:95:5)[39m
[31m    at async PostgresQueryInterface.insert (C:\Users\fptshop\Workspace\SNS-Deepfake\server\node_modules\sequelize\lib\dialects\abstract\query-interface.js:308:21)[39m
[31m    at async model.save (C:\Users\fptshop\Workspace\SNS-Deepfake\server\node_modules\sequelize\lib\model.js:2490:35)[39m
[31m    at async PostImage.create (C:\Users\fptshop\Workspace\SNS-Deepfake\server\node_modules\sequelize\lib\model.js:1362:12)[39m
[16:16:56] [DEV] [[31merror[39m]: [31munhandledRejection: Validation error[39m
[31mError[39m
[31m    at Query.run (C:\Users\fptshop\Workspace\SNS-Deepfake\server\node_modules\sequelize\lib\dialects\postgres\query.js:50:25)[39m
[31m    at C:\Users\fptshop\Workspace\SNS-Deepfake\server\node_modules\sequelize\lib\sequelize.js:315:28[39m
[31m    at process.processTicksAndRejections (node:internal/process/task_queues:95:5)[39m
[31m    at async PostgresQueryInterface.insert (C:\Users\fptshop\Workspace\SNS-Deepfake\server\node_modules\sequelize\lib\dialects\abstract\query-interface.js:308:21)[39m
[31m    at async model.save (C:\Users\fptshop\Workspace\SNS-Deepfake\server\node_modules\sequelize\lib\model.js:2490:35)[39m
[31m    at async PostImage.create (C:\Users\fptshop\Workspace\SNS-Deepfake\server\node_modules\sequelize\lib\model.js:1362:12)[39m
[16:16:56] [DEV] [[31merror[39m]: [31munhandledRejection: Validation error[39m
[31mError[39m
[31m    at Query.run (C:\Users\fptshop\Workspace\SNS-Deepfake\server\node_modules\sequelize\lib\dialects\postgres\query.js:50:25)[39m
[31m    at C:\Users\fptshop\Workspace\SNS-Deepfake\server\node_modules\sequelize\lib\sequelize.js:315:28[39m
[31m    at process.processTicksAndRejections (node:internal/process/task_queues:95:5)[39m
[31m    at async PostgresQueryInterface.insert (C:\Users\fptshop\Workspace\SNS-Deepfake\server\node_modules\sequelize\lib\dialects\abstract\query-interface.js:308:21)[39m
[31m    at async model.save (C:\Users\fptshop\Workspace\SNS-Deepfake\server\node_modules\sequelize\lib\model.js:2490:35)[39m
[31m    at async PostImage.create (C:\Users\fptshop\Workspace\SNS-Deepfake\server\node_modules\sequelize\lib\model.js:1362:12)[39m
[16:18:08] [DEV] [[31merror[39m]: [31m[SequelizeValidationError]: notNull Violation: PostHistory.oldPostId cannot be null[39m
[16:20:04] [DEV] [[31merror[39m]: [31munhandledRejection: deadlock detected[39m
[31mError[39m
[31m    at Query.run (C:\Users\fptshop\Workspace\SNS-Deepfake\server\node_modules\sequelize\lib\dialects\postgres\query.js:50:25)[39m
[31m    at C:\Users\fptshop\Workspace\SNS-Deepfake\server\node_modules\sequelize\lib\sequelize.js:315:28[39m
[31m    at process.processTicksAndRejections (node:internal/process/task_queues:95:5)[39m
[31m    at async PostVideo.sync (C:\Users\fptshop\Workspace\SNS-Deepfake\server\node_modules\sequelize\lib\model.js:979:17)[39m
[16:20:04] [DEV] [[31merror[39m]: [31munhandledRejection: deadlock detected[39m
[31mError[39m
[31m    at Query.run (C:\Users\fptshop\Workspace\SNS-Deepfake\server\node_modules\sequelize\lib\dialects\postgres\query.js:50:25)[39m
[31m    at C:\Users\fptshop\Workspace\SNS-Deepfake\server\node_modules\sequelize\lib\sequelize.js:315:28[39m
[31m    at process.processTicksAndRejections (node:internal/process/task_queues:95:5)[39m
[31m    at async PostImage.sync (C:\Users\fptshop\Workspace\SNS-Deepfake\server\node_modules\sequelize\lib\model.js:979:17)[39m
[16:20:04] [DEV] [[31merror[39m]: [31munhandledRejection: deadlock detected[39m
[31mError[39m
[31m    at Query.run (C:\Users\fptshop\Workspace\SNS-Deepfake\server\node_modules\sequelize\lib\dialects\postgres\query.js:50:25)[39m
[31m    at C:\Users\fptshop\Workspace\SNS-Deepfake\server\node_modules\sequelize\lib\sequelize.js:315:28[39m
[31m    at process.processTicksAndRejections (node:internal/process/task_queues:95:5)[39m
[31m    at async Mark.sync (C:\Users\fptshop\Workspace\SNS-Deepfake\server\node_modules\sequelize\lib\model.js:979:17)[39m
[16:20:04] [DEV] [[31merror[39m]: [31m[SequelizeValidationError]: notNull Violation: PostHistory.oldPostId cannot be null[39m
[16:20:53] [DEV] [[31merror[39m]: [31m[SequelizeValidationError]: notNull Violation: PostHistory.oldPostId cannot be null[39m
[16:22:51] [DEV] [[31merror[39m]: [31m[Error]: No enough coins[39m
[16:24:55] [DEV] [[31merror[39m]: [31m[Error]: No enough coins[39m
[16:26:21] [DEV] [[31merror[39m]: [31m[SequelizeDatabaseError]: null value in column "postId" of relation "PostImages" violates not-null constraint[39m
[16:29:00] [DEV] [[31merror[39m]: [31m[SequelizeDatabaseError]: null value in column "postId" of relation "PostImages" violates not-null constraint[39m
[16:30:28] [DEV] [[31merror[39m]: [31m[SequelizeDatabaseError]: null value in column "postId" of relation "PostImages" violates not-null constraint[39m
[16:30:38] [DEV] [[31merror[39m]: [31m[SequelizeDatabaseError]: null value in column "postId" of relation "PostImages" violates not-null constraint[39m
[16:32:33] [DEV] [[31merror[39m]: [31m[SequelizeDatabaseError]: null value in column "postId" of relation "PostImages" violates not-null constraint[39m
[16:37:05] [DEV] [[31merror[39m]: [31m[SequelizeDatabaseError]: null value in column "postId" of relation "PostImages" violates not-null constraint[39m
[16:38:35] [DEV] [[31merror[39m]: [31m[SequelizeUniqueConstraintError]: Validation error[39m
[16:38:48] [DEV] [[31merror[39m]: [31m[SequelizeUniqueConstraintError]: Validation error[39m
[22:39:48] [DEV] [[31merror[39m]: [31m[SyntaxError]: Unexpected token ']', ..."pg",[39m
[31m    ],[39m
[31m    "v"... is not valid JSON[39m
[22:40:23] [DEV] [[31merror[39m]: [31m[SyntaxError]: Unexpected token ']', ..."pg",[39m
[31m    ],[39m
[31m    "v"... is not valid JSON[39m
[22:41:03] [DEV] [[31merror[39m]: [31m[SequelizeValidationError]: notNull Violation: PostVideo.postId cannot be null[39m
[22:42:05] [DEV] [[31merror[39m]: [31m[SequelizeValidationError]: notNull Violation: PostVideo.postId cannot be null[39m
[22:42:07] [DEV] [[31merror[39m]: [31m[SequelizeValidationError]: notNull Violation: PostVideo.postId cannot be null[39m
[22:42:38] [DEV] [[31merror[39m]: [31m[SequelizeValidationError]: notNull Violation: PostVideo.postId cannot be null[39m
[22:44:29] [DEV] [[31merror[39m]: [31m[SequelizeValidationError]: notNull Violation: PostVideo.postId cannot be null[39m
[22:44:30] [DEV] [[31merror[39m]: [31m[SequelizeValidationError]: notNull Violation: PostVideo.postId cannot be null[39m
[22:44:32] [DEV] [[31merror[39m]: [31m[SequelizeValidationError]: notNull Violation: PostVideo.postId cannot be null[39m
[22:45:08] [DEV] [[31merror[39m]: [31m[SequelizeValidationError]: notNull Violation: PostVideo.postId cannot be null[39m
[22:49:24] [DEV] [[31merror[39m]: [31m[SequelizeValidationError]: notNull Violation: PostVideo.postId cannot be null[39m
[22:50:54] [DEV] [[31merror[39m]: [31m[SequelizeValidationError]: notNull Violation: PostVideo.postId cannot be null[39m
[22:51:21] [DEV] [[31merror[39m]: [31munhandledRejection: Validation error[39m
[31mError[39m
[31m    at Query.run (C:\Users\fptshop\Workspace\SNS-Deepfake\server\node_modules\sequelize\lib\dialects\postgres\query.js:50:25)[39m
[31m    at C:\Users\fptshop\Workspace\SNS-Deepfake\server\node_modules\sequelize\lib\sequelize.js:315:28[39m
[31m    at process.processTicksAndRejections (node:internal/process/task_queues:95:5)[39m
[31m    at async PostgresQueryInterface.insert (C:\Users\fptshop\Workspace\SNS-Deepfake\server\node_modules\sequelize\lib\dialects\abstract\query-interface.js:308:21)[39m
[31m    at async model.save (C:\Users\fptshop\Workspace\SNS-Deepfake\server\node_modules\sequelize\lib\model.js:2490:35)[39m
[31m    at async PostImage.create (C:\Users\fptshop\Workspace\SNS-Deepfake\server\node_modules\sequelize\lib\model.js:1362:12)[39m
