[10:33:26] [DEV] [[31merror[39m]: [31muncaughtException: You have used the alias post in two separate associations. Aliased associations must have unique aliases.[39m
[31mSequelizeAssociationError: You have used the alias post in two separate associations. Aliased associations must have unique aliases.[39m
[31m    at new Association (C:\Users\fptshop\Workspace\SNS-Deepfake\server\node_modules\sequelize\lib\associations\base.js:13:13)[39m
[31m    at new BelongsTo (C:\Users\fptshop\Workspace\SNS-Deepfake\server\node_modules\sequelize\lib\associations\belongs-to.js:25:5)[39m
[31m    at Feel.<anonymous> (C:\Users\fptshop\Workspace\SNS-Deepfake\server\node_modules\sequelize\lib\associations\mixin.js:70:25)[39m
[31m    at file:///C:/Users/fptshop/Workspace/SNS-Deepfake/server/src/modules/post/post.model.js:70:6[39m
[31m    at ModuleJob.run (node:internal/modules/esm/module_job:218:25)[39m
[31m    at async ModuleLoader.import (node:internal/modules/esm/loader:329:24)[39m
[31m    at async loadESM (node:internal/process/esm_loader:28:7)[39m
[31m    at async handleMainPromise (node:internal/modules/run_main:113:12)[39m
[10:33:26] [DEV] [[31merror[39m]: [31muncaughtException: You have used the alias post in two separate associations. Aliased associations must have unique aliases.[39m
[31mSequelizeAssociationError: You have used the alias post in two separate associations. Aliased associations must have unique aliases.[39m
[31m    at new Association (C:\Users\fptshop\Workspace\SNS-Deepfake\server\node_modules\sequelize\lib\associations\base.js:13:13)[39m
[31m    at new BelongsTo (C:\Users\fptshop\Workspace\SNS-Deepfake\server\node_modules\sequelize\lib\associations\belongs-to.js:25:5)[39m
[31m    at Feel.<anonymous> (C:\Users\fptshop\Workspace\SNS-Deepfake\server\node_modules\sequelize\lib\associations\mixin.js:70:25)[39m
[31m    at file:///C:/Users/fptshop/Workspace/SNS-Deepfake/server/src/modules/post/post.model.js:70:6[39m
[31m    at ModuleJob.run (node:internal/modules/esm/module_job:218:25)[39m
[31m    at async ModuleLoader.import (node:internal/modules/esm/loader:329:24)[39m
[31m    at async loadESM (node:internal/process/esm_loader:28:7)[39m
[31m    at async handleMainPromise (node:internal/modules/run_main:113:12)[39m
[10:33:26] [DEV] [[31merror[39m]: [31muncaughtException: You have used the alias post in two separate associations. Aliased associations must have unique aliases.[39m
[31mSequelizeAssociationError: You have used the alias post in two separate associations. Aliased associations must have unique aliases.[39m
[31m    at new Association (C:\Users\fptshop\Workspace\SNS-Deepfake\server\node_modules\sequelize\lib\associations\base.js:13:13)[39m
[31m    at new BelongsTo (C:\Users\fptshop\Workspace\SNS-Deepfake\server\node_modules\sequelize\lib\associations\belongs-to.js:25:5)[39m
[31m    at Feel.<anonymous> (C:\Users\fptshop\Workspace\SNS-Deepfake\server\node_modules\sequelize\lib\associations\mixin.js:70:25)[39m
[31m    at file:///C:/Users/fptshop/Workspace/SNS-Deepfake/server/src/modules/post/post.model.js:70:6[39m
[31m    at ModuleJob.run (node:internal/modules/esm/module_job:218:25)[39m
[31m    at async ModuleLoader.import (node:internal/modules/esm/loader:329:24)[39m
[31m    at async loadESM (node:internal/process/esm_loader:28:7)[39m
[31m    at async handleMainPromise (node:internal/modules/run_main:113:12)[39m
[10:33:26] [DEV] [[31merror[39m]: [31muncaughtException: You have used the alias post in two separate associations. Aliased associations must have unique aliases.[39m
[31mSequelizeAssociationError: You have used the alias post in two separate associations. Aliased associations must have unique aliases.[39m
[31m    at new Association (C:\Users\fptshop\Workspace\SNS-Deepfake\server\node_modules\sequelize\lib\associations\base.js:13:13)[39m
[31m    at new BelongsTo (C:\Users\fptshop\Workspace\SNS-Deepfake\server\node_modules\sequelize\lib\associations\belongs-to.js:25:5)[39m
[31m    at Feel.<anonymous> (C:\Users\fptshop\Workspace\SNS-Deepfake\server\node_modules\sequelize\lib\associations\mixin.js:70:25)[39m
[31m    at file:///C:/Users/fptshop/Workspace/SNS-Deepfake/server/src/modules/post/post.model.js:70:6[39m
[31m    at ModuleJob.run (node:internal/modules/esm/module_job:218:25)[39m
[31m    at async ModuleLoader.import (node:internal/modules/esm/loader:329:24)[39m
[31m    at async loadESM (node:internal/process/esm_loader:28:7)[39m
[31m    at async handleMainPromise (node:internal/modules/run_main:113:12)[39m
[10:33:26] [DEV] [[31merror[39m]: [31muncaughtException: You have used the alias post in two separate associations. Aliased associations must have unique aliases.[39m
[31mSequelizeAssociationError: You have used the alias post in two separate associations. Aliased associations must have unique aliases.[39m
[31m    at new Association (C:\Users\fptshop\Workspace\SNS-Deepfake\server\node_modules\sequelize\lib\associations\base.js:13:13)[39m
[31m    at new BelongsTo (C:\Users\fptshop\Workspace\SNS-Deepfake\server\node_modules\sequelize\lib\associations\belongs-to.js:25:5)[39m
[31m    at Feel.<anonymous> (C:\Users\fptshop\Workspace\SNS-Deepfake\server\node_modules\sequelize\lib\associations\mixin.js:70:25)[39m
[31m    at file:///C:/Users/fptshop/Workspace/SNS-Deepfake/server/src/modules/post/post.model.js:70:6[39m
[31m    at ModuleJob.run (node:internal/modules/esm/module_job:218:25)[39m
[31m    at async ModuleLoader.import (node:internal/modules/esm/loader:329:24)[39m
[31m    at async loadESM (node:internal/process/esm_loader:28:7)[39m
[31m    at async handleMainPromise (node:internal/modules/run_main:113:12)[39m
[10:33:30] [DEV] [[31merror[39m]: [31muncaughtException: You have used the alias post in two separate associations. Aliased associations must have unique aliases.[39m
[31mSequelizeAssociationError: You have used the alias post in two separate associations. Aliased associations must have unique aliases.[39m
[31m    at new Association (C:\Users\fptshop\Workspace\SNS-Deepfake\server\node_modules\sequelize\lib\associations\base.js:13:13)[39m
[31m    at new BelongsTo (C:\Users\fptshop\Workspace\SNS-Deepfake\server\node_modules\sequelize\lib\associations\belongs-to.js:25:5)[39m
[31m    at Mark.<anonymous> (C:\Users\fptshop\Workspace\SNS-Deepfake\server\node_modules\sequelize\lib\associations\mixin.js:70:25)[39m
[31m    at file:///C:/Users/fptshop/Workspace/SNS-Deepfake/server/src/modules/post/post.model.js:70:6[39m
[31m    at ModuleJob.run (node:internal/modules/esm/module_job:218:25)[39m
[31m    at async ModuleLoader.import (node:internal/modules/esm/loader:329:24)[39m
[31m    at async loadESM (node:internal/process/esm_loader:28:7)[39m
[31m    at async handleMainPromise (node:internal/modules/run_main:113:12)[39m
[10:33:30] [DEV] [[31merror[39m]: [31muncaughtException: You have used the alias post in two separate associations. Aliased associations must have unique aliases.[39m
[31mSequelizeAssociationError: You have used the alias post in two separate associations. Aliased associations must have unique aliases.[39m
[31m    at new Association (C:\Users\fptshop\Workspace\SNS-Deepfake\server\node_modules\sequelize\lib\associations\base.js:13:13)[39m
[31m    at new BelongsTo (C:\Users\fptshop\Workspace\SNS-Deepfake\server\node_modules\sequelize\lib\associations\belongs-to.js:25:5)[39m
[31m    at Mark.<anonymous> (C:\Users\fptshop\Workspace\SNS-Deepfake\server\node_modules\sequelize\lib\associations\mixin.js:70:25)[39m
[31m    at file:///C:/Users/fptshop/Workspace/SNS-Deepfake/server/src/modules/post/post.model.js:70:6[39m
[31m    at ModuleJob.run (node:internal/modules/esm/module_job:218:25)[39m
[31m    at async ModuleLoader.import (node:internal/modules/esm/loader:329:24)[39m
[31m    at async loadESM (node:internal/process/esm_loader:28:7)[39m
[31m    at async handleMainPromise (node:internal/modules/run_main:113:12)[39m
[10:33:30] [DEV] [[31merror[39m]: [31muncaughtException: You have used the alias post in two separate associations. Aliased associations must have unique aliases.[39m
[31mSequelizeAssociationError: You have used the alias post in two separate associations. Aliased associations must have unique aliases.[39m
[31m    at new Association (C:\Users\fptshop\Workspace\SNS-Deepfake\server\node_modules\sequelize\lib\associations\base.js:13:13)[39m
[31m    at new BelongsTo (C:\Users\fptshop\Workspace\SNS-Deepfake\server\node_modules\sequelize\lib\associations\belongs-to.js:25:5)[39m
[31m    at Mark.<anonymous> (C:\Users\fptshop\Workspace\SNS-Deepfake\server\node_modules\sequelize\lib\associations\mixin.js:70:25)[39m
[31m    at file:///C:/Users/fptshop/Workspace/SNS-Deepfake/server/src/modules/post/post.model.js:70:6[39m
[31m    at ModuleJob.run (node:internal/modules/esm/module_job:218:25)[39m
[31m    at async ModuleLoader.import (node:internal/modules/esm/loader:329:24)[39m
[31m    at async loadESM (node:internal/process/esm_loader:28:7)[39m
[31m    at async handleMainPromise (node:internal/modules/run_main:113:12)[39m
[10:33:30] [DEV] [[31merror[39m]: [31muncaughtException: You have used the alias post in two separate associations. Aliased associations must have unique aliases.[39m
[31mSequelizeAssociationError: You have used the alias post in two separate associations. Aliased associations must have unique aliases.[39m
[31m    at new Association (C:\Users\fptshop\Workspace\SNS-Deepfake\server\node_modules\sequelize\lib\associations\base.js:13:13)[39m
[31m    at new BelongsTo (C:\Users\fptshop\Workspace\SNS-Deepfake\server\node_modules\sequelize\lib\associations\belongs-to.js:25:5)[39m
[31m    at Mark.<anonymous> (C:\Users\fptshop\Workspace\SNS-Deepfake\server\node_modules\sequelize\lib\associations\mixin.js:70:25)[39m
[31m    at file:///C:/Users/fptshop/Workspace/SNS-Deepfake/server/src/modules/post/post.model.js:70:6[39m
[31m    at ModuleJob.run (node:internal/modules/esm/module_job:218:25)[39m
[31m    at async ModuleLoader.import (node:internal/modules/esm/loader:329:24)[39m
[31m    at async loadESM (node:internal/process/esm_loader:28:7)[39m
[31m    at async handleMainPromise (node:internal/modules/run_main:113:12)[39m
[10:33:30] [DEV] [[31merror[39m]: [31muncaughtException: You have used the alias post in two separate associations. Aliased associations must have unique aliases.[39m
[31mSequelizeAssociationError: You have used the alias post in two separate associations. Aliased associations must have unique aliases.[39m
[31m    at new Association (C:\Users\fptshop\Workspace\SNS-Deepfake\server\node_modules\sequelize\lib\associations\base.js:13:13)[39m
[31m    at new BelongsTo (C:\Users\fptshop\Workspace\SNS-Deepfake\server\node_modules\sequelize\lib\associations\belongs-to.js:25:5)[39m
[31m    at Mark.<anonymous> (C:\Users\fptshop\Workspace\SNS-Deepfake\server\node_modules\sequelize\lib\associations\mixin.js:70:25)[39m
[31m    at file:///C:/Users/fptshop/Workspace/SNS-Deepfake/server/src/modules/post/post.model.js:70:6[39m
[31m    at ModuleJob.run (node:internal/modules/esm/module_job:218:25)[39m
[31m    at async ModuleLoader.import (node:internal/modules/esm/loader:329:24)[39m
[31m    at async loadESM (node:internal/process/esm_loader:28:7)[39m
[31m    at async handleMainPromise (node:internal/modules/run_main:113:12)[39m
[10:34:46] [DEV] [[31merror[39m]: [31muncaughtException: You have used the alias post in two separate associations. Aliased associations must have unique aliases.[39m
[31mSequelizeAssociationError: You have used the alias post in two separate associations. Aliased associations must have unique aliases.[39m
[31m    at new Association (C:\Users\fptshop\Workspace\SNS-Deepfake\server\node_modules\sequelize\lib\associations\base.js:13:13)[39m
[31m    at new HasMany (C:\Users\fptshop\Workspace\SNS-Deepfake\server\node_modules\sequelize\lib\associations\has-many.js:28:5)[39m
[31m    at Mark.hasMany (C:\Users\fptshop\Workspace\SNS-Deepfake\server\node_modules\sequelize\lib\associations\mixin.js:22:25)[39m
[31m    at file:///C:/Users/fptshop/Workspace/SNS-Deepfake/server/src/modules/post/post.model.js:70:6[39m
[31m    at ModuleJob.run (node:internal/modules/esm/module_job:218:25)[39m
[31m    at async ModuleLoader.import (node:internal/modules/esm/loader:329:24)[39m
[31m    at async loadESM (node:internal/process/esm_loader:28:7)[39m
[31m    at async handleMainPromise (node:internal/modules/run_main:113:12)[39m
[10:34:46] [DEV] [[31merror[39m]: [31muncaughtException: You have used the alias post in two separate associations. Aliased associations must have unique aliases.[39m
[31mSequelizeAssociationError: You have used the alias post in two separate associations. Aliased associations must have unique aliases.[39m
[31m    at new Association (C:\Users\fptshop\Workspace\SNS-Deepfake\server\node_modules\sequelize\lib\associations\base.js:13:13)[39m
[31m    at new HasMany (C:\Users\fptshop\Workspace\SNS-Deepfake\server\node_modules\sequelize\lib\associations\has-many.js:28:5)[39m
[31m    at Mark.hasMany (C:\Users\fptshop\Workspace\SNS-Deepfake\server\node_modules\sequelize\lib\associations\mixin.js:22:25)[39m
[31m    at file:///C:/Users/fptshop/Workspace/SNS-Deepfake/server/src/modules/post/post.model.js:70:6[39m
[31m    at ModuleJob.run (node:internal/modules/esm/module_job:218:25)[39m
[31m    at async ModuleLoader.import (node:internal/modules/esm/loader:329:24)[39m
[31m    at async loadESM (node:internal/process/esm_loader:28:7)[39m
[31m    at async handleMainPromise (node:internal/modules/run_main:113:12)[39m
[10:34:46] [DEV] [[31merror[39m]: [31muncaughtException: You have used the alias post in two separate associations. Aliased associations must have unique aliases.[39m
[31mSequelizeAssociationError: You have used the alias post in two separate associations. Aliased associations must have unique aliases.[39m
[31m    at new Association (C:\Users\fptshop\Workspace\SNS-Deepfake\server\node_modules\sequelize\lib\associations\base.js:13:13)[39m
[31m    at new HasMany (C:\Users\fptshop\Workspace\SNS-Deepfake\server\node_modules\sequelize\lib\associations\has-many.js:28:5)[39m
[31m    at Mark.hasMany (C:\Users\fptshop\Workspace\SNS-Deepfake\server\node_modules\sequelize\lib\associations\mixin.js:22:25)[39m
[31m    at file:///C:/Users/fptshop/Workspace/SNS-Deepfake/server/src/modules/post/post.model.js:70:6[39m
[31m    at ModuleJob.run (node:internal/modules/esm/module_job:218:25)[39m
[31m    at async ModuleLoader.import (node:internal/modules/esm/loader:329:24)[39m
[31m    at async loadESM (node:internal/process/esm_loader:28:7)[39m
[31m    at async handleMainPromise (node:internal/modules/run_main:113:12)[39m
[10:34:46] [DEV] [[31merror[39m]: [31muncaughtException: You have used the alias post in two separate associations. Aliased associations must have unique aliases.[39m
[31mSequelizeAssociationError: You have used the alias post in two separate associations. Aliased associations must have unique aliases.[39m
[31m    at new Association (C:\Users\fptshop\Workspace\SNS-Deepfake\server\node_modules\sequelize\lib\associations\base.js:13:13)[39m
[31m    at new HasMany (C:\Users\fptshop\Workspace\SNS-Deepfake\server\node_modules\sequelize\lib\associations\has-many.js:28:5)[39m
[31m    at Mark.hasMany (C:\Users\fptshop\Workspace\SNS-Deepfake\server\node_modules\sequelize\lib\associations\mixin.js:22:25)[39m
[31m    at file:///C:/Users/fptshop/Workspace/SNS-Deepfake/server/src/modules/post/post.model.js:70:6[39m
[31m    at ModuleJob.run (node:internal/modules/esm/module_job:218:25)[39m
[31m    at async ModuleLoader.import (node:internal/modules/esm/loader:329:24)[39m
[31m    at async loadESM (node:internal/process/esm_loader:28:7)[39m
[31m    at async handleMainPromise (node:internal/modules/run_main:113:12)[39m
[10:34:46] [DEV] [[31merror[39m]: [31muncaughtException: You have used the alias post in two separate associations. Aliased associations must have unique aliases.[39m
[31mSequelizeAssociationError: You have used the alias post in two separate associations. Aliased associations must have unique aliases.[39m
[31m    at new Association (C:\Users\fptshop\Workspace\SNS-Deepfake\server\node_modules\sequelize\lib\associations\base.js:13:13)[39m
[31m    at new HasMany (C:\Users\fptshop\Workspace\SNS-Deepfake\server\node_modules\sequelize\lib\associations\has-many.js:28:5)[39m
[31m    at Mark.hasMany (C:\Users\fptshop\Workspace\SNS-Deepfake\server\node_modules\sequelize\lib\associations\mixin.js:22:25)[39m
[31m    at file:///C:/Users/fptshop/Workspace/SNS-Deepfake/server/src/modules/post/post.model.js:70:6[39m
[31m    at ModuleJob.run (node:internal/modules/esm/module_job:218:25)[39m
[31m    at async ModuleLoader.import (node:internal/modules/esm/loader:329:24)[39m
[31m    at async loadESM (node:internal/process/esm_loader:28:7)[39m
[31m    at async handleMainPromise (node:internal/modules/run_main:113:12)[39m
[10:34:49] [DEV] [[31merror[39m]: [31muncaughtException: Comment is not defined[39m
[31mReferenceError: Comment is not defined[39m
[31m    at file:///C:/Users/fptshop/Workspace/SNS-Deepfake/server/src/modules/post/post.model.js:70:14[39m
[31m    at ModuleJob.run (node:internal/modules/esm/module_job:218:25)[39m
[31m    at async ModuleLoader.import (node:internal/modules/esm/loader:329:24)[39m
[31m    at async loadESM (node:internal/process/esm_loader:28:7)[39m
[31m    at async handleMainPromise (node:internal/modules/run_main:113:12)[39m
[10:34:49] [DEV] [[31merror[39m]: [31muncaughtException: Comment is not defined[39m
[31mReferenceError: Comment is not defined[39m
[31m    at file:///C:/Users/fptshop/Workspace/SNS-Deepfake/server/src/modules/post/post.model.js:70:14[39m
[31m    at ModuleJob.run (node:internal/modules/esm/module_job:218:25)[39m
[31m    at async ModuleLoader.import (node:internal/modules/esm/loader:329:24)[39m
[31m    at async loadESM (node:internal/process/esm_loader:28:7)[39m
[31m    at async handleMainPromise (node:internal/modules/run_main:113:12)[39m
[10:34:49] [DEV] [[31merror[39m]: [31muncaughtException: Comment is not defined[39m
[31mReferenceError: Comment is not defined[39m
[31m    at file:///C:/Users/fptshop/Workspace/SNS-Deepfake/server/src/modules/post/post.model.js:70:14[39m
[31m    at ModuleJob.run (node:internal/modules/esm/module_job:218:25)[39m
[31m    at async ModuleLoader.import (node:internal/modules/esm/loader:329:24)[39m
[31m    at async loadESM (node:internal/process/esm_loader:28:7)[39m
[31m    at async handleMainPromise (node:internal/modules/run_main:113:12)[39m
[10:34:49] [DEV] [[31merror[39m]: [31muncaughtException: Comment is not defined[39m
[31mReferenceError: Comment is not defined[39m
[31m    at file:///C:/Users/fptshop/Workspace/SNS-Deepfake/server/src/modules/post/post.model.js:70:14[39m
[31m    at ModuleJob.run (node:internal/modules/esm/module_job:218:25)[39m
[31m    at async ModuleLoader.import (node:internal/modules/esm/loader:329:24)[39m
[31m    at async loadESM (node:internal/process/esm_loader:28:7)[39m
[31m    at async handleMainPromise (node:internal/modules/run_main:113:12)[39m
[10:34:49] [DEV] [[31merror[39m]: [31muncaughtException: Comment is not defined[39m
[31mReferenceError: Comment is not defined[39m
[31m    at file:///C:/Users/fptshop/Workspace/SNS-Deepfake/server/src/modules/post/post.model.js:70:14[39m
[31m    at ModuleJob.run (node:internal/modules/esm/module_job:218:25)[39m
[31m    at async ModuleLoader.import (node:internal/modules/esm/loader:329:24)[39m
[31m    at async loadESM (node:internal/process/esm_loader:28:7)[39m
[31m    at async handleMainPromise (node:internal/modules/run_main:113:12)[39m
[10:35:20] [DEV] [[31merror[39m]: [31muncaughtException: Comment is not defined[39m
[31mReferenceError: Comment is not defined[39m
[31m    at file:///C:/Users/fptshop/Workspace/SNS-Deepfake/server/src/modules/post/post.model.js:70:14[39m
[31m    at ModuleJob.run (node:internal/modules/esm/module_job:218:25)[39m
[31m    at async ModuleLoader.import (node:internal/modules/esm/loader:329:24)[39m
[31m    at async loadESM (node:internal/process/esm_loader:28:7)[39m
[31m    at async handleMainPromise (node:internal/modules/run_main:113:12)[39m
[10:35:20] [DEV] [[31merror[39m]: [31muncaughtException: Comment is not defined[39m
[31mReferenceError: Comment is not defined[39m
[31m    at file:///C:/Users/fptshop/Workspace/SNS-Deepfake/server/src/modules/post/post.model.js:70:14[39m
[31m    at ModuleJob.run (node:internal/modules/esm/module_job:218:25)[39m
[31m    at async ModuleLoader.import (node:internal/modules/esm/loader:329:24)[39m
[31m    at async loadESM (node:internal/process/esm_loader:28:7)[39m
[31m    at async handleMainPromise (node:internal/modules/run_main:113:12)[39m
[10:35:20] [DEV] [[31merror[39m]: [31muncaughtException: Comment is not defined[39m
[31mReferenceError: Comment is not defined[39m
[31m    at file:///C:/Users/fptshop/Workspace/SNS-Deepfake/server/src/modules/post/post.model.js:70:14[39m
[31m    at ModuleJob.run (node:internal/modules/esm/module_job:218:25)[39m
[31m    at async ModuleLoader.import (node:internal/modules/esm/loader:329:24)[39m
[31m    at async loadESM (node:internal/process/esm_loader:28:7)[39m
[31m    at async handleMainPromise (node:internal/modules/run_main:113:12)[39m
[10:35:20] [DEV] [[31merror[39m]: [31muncaughtException: Comment is not defined[39m
[31mReferenceError: Comment is not defined[39m
[31m    at file:///C:/Users/fptshop/Workspace/SNS-Deepfake/server/src/modules/post/post.model.js:70:14[39m
[31m    at ModuleJob.run (node:internal/modules/esm/module_job:218:25)[39m
[31m    at async ModuleLoader.import (node:internal/modules/esm/loader:329:24)[39m
[31m    at async loadESM (node:internal/process/esm_loader:28:7)[39m
[31m    at async handleMainPromise (node:internal/modules/run_main:113:12)[39m
[10:35:20] [DEV] [[31merror[39m]: [31muncaughtException: Comment is not defined[39m
[31mReferenceError: Comment is not defined[39m
[31m    at file:///C:/Users/fptshop/Workspace/SNS-Deepfake/server/src/modules/post/post.model.js:70:14[39m
[31m    at ModuleJob.run (node:internal/modules/esm/module_job:218:25)[39m
[31m    at async ModuleLoader.import (node:internal/modules/esm/loader:329:24)[39m
[31m    at async loadESM (node:internal/process/esm_loader:28:7)[39m
[31m    at async handleMainPromise (node:internal/modules/run_main:113:12)[39m
[10:36:28] [DEV] [[31merror[39m]: [31muncaughtException: Comment is not defined[39m
[31mReferenceError: Comment is not defined[39m
[31m    at file:///C:/Users/fptshop/Workspace/SNS-Deepfake/server/src/modules/post/post.model.js:70:14[39m
[31m    at ModuleJob.run (node:internal/modules/esm/module_job:218:25)[39m
[31m    at async ModuleLoader.import (node:internal/modules/esm/loader:329:24)[39m
[31m    at async loadESM (node:internal/process/esm_loader:28:7)[39m
[31m    at async handleMainPromise (node:internal/modules/run_main:113:12)[39m
[10:36:28] [DEV] [[31merror[39m]: [31muncaughtException: Comment is not defined[39m
[31mReferenceError: Comment is not defined[39m
[31m    at file:///C:/Users/fptshop/Workspace/SNS-Deepfake/server/src/modules/post/post.model.js:70:14[39m
[31m    at ModuleJob.run (node:internal/modules/esm/module_job:218:25)[39m
[31m    at async ModuleLoader.import (node:internal/modules/esm/loader:329:24)[39m
[31m    at async loadESM (node:internal/process/esm_loader:28:7)[39m
[31m    at async handleMainPromise (node:internal/modules/run_main:113:12)[39m
[10:36:28] [DEV] [[31merror[39m]: [31muncaughtException: Comment is not defined[39m
[31mReferenceError: Comment is not defined[39m
[31m    at file:///C:/Users/fptshop/Workspace/SNS-Deepfake/server/src/modules/post/post.model.js:70:14[39m
[31m    at ModuleJob.run (node:internal/modules/esm/module_job:218:25)[39m
[31m    at async ModuleLoader.import (node:internal/modules/esm/loader:329:24)[39m
[31m    at async loadESM (node:internal/process/esm_loader:28:7)[39m
[31m    at async handleMainPromise (node:internal/modules/run_main:113:12)[39m
[10:36:28] [DEV] [[31merror[39m]: [31muncaughtException: Comment is not defined[39m
[31mReferenceError: Comment is not defined[39m
[31m    at file:///C:/Users/fptshop/Workspace/SNS-Deepfake/server/src/modules/post/post.model.js:70:14[39m
[31m    at ModuleJob.run (node:internal/modules/esm/module_job:218:25)[39m
[31m    at async ModuleLoader.import (node:internal/modules/esm/loader:329:24)[39m
[31m    at async loadESM (node:internal/process/esm_loader:28:7)[39m
[31m    at async handleMainPromise (node:internal/modules/run_main:113:12)[39m
[10:36:28] [DEV] [[31merror[39m]: [31muncaughtException: Comment is not defined[39m
[31mReferenceError: Comment is not defined[39m
[31m    at file:///C:/Users/fptshop/Workspace/SNS-Deepfake/server/src/modules/post/post.model.js:70:14[39m
[31m    at ModuleJob.run (node:internal/modules/esm/module_job:218:25)[39m
[31m    at async ModuleLoader.import (node:internal/modules/esm/loader:329:24)[39m
[31m    at async loadESM (node:internal/process/esm_loader:28:7)[39m
[31m    at async handleMainPromise (node:internal/modules/run_main:113:12)[39m
[10:38:45] [DEV] [[31merror[39m]: [31muncaughtException: Comment is not defined[39m
[31mReferenceError: Comment is not defined[39m
[31m    at file:///C:/Users/fptshop/Workspace/SNS-Deepfake/server/src/modules/post/post.model.js:70:14[39m
[31m    at ModuleJob.run (node:internal/modules/esm/module_job:218:25)[39m
[31m    at async ModuleLoader.import (node:internal/modules/esm/loader:329:24)[39m
[31m    at async loadESM (node:internal/process/esm_loader:28:7)[39m
[31m    at async handleMainPromise (node:internal/modules/run_main:113:12)[39m
[10:38:45] [DEV] [[31merror[39m]: [31muncaughtException: Comment is not defined[39m
[31mReferenceError: Comment is not defined[39m
[31m    at file:///C:/Users/fptshop/Workspace/SNS-Deepfake/server/src/modules/post/post.model.js:70:14[39m
[31m    at ModuleJob.run (node:internal/modules/esm/module_job:218:25)[39m
[31m    at async ModuleLoader.import (node:internal/modules/esm/loader:329:24)[39m
[31m    at async loadESM (node:internal/process/esm_loader:28:7)[39m
[31m    at async handleMainPromise (node:internal/modules/run_main:113:12)[39m
[10:38:45] [DEV] [[31merror[39m]: [31muncaughtException: Comment is not defined[39m
[31mReferenceError: Comment is not defined[39m
[31m    at file:///C:/Users/fptshop/Workspace/SNS-Deepfake/server/src/modules/post/post.model.js:70:14[39m
[31m    at ModuleJob.run (node:internal/modules/esm/module_job:218:25)[39m
[31m    at async ModuleLoader.import (node:internal/modules/esm/loader:329:24)[39m
[31m    at async loadESM (node:internal/process/esm_loader:28:7)[39m
[31m    at async handleMainPromise (node:internal/modules/run_main:113:12)[39m
[10:38:45] [DEV] [[31merror[39m]: [31muncaughtException: Comment is not defined[39m
[31mReferenceError: Comment is not defined[39m
[31m    at file:///C:/Users/fptshop/Workspace/SNS-Deepfake/server/src/modules/post/post.model.js:70:14[39m
[31m    at ModuleJob.run (node:internal/modules/esm/module_job:218:25)[39m
[31m    at async ModuleLoader.import (node:internal/modules/esm/loader:329:24)[39m
[31m    at async loadESM (node:internal/process/esm_loader:28:7)[39m
[31m    at async handleMainPromise (node:internal/modules/run_main:113:12)[39m
[10:38:45] [DEV] [[31merror[39m]: [31muncaughtException: Comment is not defined[39m
[31mReferenceError: Comment is not defined[39m
[31m    at file:///C:/Users/fptshop/Workspace/SNS-Deepfake/server/src/modules/post/post.model.js:70:14[39m
[31m    at ModuleJob.run (node:internal/modules/esm/module_job:218:25)[39m
[31m    at async ModuleLoader.import (node:internal/modules/esm/loader:329:24)[39m
[31m    at async loadESM (node:internal/process/esm_loader:28:7)[39m
[31m    at async handleMainPromise (node:internal/modules/run_main:113:12)[39m
[22:41:03] [DEV] [[31merror[39m]: [31muncaughtException: There was a problem with the uploaded file. Please re-upload the file![39m
[31mError: There was a problem with the uploaded file. Please re-upload the file![39m
[31m    at file:///C:/Users/fptshop/Workspace/SNS-Deepfake/server/src/utils/file.js:69:13[39m
[31m    at FSReqCallback.oncomplete (node:fs:191:23)[39m
[22:41:03] [DEV] [[31merror[39m]: [31muncaughtException: There was a problem with the uploaded file. Please re-upload the file![39m
[31mError: There was a problem with the uploaded file. Please re-upload the file![39m
[31m    at file:///C:/Users/fptshop/Workspace/SNS-Deepfake/server/src/utils/file.js:69:13[39m
[31m    at FSReqCallback.oncomplete (node:fs:191:23)[39m
[22:41:03] [DEV] [[31merror[39m]: [31muncaughtException: There was a problem with the uploaded file. Please re-upload the file![39m
[31mError: There was a problem with the uploaded file. Please re-upload the file![39m
[31m    at file:///C:/Users/fptshop/Workspace/SNS-Deepfake/server/src/utils/file.js:69:13[39m
[31m    at FSReqCallback.oncomplete (node:fs:191:23)[39m
[22:41:03] [DEV] [[31merror[39m]: [31muncaughtException: There was a problem with the uploaded file. Please re-upload the file![39m
[31mError: There was a problem with the uploaded file. Please re-upload the file![39m
[31m    at file:///C:/Users/fptshop/Workspace/SNS-Deepfake/server/src/utils/file.js:69:13[39m
[31m    at FSReqCallback.oncomplete (node:fs:191:23)[39m
[22:41:03] [DEV] [[31merror[39m]: [31muncaughtException: There was a problem with the uploaded file. Please re-upload the file![39m
[31mError: There was a problem with the uploaded file. Please re-upload the file![39m
[31m    at file:///C:/Users/fptshop/Workspace/SNS-Deepfake/server/src/utils/file.js:69:13[39m
[31m    at FSReqCallback.oncomplete (node:fs:191:23)[39m
[22:42:05] [DEV] [[31merror[39m]: [31muncaughtException: There was a problem with the uploaded file. Please re-upload the file![39m
[31mError: There was a problem with the uploaded file. Please re-upload the file![39m
[31m    at file:///C:/Users/fptshop/Workspace/SNS-Deepfake/server/src/utils/file.js:69:13[39m
[31m    at FSReqCallback.oncomplete (node:fs:191:23)[39m
[22:42:05] [DEV] [[31merror[39m]: [31muncaughtException: There was a problem with the uploaded file. Please re-upload the file![39m
[31mError: There was a problem with the uploaded file. Please re-upload the file![39m
[31m    at file:///C:/Users/fptshop/Workspace/SNS-Deepfake/server/src/utils/file.js:69:13[39m
[31m    at FSReqCallback.oncomplete (node:fs:191:23)[39m
[22:42:05] [DEV] [[31merror[39m]: [31muncaughtException: There was a problem with the uploaded file. Please re-upload the file![39m
[31mError: There was a problem with the uploaded file. Please re-upload the file![39m
[31m    at file:///C:/Users/fptshop/Workspace/SNS-Deepfake/server/src/utils/file.js:69:13[39m
[31m    at FSReqCallback.oncomplete (node:fs:191:23)[39m
[22:42:05] [DEV] [[31merror[39m]: [31muncaughtException: There was a problem with the uploaded file. Please re-upload the file![39m
[31mError: There was a problem with the uploaded file. Please re-upload the file![39m
[31m    at file:///C:/Users/fptshop/Workspace/SNS-Deepfake/server/src/utils/file.js:69:13[39m
[31m    at FSReqCallback.oncomplete (node:fs:191:23)[39m
[22:42:05] [DEV] [[31merror[39m]: [31muncaughtException: There was a problem with the uploaded file. Please re-upload the file![39m
[31mError: There was a problem with the uploaded file. Please re-upload the file![39m
[31m    at file:///C:/Users/fptshop/Workspace/SNS-Deepfake/server/src/utils/file.js:69:13[39m
[31m    at FSReqCallback.oncomplete (node:fs:191:23)[39m
[22:42:07] [DEV] [[31merror[39m]: [31muncaughtException: There was a problem with the uploaded file. Please re-upload the file![39m
[31mError: There was a problem with the uploaded file. Please re-upload the file![39m
[31m    at file:///C:/Users/fptshop/Workspace/SNS-Deepfake/server/src/utils/file.js:69:13[39m
[31m    at FSReqCallback.oncomplete (node:fs:191:23)[39m
[22:42:07] [DEV] [[31merror[39m]: [31muncaughtException: There was a problem with the uploaded file. Please re-upload the file![39m
[31mError: There was a problem with the uploaded file. Please re-upload the file![39m
[31m    at file:///C:/Users/fptshop/Workspace/SNS-Deepfake/server/src/utils/file.js:69:13[39m
[31m    at FSReqCallback.oncomplete (node:fs:191:23)[39m
[22:42:07] [DEV] [[31merror[39m]: [31muncaughtException: There was a problem with the uploaded file. Please re-upload the file![39m
[31mError: There was a problem with the uploaded file. Please re-upload the file![39m
[31m    at file:///C:/Users/fptshop/Workspace/SNS-Deepfake/server/src/utils/file.js:69:13[39m
[31m    at FSReqCallback.oncomplete (node:fs:191:23)[39m
[22:42:07] [DEV] [[31merror[39m]: [31muncaughtException: There was a problem with the uploaded file. Please re-upload the file![39m
[31mError: There was a problem with the uploaded file. Please re-upload the file![39m
[31m    at file:///C:/Users/fptshop/Workspace/SNS-Deepfake/server/src/utils/file.js:69:13[39m
[31m    at FSReqCallback.oncomplete (node:fs:191:23)[39m
[22:42:07] [DEV] [[31merror[39m]: [31muncaughtException: There was a problem with the uploaded file. Please re-upload the file![39m
[31mError: There was a problem with the uploaded file. Please re-upload the file![39m
[31m    at file:///C:/Users/fptshop/Workspace/SNS-Deepfake/server/src/utils/file.js:69:13[39m
[31m    at FSReqCallback.oncomplete (node:fs:191:23)[39m
[22:42:38] [DEV] [[31merror[39m]: [31muncaughtException: There was a problem with the uploaded file. Please re-upload the file![39m
[31mError: There was a problem with the uploaded file. Please re-upload the file![39m
[31m    at file:///C:/Users/fptshop/Workspace/SNS-Deepfake/server/src/utils/file.js:69:13[39m
[31m    at FSReqCallback.oncomplete (node:fs:191:23)[39m
[22:42:38] [DEV] [[31merror[39m]: [31muncaughtException: There was a problem with the uploaded file. Please re-upload the file![39m
[31mError: There was a problem with the uploaded file. Please re-upload the file![39m
[31m    at file:///C:/Users/fptshop/Workspace/SNS-Deepfake/server/src/utils/file.js:69:13[39m
[31m    at FSReqCallback.oncomplete (node:fs:191:23)[39m
[22:42:38] [DEV] [[31merror[39m]: [31muncaughtException: There was a problem with the uploaded file. Please re-upload the file![39m
[31mError: There was a problem with the uploaded file. Please re-upload the file![39m
[31m    at file:///C:/Users/fptshop/Workspace/SNS-Deepfake/server/src/utils/file.js:69:13[39m
[31m    at FSReqCallback.oncomplete (node:fs:191:23)[39m
[22:42:38] [DEV] [[31merror[39m]: [31muncaughtException: There was a problem with the uploaded file. Please re-upload the file![39m
[31mError: There was a problem with the uploaded file. Please re-upload the file![39m
[31m    at file:///C:/Users/fptshop/Workspace/SNS-Deepfake/server/src/utils/file.js:69:13[39m
[31m    at FSReqCallback.oncomplete (node:fs:191:23)[39m
[22:42:38] [DEV] [[31merror[39m]: [31muncaughtException: There was a problem with the uploaded file. Please re-upload the file![39m
[31mError: There was a problem with the uploaded file. Please re-upload the file![39m
[31m    at file:///C:/Users/fptshop/Workspace/SNS-Deepfake/server/src/utils/file.js:69:13[39m
[31m    at FSReqCallback.oncomplete (node:fs:191:23)[39m
[22:44:29] [DEV] [[31merror[39m]: [31muncaughtException: There was a problem with the uploaded file. Please re-upload the file![39m
[31mError: There was a problem with the uploaded file. Please re-upload the file![39m
[31m    at file:///C:/Users/fptshop/Workspace/SNS-Deepfake/server/src/utils/file.js:69:13[39m
[31m    at FSReqCallback.oncomplete (node:fs:191:23)[39m
[22:44:29] [DEV] [[31merror[39m]: [31muncaughtException: There was a problem with the uploaded file. Please re-upload the file![39m
[31mError: There was a problem with the uploaded file. Please re-upload the file![39m
[31m    at file:///C:/Users/fptshop/Workspace/SNS-Deepfake/server/src/utils/file.js:69:13[39m
[31m    at FSReqCallback.oncomplete (node:fs:191:23)[39m
[22:44:29] [DEV] [[31merror[39m]: [31muncaughtException: There was a problem with the uploaded file. Please re-upload the file![39m
[31mError: There was a problem with the uploaded file. Please re-upload the file![39m
[31m    at file:///C:/Users/fptshop/Workspace/SNS-Deepfake/server/src/utils/file.js:69:13[39m
[31m    at FSReqCallback.oncomplete (node:fs:191:23)[39m
[22:44:29] [DEV] [[31merror[39m]: [31muncaughtException: There was a problem with the uploaded file. Please re-upload the file![39m
[31mError: There was a problem with the uploaded file. Please re-upload the file![39m
[31m    at file:///C:/Users/fptshop/Workspace/SNS-Deepfake/server/src/utils/file.js:69:13[39m
[31m    at FSReqCallback.oncomplete (node:fs:191:23)[39m
[22:44:29] [DEV] [[31merror[39m]: [31muncaughtException: There was a problem with the uploaded file. Please re-upload the file![39m
[31mError: There was a problem with the uploaded file. Please re-upload the file![39m
[31m    at file:///C:/Users/fptshop/Workspace/SNS-Deepfake/server/src/utils/file.js:69:13[39m
[31m    at FSReqCallback.oncomplete (node:fs:191:23)[39m
[22:44:30] [DEV] [[31merror[39m]: [31muncaughtException: There was a problem with the uploaded file. Please re-upload the file![39m
[31mError: There was a problem with the uploaded file. Please re-upload the file![39m
[31m    at file:///C:/Users/fptshop/Workspace/SNS-Deepfake/server/src/utils/file.js:69:13[39m
[31m    at FSReqCallback.oncomplete (node:fs:191:23)[39m
[22:44:30] [DEV] [[31merror[39m]: [31muncaughtException: There was a problem with the uploaded file. Please re-upload the file![39m
[31mError: There was a problem with the uploaded file. Please re-upload the file![39m
[31m    at file:///C:/Users/fptshop/Workspace/SNS-Deepfake/server/src/utils/file.js:69:13[39m
[31m    at FSReqCallback.oncomplete (node:fs:191:23)[39m
[22:44:30] [DEV] [[31merror[39m]: [31muncaughtException: There was a problem with the uploaded file. Please re-upload the file![39m
[31mError: There was a problem with the uploaded file. Please re-upload the file![39m
[31m    at file:///C:/Users/fptshop/Workspace/SNS-Deepfake/server/src/utils/file.js:69:13[39m
[31m    at FSReqCallback.oncomplete (node:fs:191:23)[39m
[22:44:30] [DEV] [[31merror[39m]: [31muncaughtException: There was a problem with the uploaded file. Please re-upload the file![39m
[31mError: There was a problem with the uploaded file. Please re-upload the file![39m
[31m    at file:///C:/Users/fptshop/Workspace/SNS-Deepfake/server/src/utils/file.js:69:13[39m
[31m    at FSReqCallback.oncomplete (node:fs:191:23)[39m
[22:44:30] [DEV] [[31merror[39m]: [31muncaughtException: There was a problem with the uploaded file. Please re-upload the file![39m
[31mError: There was a problem with the uploaded file. Please re-upload the file![39m
[31m    at file:///C:/Users/fptshop/Workspace/SNS-Deepfake/server/src/utils/file.js:69:13[39m
[31m    at FSReqCallback.oncomplete (node:fs:191:23)[39m
[22:44:32] [DEV] [[31merror[39m]: [31muncaughtException: There was a problem with the uploaded file. Please re-upload the file![39m
[31mError: There was a problem with the uploaded file. Please re-upload the file![39m
[31m    at file:///C:/Users/fptshop/Workspace/SNS-Deepfake/server/src/utils/file.js:69:13[39m
[31m    at FSReqCallback.oncomplete (node:fs:191:23)[39m
[22:44:32] [DEV] [[31merror[39m]: [31muncaughtException: There was a problem with the uploaded file. Please re-upload the file![39m
[31mError: There was a problem with the uploaded file. Please re-upload the file![39m
[31m    at file:///C:/Users/fptshop/Workspace/SNS-Deepfake/server/src/utils/file.js:69:13[39m
[31m    at FSReqCallback.oncomplete (node:fs:191:23)[39m
[22:44:32] [DEV] [[31merror[39m]: [31muncaughtException: There was a problem with the uploaded file. Please re-upload the file![39m
[31mError: There was a problem with the uploaded file. Please re-upload the file![39m
[31m    at file:///C:/Users/fptshop/Workspace/SNS-Deepfake/server/src/utils/file.js:69:13[39m
[31m    at FSReqCallback.oncomplete (node:fs:191:23)[39m
[22:44:32] [DEV] [[31merror[39m]: [31muncaughtException: There was a problem with the uploaded file. Please re-upload the file![39m
[31mError: There was a problem with the uploaded file. Please re-upload the file![39m
[31m    at file:///C:/Users/fptshop/Workspace/SNS-Deepfake/server/src/utils/file.js:69:13[39m
[31m    at FSReqCallback.oncomplete (node:fs:191:23)[39m
[22:44:32] [DEV] [[31merror[39m]: [31muncaughtException: There was a problem with the uploaded file. Please re-upload the file![39m
[31mError: There was a problem with the uploaded file. Please re-upload the file![39m
[31m    at file:///C:/Users/fptshop/Workspace/SNS-Deepfake/server/src/utils/file.js:69:13[39m
[31m    at FSReqCallback.oncomplete (node:fs:191:23)[39m
[22:45:08] [DEV] [[31merror[39m]: [31muncaughtException: There was a problem with the uploaded file. Please re-upload the file![39m
[31mError: There was a problem with the uploaded file. Please re-upload the file![39m
[31m    at file:///C:/Users/fptshop/Workspace/SNS-Deepfake/server/src/utils/file.js:69:13[39m
[31m    at FSReqCallback.oncomplete (node:fs:191:23)[39m
[22:45:08] [DEV] [[31merror[39m]: [31muncaughtException: There was a problem with the uploaded file. Please re-upload the file![39m
[31mError: There was a problem with the uploaded file. Please re-upload the file![39m
[31m    at file:///C:/Users/fptshop/Workspace/SNS-Deepfake/server/src/utils/file.js:69:13[39m
[31m    at FSReqCallback.oncomplete (node:fs:191:23)[39m
[22:45:08] [DEV] [[31merror[39m]: [31muncaughtException: There was a problem with the uploaded file. Please re-upload the file![39m
[31mError: There was a problem with the uploaded file. Please re-upload the file![39m
[31m    at file:///C:/Users/fptshop/Workspace/SNS-Deepfake/server/src/utils/file.js:69:13[39m
[31m    at FSReqCallback.oncomplete (node:fs:191:23)[39m
[22:45:08] [DEV] [[31merror[39m]: [31muncaughtException: There was a problem with the uploaded file. Please re-upload the file![39m
[31mError: There was a problem with the uploaded file. Please re-upload the file![39m
[31m    at file:///C:/Users/fptshop/Workspace/SNS-Deepfake/server/src/utils/file.js:69:13[39m
[31m    at FSReqCallback.oncomplete (node:fs:191:23)[39m
[22:45:08] [DEV] [[31merror[39m]: [31muncaughtException: There was a problem with the uploaded file. Please re-upload the file![39m
[31mError: There was a problem with the uploaded file. Please re-upload the file![39m
[31m    at file:///C:/Users/fptshop/Workspace/SNS-Deepfake/server/src/utils/file.js:69:13[39m
[31m    at FSReqCallback.oncomplete (node:fs:191:23)[39m
[22:50:54] [DEV] [[31merror[39m]: [31muncaughtException: There was a problem with the uploaded file. Please re-upload the file![39m
[31mError: There was a problem with the uploaded file. Please re-upload the file![39m
[31m    at file:///C:/Users/fptshop/Workspace/SNS-Deepfake/server/src/utils/file.js:69:13[39m
[31m    at FSReqCallback.oncomplete (node:fs:191:23)[39m
[22:50:54] [DEV] [[31merror[39m]: [31muncaughtException: There was a problem with the uploaded file. Please re-upload the file![39m
[31mError: There was a problem with the uploaded file. Please re-upload the file![39m
[31m    at file:///C:/Users/fptshop/Workspace/SNS-Deepfake/server/src/utils/file.js:69:13[39m
[31m    at FSReqCallback.oncomplete (node:fs:191:23)[39m
[22:50:54] [DEV] [[31merror[39m]: [31muncaughtException: There was a problem with the uploaded file. Please re-upload the file![39m
[31mError: There was a problem with the uploaded file. Please re-upload the file![39m
[31m    at file:///C:/Users/fptshop/Workspace/SNS-Deepfake/server/src/utils/file.js:69:13[39m
[31m    at FSReqCallback.oncomplete (node:fs:191:23)[39m
[22:50:54] [DEV] [[31merror[39m]: [31muncaughtException: There was a problem with the uploaded file. Please re-upload the file![39m
[31mError: There was a problem with the uploaded file. Please re-upload the file![39m
[31m    at file:///C:/Users/fptshop/Workspace/SNS-Deepfake/server/src/utils/file.js:69:13[39m
[31m    at FSReqCallback.oncomplete (node:fs:191:23)[39m
[22:50:54] [DEV] [[31merror[39m]: [31muncaughtException: There was a problem with the uploaded file. Please re-upload the file![39m
[31mError: There was a problem with the uploaded file. Please re-upload the file![39m
[31m    at file:///C:/Users/fptshop/Workspace/SNS-Deepfake/server/src/utils/file.js:69:13[39m
[31m    at FSReqCallback.oncomplete (node:fs:191:23)[39m
[22:51:21] [DEV] [[31merror[39m]: [31muncaughtException: There was a problem with the uploaded file. Please re-upload the file![39m
[31mError: There was a problem with the uploaded file. Please re-upload the file![39m
[31m    at file:///C:/Users/fptshop/Workspace/SNS-Deepfake/server/src/utils/file.js:69:13[39m
[31m    at FSReqCallback.oncomplete (node:fs:191:23)[39m
[22:51:21] [DEV] [[31merror[39m]: [31muncaughtException: There was a problem with the uploaded file. Please re-upload the file![39m
[31mError: There was a problem with the uploaded file. Please re-upload the file![39m
[31m    at file:///C:/Users/fptshop/Workspace/SNS-Deepfake/server/src/utils/file.js:69:13[39m
[31m    at FSReqCallback.oncomplete (node:fs:191:23)[39m
[22:51:21] [DEV] [[31merror[39m]: [31muncaughtException: There was a problem with the uploaded file. Please re-upload the file![39m
[31mError: There was a problem with the uploaded file. Please re-upload the file![39m
[31m    at file:///C:/Users/fptshop/Workspace/SNS-Deepfake/server/src/utils/file.js:69:13[39m
[31m    at FSReqCallback.oncomplete (node:fs:191:23)[39m
[22:51:21] [DEV] [[31merror[39m]: [31muncaughtException: There was a problem with the uploaded file. Please re-upload the file![39m
[31mError: There was a problem with the uploaded file. Please re-upload the file![39m
[31m    at file:///C:/Users/fptshop/Workspace/SNS-Deepfake/server/src/utils/file.js:69:13[39m
[31m    at FSReqCallback.oncomplete (node:fs:191:23)[39m
[22:51:21] [DEV] [[31merror[39m]: [31muncaughtException: There was a problem with the uploaded file. Please re-upload the file![39m
[31mError: There was a problem with the uploaded file. Please re-upload the file![39m
[31m    at file:///C:/Users/fptshop/Workspace/SNS-Deepfake/server/src/utils/file.js:69:13[39m
[31m    at FSReqCallback.oncomplete (node:fs:191:23)[39m
