[00:06:46] [DEV] [[35mhttp[39m]: [35m::1 GET /api/v1/post/get_post/52 500 78 - 159.681 ms[39m
[35m[39m
[00:07:05] [DEV] [[35mhttp[39m]: [35m::1 GET /api/v1/post/get_post/52 500 78 - 160.977 ms[39m
[35m[39m
[00:09:29] [DEV] [[35mhttp[39m]: [35m::1 GET /api/v1/post/get_post/52 500 84 - 200.289 ms[39m
[35m[39m
[00:10:22] [DEV] [[35mhttp[39m]: [35m::1 GET /api/v1/post/get_post/52 500 78 - 854.737 ms[39m
[35m[39m
[00:11:39] [DEV] [[35mhttp[39m]: [35m::1 GET /api/v1/post/get_post/52 500 78 - 175.853 ms[39m
[35m[39m
[00:13:54] [DEV] [[35mhttp[39m]: [35m::1 GET /api/v1/post/get_post/52 500 129 - 177.975 ms[39m
[35m[39m
[00:17:19] [DEV] [[35mhttp[39m]: [35m::1 GET /api/v1/post/get_post/52 500 131 - 117.270 ms[39m
[35m[39m
[00:18:32] [DEV] [[35mhttp[39m]: [35m::1 GET /api/v1/post/get_post/52 500 140 - 188.544 ms[39m
[35m[39m
[00:19:12] [DEV] [[35mhttp[39m]: [35m::1 GET /api/v1/post/get_post/52 500 131 - 219.670 ms[39m
[35m[39m
[00:19:16] [DEV] [[35mhttp[39m]: [35m::1 GET /api/v1/post/get_post/52 500 131 - 153.759 ms[39m
[35m[39m
[00:21:47] [DEV] [[35mhttp[39m]: [35m::1 GET /api/v1/post/get_post/52 500 98 - 44.943 ms[39m
[35m[39m
[00:23:28] [DEV] [[35mhttp[39m]: [35m::1 GET /api/v1/post/get_post/52 500 98 - 40.401 ms[39m
[35m[39m
[00:23:41] [DEV] [[35mhttp[39m]: [35m::1 GET /api/v1/post/get_post/52 500 98 - 12.192 ms[39m
[35m[39m
[00:25:22] [DEV] [[35mhttp[39m]: [35m::1 GET /api/v1/post/get_post/52 500 59 - 27.450 ms[39m
[35m[39m
[00:26:10] [DEV] [[35mhttp[39m]: [35m::1 GET /api/v1/post/get_post/52 500 78 - 169.825 ms[39m
[35m[39m
[00:26:37] [DEV] [[35mhttp[39m]: [35m::1 GET /api/v1/post/get_post/52 500 140 - 143.166 ms[39m
[35m[39m
[00:28:55] [DEV] [[35mhttp[39m]: [35m::1 GET /api/v1/post/get_post/52 500 141 - 182.972 ms[39m
[35m[39m
[00:29:17] [DEV] [[35mhttp[39m]: [35m::1 GET /api/v1/post/get_post/52 500 141 - 183.292 ms[39m
[35m[39m
[00:29:34] [DEV] [[35mhttp[39m]: [35m::1 GET /api/v1/post/get_post/52 500 131 - 206.492 ms[39m
[35m[39m
[00:30:20] [DEV] [[35mhttp[39m]: [35m::1 GET /api/v1/post/get_post/52 500 130 - 334.511 ms[39m
[35m[39m
[00:30:59] [DEV] [[35mhttp[39m]: [35m::1 GET /api/v1/post/get_post/52 500 84 - 162.022 ms[39m
[35m[39m
[00:31:24] [DEV] [[35mhttp[39m]: [35m::1 GET /api/v1/post/get_post/52 500 91 - 193.395 ms[39m
[35m[39m
[00:56:23] [DEV] [[35mhttp[39m]: [35m::1 GET /api/v1/post/get_post/52 500 129 - 166.416 ms[39m
[35m[39m
[00:57:54] [DEV] [[35mhttp[39m]: [35m::1 GET /api/v1/post/get_post/52 500 129 - 477.771 ms[39m
[35m[39m
[00:57:57] [DEV] [[35mhttp[39m]: [35m::1 GET /api/v1/post/get_post/52 500 129 - 145.775 ms[39m
[35m[39m
[00:57:59] [DEV] [[35mhttp[39m]: [35m::1 GET /api/v1/post/get_post/52 500 129 - 132.295 ms[39m
[35m[39m
[02:56:40] [DEV] [[35mhttp[39m]: [35m::1 GET /api/v1/post/get_post/52 500 91 - 838.416 ms[39m
[35m[39m
[03:00:27] [DEV] [[35mhttp[39m]: [35m::1 GET /api/v1/post/get_post/52 500 91 - 964.007 ms[39m
[35m[39m
[03:02:32] [DEV] [[35mhttp[39m]: [35m::1 GET /api/v1/post/get_post/52 500 62 - 92.849 ms[39m
[35m[39m
[03:05:19] [DEV] [[35mhttp[39m]: [35m::1 GET /api/v1/post/get_post/52 200 446 - 447.015 ms[39m
[35m[39m
[03:06:03] [DEV] [[35mhttp[39m]: [35m::1 GET /api/v1/post/get_post/52 200 446 - 966.401 ms[39m
[35m[39m
[04:13:28] [DEV] [[35mhttp[39m]: [35m::1 GET /api/v1/post/get_list_post 404 55 - 120.861 ms[39m
[35m[39m
[04:14:04] [DEV] [[35mhttp[39m]: [35m::1 GET /api/v1/post/get_list_posts 404 41 - 21.408 ms[39m
[35m[39m
[04:14:10] [DEV] [[35mhttp[39m]: [35m::1 GET /api/v1/post/get_list_posts 404 41 - 11.619 ms[39m
[35m[39m
[04:15:10] [DEV] [[35mhttp[39m]: [35m::1 GET /api/v1/post/get_list_posts 404 41 - 22.662 ms[39m
[35m[39m
[04:15:17] [DEV] [[35mhttp[39m]: [35m::1 GET /api/v1/post/get_list_posts 404 41 - 16.052 ms[39m
[35m[39m
[04:17:29] [DEV] [[35mhttp[39m]: [35m::1 GET /api/v1/post/get_list_posts 404 41 - 23.658 ms[39m
[35m[39m
[04:17:31] [DEV] [[35mhttp[39m]: [35m::1 GET /api/v1/post/get_list_posts 404 41 - 15.974 ms[39m
[35m[39m
[04:18:29] [DEV] [[35mhttp[39m]: [35m::1 GET /api/v1/post/get_list_posts 404 41 - 46.751 ms[39m
[35m[39m
[04:18:57] [DEV] [[35mhttp[39m]: [35m::1 GET /api/v1/post/get_list_posts 404 41 - 17.600 ms[39m
[35m[39m
[04:20:01] [DEV] [[35mhttp[39m]: [35m::1 GET /api/v1/post/get_list_posts 404 41 - 38.594 ms[39m
[35m[39m
[04:20:09] [DEV] [[35mhttp[39m]: [35m::1 GET /api/v1/post/get_list_posts 404 41 - 13.235 ms[39m
[35m[39m
[04:20:38] [DEV] [[35mhttp[39m]: [35m::1 GET /api/v1/post/get_list_posts 404 41 - 36.520 ms[39m
[35m[39m
[04:20:45] [DEV] [[35mhttp[39m]: [35m::1 GET /api/v1/post/get_list_posts 404 41 - 11.372 ms[39m
[35m[39m
[04:21:36] [DEV] [[35mhttp[39m]: [35m::1 GET /api/v1/post/get_list_posts 500 85 - 772.107 ms[39m
[35m[39m
[04:23:48] [DEV] [[35mhttp[39m]: [35m::1 GET /api/v1/post/get_list_posts 500 95 - 227.406 ms[39m
[35m[39m
[04:23:49] [DEV] [[35mhttp[39m]: [35m::1 GET /api/v1/post/get_list_posts 500 95 - 116.893 ms[39m
[35m[39m
[09:23:48] [DEV] [[35mhttp[39m]: [35m::1 GET /api/v1/post/get_list_posts 500 85 - 209.209 ms[39m
[35m[39m
[09:28:24] [DEV] [[35mhttp[39m]: [35m::1 GET /api/v1/post/get_list_posts 500 95 - 184.361 ms[39m
[35m[39m
[09:33:25] [DEV] [[35mhttp[39m]: [35m::1 GET /api/v1/post/get_list_posts 500 129 - 466.159 ms[39m
[35m[39m
[09:34:34] [DEV] [[31merror[39m]: [31munhandledRejection: deadlock detected[39m
[31mError[39m
[31m    at Query.run (C:\Users\fptshop\Workspace\SNS-Deepfake\server\node_modules\sequelize\lib\dialects\postgres\query.js:50:25)[39m
[31m    at C:\Users\fptshop\Workspace\SNS-Deepfake\server\node_modules\sequelize\lib\sequelize.js:315:28[39m
[31m    at process.processTicksAndRejections (node:internal/process/task_queues:95:5)[39m
[31m    at async PostHistory.sync (C:\Users\fptshop\Workspace\SNS-Deepfake\server\node_modules\sequelize\lib\model.js:979:17)[39m
[09:34:34] [DEV] [[31merror[39m]: [31munhandledRejection: deadlock detected[39m
[31mError[39m
[31m    at Query.run (C:\Users\fptshop\Workspace\SNS-Deepfake\server\node_modules\sequelize\lib\dialects\postgres\query.js:50:25)[39m
[31m    at C:\Users\fptshop\Workspace\SNS-Deepfake\server\node_modules\sequelize\lib\sequelize.js:315:28[39m
[31m    at process.processTicksAndRejections (node:internal/process/task_queues:95:5)[39m
[31m    at async Feel.sync (C:\Users\fptshop\Workspace\SNS-Deepfake\server\node_modules\sequelize\lib\model.js:979:17)[39m
[09:34:34] [DEV] [[31merror[39m]: [31munhandledRejection: deadlock detected[39m
[31mError[39m
[31m    at Query.run (C:\Users\fptshop\Workspace\SNS-Deepfake\server\node_modules\sequelize\lib\dialects\postgres\query.js:50:25)[39m
[31m    at C:\Users\fptshop\Workspace\SNS-Deepfake\server\node_modules\sequelize\lib\sequelize.js:315:28[39m
[31m    at process.processTicksAndRejections (node:internal/process/task_queues:95:5)[39m
[31m    at async Mark.sync (C:\Users\fptshop\Workspace\SNS-Deepfake\server\node_modules\sequelize\lib\model.js:979:17)[39m
[09:34:34] [DEV] [[31merror[39m]: [31munhandledRejection: deadlock detected[39m
[31mError[39m
[31m    at Query.run (C:\Users\fptshop\Workspace\SNS-Deepfake\server\node_modules\sequelize\lib\dialects\postgres\query.js:50:25)[39m
[31m    at C:\Users\fptshop\Workspace\SNS-Deepfake\server\node_modules\sequelize\lib\sequelize.js:315:28[39m
[31m    at process.processTicksAndRejections (node:internal/process/task_queues:95:5)[39m
[31m    at async PostVideo.sync (C:\Users\fptshop\Workspace\SNS-Deepfake\server\node_modules\sequelize\lib\model.js:979:17)[39m
[09:34:34] [DEV] [[35mhttp[39m]: [35m::1 GET /api/v1/post/get_list_posts 200 20 - 1324.667 ms[39m
[35m[39m
[09:35:03] [DEV] [[35mhttp[39m]: [35m::1 GET /api/v1/post/get_list_posts 200 20 - 207.213 ms[39m
[35m[39m
[09:38:11] [DEV] [[35mhttp[39m]: [35m::1 GET /api/v1/post/get_list_posts 500 84 - 381.864 ms[39m
[35m[39m
[09:41:06] [DEV] [[35mhttp[39m]: [35m::1 GET /api/v1/post/get_list_posts 500 84 - 586.336 ms[39m
[35m[39m
[09:41:25] [DEV] [[35mhttp[39m]: [35m::1 GET /api/v1/post/get_list_posts 200 20 - 234.324 ms[39m
[35m[39m
[09:42:56] [DEV] [[35mhttp[39m]: [35m::1 GET /api/v1/post/get_list_posts 500 86 - 165.190 ms[39m
[35m[39m
[09:48:26] [DEV] [[35mhttp[39m]: [35m::1 GET /api/v1/post/get_list_posts 500 95 - 210.995 ms[39m
[35m[39m
[09:49:15] [DEV] [[35mhttp[39m]: [35m::1 GET /api/v1/post/get_list_posts 500 95 - 233.410 ms[39m
[35m[39m
[09:49:16] [DEV] [[35mhttp[39m]: [35m::1 GET /api/v1/post/get_list_posts 500 95 - 151.213 ms[39m
[35m[39m
[10:16:01] [DEV] [[35mhttp[39m]: [35m::1 GET /api/v1/post/get_list_posts 200 - - 1936.738 ms[39m
[35m[39m
[10:28:55] [DEV] [[35mhttp[39m]: [35m::1 PUT /api/v1/post/edit_post/50 401 54 - 71.816 ms[39m
[35m[39m
[10:29:27] [DEV] [[35mhttp[39m]: [35m::1 PUT /api/v1/post/edit_post/50 500 85 - 614.192 ms[39m
[35m[39m
[10:30:33] [DEV] [[35mhttp[39m]: [35m::1 PUT /api/v1/post/edit_post/52 500 74 - 39.886 ms[39m
[35m[39m
[10:32:30] [DEV] [[35mhttp[39m]: [35m::1 PUT /api/v1/post/edit_post/52 500 74 - 748.323 ms[39m
[35m[39m
[10:38:52] [DEV] [[35mhttp[39m]: [35m::1 PUT /api/v1/post/edit_post/52 400 55 - 546.903 ms[39m
[35m[39m
[10:41:31] [DEV] [[35mhttp[39m]: [35m::1 PUT /api/v1/post/edit_post/52 400 55 - 1571.355 ms[39m
[35m[39m
[10:41:36] [DEV] [[35mhttp[39m]: [35m::1 PUT /api/v1/post/edit_post/52 400 55 - 217.558 ms[39m
[35m[39m
[10:42:38] [DEV] [[35mhttp[39m]: [35m::1 PUT /api/v1/post/edit_post/52 400 55 - 721.875 ms[39m
[35m[39m
[10:42:47] [DEV] [[35mhttp[39m]: [35m::1 PUT /api/v1/post/edit_post/52 400 55 - 134.420 ms[39m
[35m[39m
[10:42:59] [DEV] [[35mhttp[39m]: [35m::1 PUT /api/v1/post/edit_post/52 400 55 - 191.096 ms[39m
[35m[39m
[10:44:02] [DEV] [[35mhttp[39m]: [35m::1 PUT /api/v1/post/edit_post/52 400 55 - 612.194 ms[39m
[35m[39m
[10:44:09] [DEV] [[35mhttp[39m]: [35m::1 PUT /api/v1/post/edit_post/52 400 55 - 127.967 ms[39m
[35m[39m
[10:44:34] [DEV] [[35mhttp[39m]: [35m::1 PUT /api/v1/post/edit_post/52 400 55 - 179.955 ms[39m
[35m[39m
[10:44:42] [DEV] [[35mhttp[39m]: [35m::1 PUT /api/v1/post/edit_post/52 400 55 - 123.049 ms[39m
[35m[39m
[10:46:24] [DEV] [[35mhttp[39m]: [35m::1 PUT /api/v1/post/edit_post/51 400 55 - 608.107 ms[39m
[35m[39m
[10:46:48] [DEV] [[35mhttp[39m]: [35m::1 PUT /api/v1/post/edit_post/40 400 55 - 563.154 ms[39m
[35m[39m
[10:47:59] [DEV] [[35mhttp[39m]: [35m::1 PUT /api/v1/post/edit_post/40 400 55 - 150.062 ms[39m
[35m[39m
[10:49:15] [DEV] [[35mhttp[39m]: [35m::1 PUT /api/v1/post/edit_post/40 400 55 - 639.070 ms[39m
[35m[39m
[10:49:20] [DEV] [[35mhttp[39m]: [35m::1 PUT /api/v1/post/edit_post/40 400 55 - 202.824 ms[39m
[35m[39m
[10:50:31] [DEV] [[35mhttp[39m]: [35m::1 PUT /api/v1/post/edit_post/38 400 55 - 1109.597 ms[39m
[35m[39m
[10:50:49] [DEV] [[35mhttp[39m]: [35m::1 PUT /api/v1/post/edit_post/42 400 55 - 701.815 ms[39m
[35m[39m
[10:51:22] [DEV] [[35mhttp[39m]: [35m::1 PUT /api/v1/post/edit_post/42 400 55 - 228.373 ms[39m
[35m[39m
[10:53:32] [DEV] [[35mhttp[39m]: [35m::1 PUT /api/v1/post/edit_post/42 401 58 - 18.098 ms[39m
[35m[39m
[10:53:40] [DEV] [[35mhttp[39m]: [35m::1 PUT /api/v1/post/edit_post/42 400 55 - 856.045 ms[39m
[35m[39m
[10:56:28] [DEV] [[35mhttp[39m]: [35m::1 PUT /api/v1/post/edit_post/42 400 55 - 207.252 ms[39m
[35m[39m
[11:01:03] [DEV] [[35mhttp[39m]: [35m::1 PUT /api/v1/post/edit_post/42 400 55 - 628.731 ms[39m
[35m[39m
[11:01:10] [DEV] [[35mhttp[39m]: [35m::1 PUT /api/v1/post/edit_post/42 400 55 - 447.093 ms[39m
[35m[39m
[11:03:02] [DEV] [[35mhttp[39m]: [35m::1 PUT /api/v1/post/edit_post/42 400 55 - 156.493 ms[39m
[35m[39m
[11:03:31] [DEV] [[35mhttp[39m]: [35m::1 PUT /api/v1/post/edit_post/42 400 55 - 677.805 ms[39m
[35m[39m
[16:05:35] [DEV] [[35mhttp[39m]: [35m::1 PUT /api/v1/post/edit_post/42 400 55 - 609.431 ms[39m
[35m[39m
[16:06:22] [DEV] [[35mhttp[39m]: [35m::1 PUT /api/v1/post/edit_post/42 400 55 - 773.554 ms[39m
[35m[39m
[16:07:38] [DEV] [[35mhttp[39m]: [35m::1 GET /api/v1/post/get_post/52 200 446 - 962.070 ms[39m
[35m[39m
[16:10:35] [DEV] [[35mhttp[39m]: [35m::1 GET /api/v1/post/get_post/52 200 446 - 296.642 ms[39m
[35m[39m
[16:10:42] [DEV] [[35mhttp[39m]: [35m::1 PUT /api/v1/post/edit_post/42 400 55 - 282.307 ms[39m
[35m[39m
[16:13:39] [DEV] [[35mhttp[39m]: [35m::1 PUT /api/v1/post/edit_post/42 400 55 - 565.135 ms[39m
[35m[39m
[16:13:44] [DEV] [[35mhttp[39m]: [35m::1 PUT /api/v1/post/edit_post/42 400 55 - 225.894 ms[39m
[35m[39m
[16:13:59] [DEV] [[35mhttp[39m]: [35m::1 PUT /api/v1/post/edit_post/42 400 55 - 905.818 ms[39m
[35m[39m
[16:16:39] [DEV] [[35mhttp[39m]: [35m::1 POST /api/v1/post/add_post 401 54 - 22.793 ms[39m
[35m[39m
[16:16:55] [DEV] [[31merror[39m]: [31munhandledRejection: Validation error[39m
[31mError[39m
[31m    at Query.run (C:\Users\fptshop\Workspace\SNS-Deepfake\server\node_modules\sequelize\lib\dialects\postgres\query.js:50:25)[39m
[31m    at C:\Users\fptshop\Workspace\SNS-Deepfake\server\node_modules\sequelize\lib\sequelize.js:315:28[39m
[31m    at process.processTicksAndRejections (node:internal/process/task_queues:95:5)[39m
[31m    at async PostgresQueryInterface.insert (C:\Users\fptshop\Workspace\SNS-Deepfake\server\node_modules\sequelize\lib\dialects\abstract\query-interface.js:308:21)[39m
[31m    at async model.save (C:\Users\fptshop\Workspace\SNS-Deepfake\server\node_modules\sequelize\lib\model.js:2490:35)[39m
[31m    at async PostImage.create (C:\Users\fptshop\Workspace\SNS-Deepfake\server\node_modules\sequelize\lib\model.js:1362:12)[39m
[16:16:56] [DEV] [[31merror[39m]: [31munhandledRejection: Validation error[39m
[31mError[39m
[31m    at Query.run (C:\Users\fptshop\Workspace\SNS-Deepfake\server\node_modules\sequelize\lib\dialects\postgres\query.js:50:25)[39m
[31m    at C:\Users\fptshop\Workspace\SNS-Deepfake\server\node_modules\sequelize\lib\sequelize.js:315:28[39m
[31m    at process.processTicksAndRejections (node:internal/process/task_queues:95:5)[39m
[31m    at async PostgresQueryInterface.insert (C:\Users\fptshop\Workspace\SNS-Deepfake\server\node_modules\sequelize\lib\dialects\abstract\query-interface.js:308:21)[39m
[31m    at async model.save (C:\Users\fptshop\Workspace\SNS-Deepfake\server\node_modules\sequelize\lib\model.js:2490:35)[39m
[31m    at async PostImage.create (C:\Users\fptshop\Workspace\SNS-Deepfake\server\node_modules\sequelize\lib\model.js:1362:12)[39m
[16:16:56] [DEV] [[31merror[39m]: [31munhandledRejection: Validation error[39m
[31mError[39m
[31m    at Query.run (C:\Users\fptshop\Workspace\SNS-Deepfake\server\node_modules\sequelize\lib\dialects\postgres\query.js:50:25)[39m
[31m    at C:\Users\fptshop\Workspace\SNS-Deepfake\server\node_modules\sequelize\lib\sequelize.js:315:28[39m
[31m    at process.processTicksAndRejections (node:internal/process/task_queues:95:5)[39m
[31m    at async PostgresQueryInterface.insert (C:\Users\fptshop\Workspace\SNS-Deepfake\server\node_modules\sequelize\lib\dialects\abstract\query-interface.js:308:21)[39m
[31m    at async model.save (C:\Users\fptshop\Workspace\SNS-Deepfake\server\node_modules\sequelize\lib\model.js:2490:35)[39m
[31m    at async PostImage.create (C:\Users\fptshop\Workspace\SNS-Deepfake\server\node_modules\sequelize\lib\model.js:1362:12)[39m
[16:16:56] [DEV] [[31merror[39m]: [31munhandledRejection: Validation error[39m
[31mError[39m
[31m    at Query.run (C:\Users\fptshop\Workspace\SNS-Deepfake\server\node_modules\sequelize\lib\dialects\postgres\query.js:50:25)[39m
[31m    at C:\Users\fptshop\Workspace\SNS-Deepfake\server\node_modules\sequelize\lib\sequelize.js:315:28[39m
[31m    at process.processTicksAndRejections (node:internal/process/task_queues:95:5)[39m
[31m    at async PostgresQueryInterface.insert (C:\Users\fptshop\Workspace\SNS-Deepfake\server\node_modules\sequelize\lib\dialects\abstract\query-interface.js:308:21)[39m
[31m    at async model.save (C:\Users\fptshop\Workspace\SNS-Deepfake\server\node_modules\sequelize\lib\model.js:2490:35)[39m
[31m    at async PostImage.create (C:\Users\fptshop\Workspace\SNS-Deepfake\server\node_modules\sequelize\lib\model.js:1362:12)[39m
[16:16:56] [DEV] [[35mhttp[39m]: [35m::1 POST /api/v1/post/add_post 201 52 - 1614.409 ms[39m
[35m[39m
[16:18:08] [DEV] [[35mhttp[39m]: [35m::1 PUT /api/v1/post/edit_post/54 400 76 - 330.095 ms[39m
[35m[39m
[16:20:04] [DEV] [[31merror[39m]: [31munhandledRejection: deadlock detected[39m
[31mError[39m
[31m    at Query.run (C:\Users\fptshop\Workspace\SNS-Deepfake\server\node_modules\sequelize\lib\dialects\postgres\query.js:50:25)[39m
[31m    at C:\Users\fptshop\Workspace\SNS-Deepfake\server\node_modules\sequelize\lib\sequelize.js:315:28[39m
[31m    at process.processTicksAndRejections (node:internal/process/task_queues:95:5)[39m
[31m    at async PostVideo.sync (C:\Users\fptshop\Workspace\SNS-Deepfake\server\node_modules\sequelize\lib\model.js:979:17)[39m
[16:20:04] [DEV] [[31merror[39m]: [31munhandledRejection: deadlock detected[39m
[31mError[39m
[31m    at Query.run (C:\Users\fptshop\Workspace\SNS-Deepfake\server\node_modules\sequelize\lib\dialects\postgres\query.js:50:25)[39m
[31m    at C:\Users\fptshop\Workspace\SNS-Deepfake\server\node_modules\sequelize\lib\sequelize.js:315:28[39m
[31m    at process.processTicksAndRejections (node:internal/process/task_queues:95:5)[39m
[31m    at async PostImage.sync (C:\Users\fptshop\Workspace\SNS-Deepfake\server\node_modules\sequelize\lib\model.js:979:17)[39m
[16:20:04] [DEV] [[31merror[39m]: [31munhandledRejection: deadlock detected[39m
[31mError[39m
[31m    at Query.run (C:\Users\fptshop\Workspace\SNS-Deepfake\server\node_modules\sequelize\lib\dialects\postgres\query.js:50:25)[39m
[31m    at C:\Users\fptshop\Workspace\SNS-Deepfake\server\node_modules\sequelize\lib\sequelize.js:315:28[39m
[31m    at process.processTicksAndRejections (node:internal/process/task_queues:95:5)[39m
[31m    at async Mark.sync (C:\Users\fptshop\Workspace\SNS-Deepfake\server\node_modules\sequelize\lib\model.js:979:17)[39m
[16:20:05] [DEV] [[35mhttp[39m]: [35m::1 PUT /api/v1/post/edit_post/54 400 76 - 2846.430 ms[39m
[35m[39m
[16:20:53] [DEV] [[35mhttp[39m]: [35m::1 PUT /api/v1/post/edit_post/54 400 76 - 369.262 ms[39m
[35m[39m
[16:22:51] [DEV] [[35mhttp[39m]: [35m::1 PUT /api/v1/post/edit_post/54 400 55 - 997.915 ms[39m
[35m[39m
[16:24:55] [DEV] [[35mhttp[39m]: [35m::1 PUT /api/v1/post/edit_post/54 400 55 - 328.253 ms[39m
[35m[39m
[16:26:21] [DEV] [[35mhttp[39m]: [35m::1 PUT /api/v1/post/edit_post/54 500 127 - 678.807 ms[39m
[35m[39m
[16:29:00] [DEV] [[35mhttp[39m]: [35m::1 PUT /api/v1/post/edit_post/54 500 127 - 782.847 ms[39m
[35m[39m
[16:30:28] [DEV] [[35mhttp[39m]: [35m::1 PUT /api/v1/post/edit_post/54 500 127 - 1425.819 ms[39m
[35m[39m
[16:30:38] [DEV] [[35mhttp[39m]: [35m::1 PUT /api/v1/post/edit_post/54 500 127 - 508.805 ms[39m
[35m[39m
[16:32:33] [DEV] [[35mhttp[39m]: [35m::1 PUT /api/v1/post/edit_post/54 500 127 - 1406.503 ms[39m
[35m[39m
[16:37:05] [DEV] [[35mhttp[39m]: [35m::1 PUT /api/v1/post/edit_post/54 500 127 - 616.623 ms[39m
[35m[39m
[16:38:35] [DEV] [[35mhttp[39m]: [35m::1 PUT /api/v1/post/edit_post/54 500 56 - 1760.943 ms[39m
[35m[39m
[16:38:48] [DEV] [[35mhttp[39m]: [35m::1 PUT /api/v1/post/edit_post/54 500 56 - 594.731 ms[39m
[35m[39m
[22:39:48] [DEV] [[35mhttp[39m]: [35m::1 POST /api/v1/post/add_post 400 116 - 54.550 ms[39m
[35m[39m
[22:40:23] [DEV] [[35mhttp[39m]: [35m::1 POST /api/v1/post/add_post 400 116 - 13.752 ms[39m
[35m[39m
[22:41:03] [DEV] [[35mhttp[39m]: [35m::1 POST /api/v1/post/add_post 400 71 - 801.675 ms[39m
[35m[39m
[22:42:05] [DEV] [[35mhttp[39m]: [35m::1 POST /api/v1/post/add_post 400 71 - 171.344 ms[39m
[35m[39m
[22:42:07] [DEV] [[35mhttp[39m]: [35m::1 POST /api/v1/post/add_post 400 71 - 96.395 ms[39m
[35m[39m
[22:42:38] [DEV] [[35mhttp[39m]: [35m::1 POST /api/v1/post/add_post 400 71 - 135.868 ms[39m
[35m[39m
[22:44:29] [DEV] [[35mhttp[39m]: [35m::1 POST /api/v1/post/add_post 400 71 - 162.570 ms[39m
[35m[39m
[22:44:30] [DEV] [[35mhttp[39m]: [35m::1 POST /api/v1/post/add_post 400 71 - 108.890 ms[39m
[35m[39m
[22:44:32] [DEV] [[35mhttp[39m]: [35m::1 POST /api/v1/post/add_post 400 71 - 92.954 ms[39m
[35m[39m
[22:45:08] [DEV] [[35mhttp[39m]: [35m::1 POST /api/v1/post/add_post 400 71 - 144.340 ms[39m
[35m[39m
[22:48:02] [DEV] [[35mhttp[39m]: [35m::1 POST /api/v1/upload/images 201 163 - 143.351 ms[39m
[35m[39m
[22:48:20] [DEV] [[35mhttp[39m]: [35m::1 POST /api/v1/upload/videos 201 181 - 37.149 ms[39m
[35m[39m
[22:49:24] [DEV] [[35mhttp[39m]: [35m::1 POST /api/v1/post/add_post 400 71 - 618.474 ms[39m
[35m[39m
[22:50:54] [DEV] [[35mhttp[39m]: [35m::1 POST /api/v1/post/add_post 400 71 - 155.196 ms[39m
[35m[39m
[22:51:21] [DEV] [[31merror[39m]: [31munhandledRejection: Validation error[39m
[31mError[39m
[31m    at Query.run (C:\Users\fptshop\Workspace\SNS-Deepfake\server\node_modules\sequelize\lib\dialects\postgres\query.js:50:25)[39m
[31m    at C:\Users\fptshop\Workspace\SNS-Deepfake\server\node_modules\sequelize\lib\sequelize.js:315:28[39m
[31m    at process.processTicksAndRejections (node:internal/process/task_queues:95:5)[39m
[31m    at async PostgresQueryInterface.insert (C:\Users\fptshop\Workspace\SNS-Deepfake\server\node_modules\sequelize\lib\dialects\abstract\query-interface.js:308:21)[39m
[31m    at async model.save (C:\Users\fptshop\Workspace\SNS-Deepfake\server\node_modules\sequelize\lib\model.js:2490:35)[39m
[31m    at async PostImage.create (C:\Users\fptshop\Workspace\SNS-Deepfake\server\node_modules\sequelize\lib\model.js:1362:12)[39m
[22:51:21] [DEV] [[35mhttp[39m]: [35m::1 POST /api/v1/post/add_post 201 51 - 1736.708 ms[39m
[35m[39m
[22:56:29] [DEV] [[35mhttp[39m]: [35m::1 GET /api/v1/post/get_post/52 200 446 - 715.777 ms[39m
[35m[39m
[22:57:23] [DEV] [[35mhttp[39m]: [35m::1 GET /api/v1/post/get_post/52 200 - - 217.420 ms[39m
[35m[39m
[23:15:38] [DEV] [[35mhttp[39m]: [35m::1 GET /api/v1/post/get_post/52 200 - - 1046.259 ms[39m
[35m[39m
[23:17:31] [DEV] [[35mhttp[39m]: [35m::1 GET /api/v1/post/get_post/52 200 - - 664.494 ms[39m
[35m[39m
[23:58:46] [DEV] [[35mhttp[39m]: [35m::1 GET /api/v1/post/get_list_posts 200 - - 1057.759 ms[39m
[35m[39m
